$ bun --hot index.ts
🚀 WhatsApp Service starting on port 3004
📡 API available at http://localhost:3004

📱 Scan this QR code with WhatsApp:
━━━━━━━━━━━━━━━━━━━━━━━━━━━━━━━━━━━━━━━━
▄▄▄▄▄▄▄▄▄▄▄▄▄▄▄▄▄▄▄▄▄▄▄▄▄▄▄▄▄▄▄▄▄▄▄▄▄▄▄▄▄▄▄▄▄▄▄▄▄▄▄▄▄▄▄▄▄▄▄
█ ▄▄▄▄▄ █▄▀████▄▀█▄▄ ▀▀▄█ ▄▀▀▀ ▄ ▄▀▀▄▀▄▀██ ▄ ▀ ▄ ██ ▄▄▄▄▄ █
█ █   █ █   ▀█▀▄██▀ ▄███▀▀ █▄██  ▄ ▄▀  ▄█▄█▄ █▀▄ ██ █   █ █
█ █▄▄▄█ █▄ ▀ ▄█▀▀▀ █ ▀▄▄ █▀ ▄▄▄ ▄▀ ▀▀█ ▄█ ██▄ ▄▀▄██ █▄▄▄█ █
█▄▄▄▄▄▄▄█▄▀▄▀▄█▄█▄█ ▀▄▀ ▀▄█ █▄█ ▀ ▀ █ █▄▀▄█▄█ █▄█ █▄▄▄▄▄▄▄█
█   ▄█▀▄▀▄ █▄█▀███ ▀█▄▄ ▀ ▀▄     █ ▄▀█▄█▄ █▀████   █▀▄▄ ▀ █
█▀ █▄▀█▄ ▀████ ▀ ▀ ██ ▄▄▄▄████  ▀▄█▄▄█ ▀ █▀▄▀ ▀ ▄▄▀▄█  ▄▄▄█
█   █ █▄▄ █▀██▄ ▄▄█▄  █▄██  ███▀ ▀▀▄▄   ▀█▄█ █ ▄██ ▀▀▀█▄▄▀█
█  ▀ █▄▄ ▀██▄▄▄  ▄▄▀▄▄▄▄▀▀██▀▄███▄▀██▀▀█ ▀  ▀▀██▀  ▄▄ █▀▀██
█▀ ▄▄█▄▄▀▀█ █▄▄ ▄ ██▄▄ █ ▄ █▄▄▀█ ▄▄ ▀██▄▄▀ ▄  ▀  ▄ ▄ █▀ ▀ █
█ ▀█▄ █▄█▀ ▀▀▀▀▀▀▄▄▄█▄▄ ▀   █  ▄▄▀▀▄█ ▀▄█▀████ ▀▀▀  ▀▀▀█ ▀█
█▄▀▀▀ ▄▄█  ▄▄▀ ██ ▀███ ▄▀█▀▀▄   ▀█▀█ █ ▄▄▄▀ █▀█▄▄  ▄  █ ▀ █
█ ▄▄ ▀ ▄█▄▄▀▄▄  ▀▄▄▄ ▄█   █▀▄ ▀▄ ▄ ▄▄▀█▄▀▄▀██  ▄▀██ ▀▀▀██ █
█ ▄█ ██▄ ███ ██▀▀█  █ █▀█▄█▀█▀█▄▄▄▄█  ▀▀ ▀▄█▄█ ▄██▀ ██▀█ ▄█
█▀ ▄▄ ▄▄▄ ▄▀▄▄█▀▀ ▄▄▀▀█▄▄▄  ▄▄▄ █ ▄█ ▀▀▄ ▄▄▀▀▀███ ▄▄▄ ▀▀▄▀█
█▀▀▄▀ █▄█ ▄ ▀▀ █  █▄▄█▀▀ ██ █▄█    ▀▀██▄▄█▄█▄▄ ▀▀ █▄█ █▄█▀█
██ ▄▀▄ ▄▄  ▄█ ▄▀█ █▀▄▀▄█▀▀▄▄▄▄▄▄ █ ▀▄ ▀  █ ▀██▄█▄▄▄▄▄ ▄█▀▀█
█ ▀██▀ ▄▄▄█▄██▄▄█▄▄▀▀▄▄▄▀▀██ █▀▀▄▀ ▄ █▀▄    ██▄█▀▀▀▀▄▄▀█▄██
█▀▀▀▄▄█▄ ▀ █ ▄  ██ ▀▄▀ █▀ ▄ ▀  █▄ █ ▄▀ ▄█▄▀█▀ ▄█▀▀▄▄ █▀▄  █
██ ▄█▄▄▄  ▀▄▀██▄██  ▀█▀▀ ▄█████▄▀▀ ▄▄▄  ██▄▄▄▀ █▀▄▄▀█▄  █▄█
███▄ █▄▄▄█ ▄ ▀▄▀ ▄▀▀  ██▄▀▄▄ ▄▄▀▀▄▀█▀█▄██ █▄▄██▀███▀█▄▄ █▄█
█▀▀▀ █ ▄▀▀▄▀ ▄▄  ▀ ▀ █ ▀ ▄▀ ▀▀ ██▄▄▀ ▀▄█▀▀▀█▄ ▀ ▄██ ▀ █ ▀▄█
█  █▄▄▀▄▄▀ ██ █  ▀█▄███ ▀ ███▄▄▄██ ▀█   ▀▄▄▄▄▀ ▀▄ ▀█▄▀██▄██
██▄▄█▀ ▄█ ▄  ▄██▀█▀▀▀▄ █ ▀█▀ █▄▀██▄▄█▀ ▄ ▄▀▀▀▀████▀ ██▀▀ ▀█
█ ▀ ▀▀▄▄▀▀█▄  ▄██▄▀▀█▄ █▄  ▀█ ██▀ ▀▄▀█▀█▀▄▄█▄ █ ▄▀▄▄▀▀▀██ █
███████▄▄  ▄▀▀ █▀▄▄▄▀▀▀▀▀█  ▄▄▄ ▄▀ █ ▄▀ ▀███▄████ ▄▄▄  ▀█ █
█ ▄▄▄▄▄ ██▀ ██▄▄▄▄ ▀▀█▀▀█▄█ █▄█ █▀▄ ▀▀▀█▄▀▀█▀█▄▀  █▄█ ▀ ▀██
█ █   █ █▀█▄██▀▀▀██▀ ▄▀█ ▀ ▄      ▄▀▀▀██▄▀█▄▄ ▀▀    ▄ ▄▀▀██
█ █▄▄▄█ █   █ █▄  ▀█▄▀▄▄█▀▀▀▀▀█▀█▀▀ ██▄███▄██ ▀█▄ ▀▀▀█▄▄█▀█
█▄▄▄▄▄▄▄█▄▄▄█▄▄▄██▄██▄█▄▄███▄▄███▄██▄█▄▄▄▄████▄████▄█▄█████

━━━━━━━━━━━━━━━━━━━━━━━━━━━━━━━━━━━━━━━━
Open WhatsApp > Settings > Linked Devices > Link a Device

✅ QR code image generated for web display

📱 Scan this QR code with WhatsApp:
━━━━━━━━━━━━━━━━━━━━━━━━━━━━━━━━━━━━━━━━
▄▄▄▄▄▄▄▄▄▄▄▄▄▄▄▄▄▄▄▄▄▄▄▄▄▄▄▄▄▄▄▄▄▄▄▄▄▄▄▄▄▄▄▄▄▄▄▄▄▄▄▄▄▄▄▄▄▄▄
█ ▄▄▄▄▄ █▄▀███▄▄▀██▄ █▀█ ▄▄▀▀▀ ▄ ▄█▀▀▀▄▀▄   ▄█ ▄ ██ ▄▄▄▄▄ █
█ █   █ █   █▀▀▄▄▄▀ ████   █▄██ ▀▄ ▄▀▀ ▄███▄█▄▀▄ ██ █   █ █
█ █▄▄▄█ █▄▄▀ ██▀▀▀ █ ▀▄▄ █▀ ▄▄▄ ▀█ ▀██ ▄  ██▀ ▄▀▄██ █▄▄▄█ █
█▄▄▄▄▄▄▄█▄▀▄▀▄█▄█▄█ ▀▄▀ ▀▄█ █▄█ ▀ ▀ █ █▄▀▄█▄█ █▄█ █▄▄▄▄▄▄▄█
█   ▄▀▀▄█ █▀█ ▀███ ▀█▄▄ ▀ ▀▄     █ ▄▀█▄█▄ █▀████▄  █▀▄▄ ▀ █
█▀ █▄▀▄▄ ▄█ ▄  ▀ ▀ ██ ▄▄▄▄▄▄▀▀  ▀▄▀ ▄█▄▀ ██▄▀ █  █▀███ ▄▄▄█
█  █▄ █▄▀▀█▀██▄ ▄▄█▄  █▄██▀ ███▀ ▀██▄ ▀ ▀█ █ █ ▄██ ▀▀▀█ ▄▀█
█▄ ▀▄█▄▄  ██▄▄▄  ▄█ ▄▄██▀▀██ ▄▀▀█▄▄██▀▄▀ ██ ▀███ ▀ ▄▄▀▀▀▀██
███▀▄█▄▄▀▀█ █▄▄   ██▄█▄█ ▄ █▄▄▀█ ▄▄ ▀█▄█▄█ ▄▄    ▄ ▄ █▀ ▀ █
█▀ ▄▀ ▀▄█▀ ▀▀▀▀▀▀▄▄▄▄ ▄ █▀  █ ▀▄ █▀▄█  █  ██▄   ▀▀▄▄▀▀▀█▄██
█▀ ▀▀ ▀▄█  ▄▀▄ ██ ▀███ ▄▀█▀▀▄    ▀▀█▄▀ ▄▀▄▀ ▀██▄▄ ▀▄  █ ▀ █
█ ▄▄ ▀ ▄▀ █ █▀ █▀▄▄▄ ▄█   █▀▄ ▀▄▀█ ▄█▀█▄▀█▀██▀ ▄▀█▀ ▀▀▀██ █
█ ▄█ ██▄ █▀▀   ▄▀█  █ █▀█▄▀▀█▀█▄▄▄▄█  ▀▀ ▀▄█▄█ ▄█▄ ▀▀█▀█ ▄█
█▀ ▄▄ ▄▄▄ █▀ ▄▄▀▀ ▄▄▀▀█▄▄▄█ ▄▄▄ █  █ ▀▀▄ ▄ █▀▀▀▀█ ▄▄▄ ▀▀▄▀█
█▀▀ █ █▄█ ▄█▀▀▀   █▄▄█▀▀ ██ █▄█   █▀▀█▄█▄█▀▄▄▄▄▀▀ █▄█ █▀█▀█
██▄▀█▄ ▄▄  ▄█ ▄▀█ █▀▄▀  ▀▀▄ ▄▄▄▄ █   ▄█▀▄█████▄ ▄ ▄▄  ██▀▀█
█▄▀ ▄▀ ▄▀▄█▄██▄▄ █ █ █▄ ▀▀████▀▀▄▀ ▄ █ █▄ ▀▀▀████ ▀▀█▄▀▄▄▀█
█▄▄  ▄█▄█  █ ▄   ▄ ▀ ▄ ██▄▄  ▀ █ ▄█ █▄ ▄   ▄▀█▄█▀▀▄▄█▄▀▄  █
█ ▄▄█▄▄▄  ▀▄▄██▄██  ▀█▀▀ ▄████ █ █ ▄▄   ▀█▄▄ █ █▀▄▄▀█▄  █▄█
███▄ █▄▄▄█▀ █▄█  ▄▀▀  ██▄▀▄▄ ▄██▀▄▀█ █▄█▄▀█▄▄██▀███▀█▄▄ █▄█
█▀▀▀  ▄▄▀▀▀ █▄▀█ ▀ ▀ █ ▀ ▄▀ ▀▀ ██▄▄▀ ▀▄█▀▀▀█▄ ▀ ▄██ ▀ █▄▀▄█
█  █▄ ▄▄▄▀█▄▄█▄█ ▀█▄███ ▀ ███▄▄▄██▄▀█ ▄▄▀▄ ▄▄▀ ▀   ▀▄▀██▄██
██▄▄ ▄█▄▀ ▀█ ▄█ ▀█▀▀▀▄ █ ▀█▄ █▄▀██▄██▀▄▄ ▄ ▀▀▀▄███▄ ██ ▀ ▀█
█ ▀ ▀▀▄▄█▀█▄  ▄██▄▄██▄▀▀▄  ▀█ ██▀ ▀██▀ ▀█ ▄   ▄█▀▀   █ ▄█ █
███████▄▄  ▄▀▀ █ █   ▀██▄█  ▄▄▄ ▄▀ █▀▄▀ ▀█▄█ ▀ ██ ▄▄▄ ▀▀█▄█
█ ▄▄▄▄▄ ██▀ ██▄▄ ▀ ▀▄▀▀▀█▀█ █▄█ █▀▄    ▄▀▀ █▄█▄▀▄ █▄█ ▀ ▀██
█ █   █ █▀█▄█▀▀▀▀██▀ ▄▀█ ▀ ▄    █▄▄▀████▄██▄▄ ▀▀    ▄ ▄▀▀▄█
█ █▄▄▄█ █   ▄▀▄   ▀█▄▀▄▄█▀▀▀▀▀█▀▄▀▀ ▄▄▄███▄█▄▀▀█▄ ▀▀█▀▄▄█▀█
█▄▄▄▄▄▄▄█▄█▄▄▄████▄██▄█▄▄███▄████▄██▄█▄▄▄▄████▄████▄███████

━━━━━━━━━━━━━━━━━━━━━━━━━━━━━━━━━━━━━━━━
Open WhatsApp > Settings > Linked Devices > Link a Device

✅ QR code image generated for web display

📱 Scan this QR code with WhatsApp:
━━━━━━━━━━━━━━━━━━━━━━━━━━━━━━━━━━━━━━━━
▄▄▄▄▄▄▄▄▄▄▄▄▄▄▄▄▄▄▄▄▄▄▄▄▄▄▄▄▄▄▄▄▄▄▄▄▄▄▄▄▄▄▄▄▄▄▄▄▄▄▄▄▄▄▄▄▄▄▄
█ ▄▄▄▄▄ █▄▀█████▀▀█▄ █▀█  ▄▀▀▀ ▄ ▄▀██ ▀██▄  ▄▀ ▄ ██ ▄▄▄▄▄ █
█ █   █ █   ▀▀▀▄██▀ ████▀  █▄██ ▀▄ ▄▄  ▄▄██▄ ▄▀▄ ██ █   █ █
█ █▄▄▄█ █▄▄█▀▄█▀▀▀ █ ▀▄▄ █▀ ▄▄▄ ▀  ▀█  ▄█▄██▀▀▄▀▄██ █▄▄▄█ █
█▄▄▄▄▄▄▄█▄█ ▀▄█▄█▄█ ▀▄▀ ▀▄█ █▄█ ▀ ▀ █ █▄▀▄█▄█ █▄█ █▄▄▄▄▄▄▄█
█   ▄▀█▄▀ ▀ ▀ ▀███ ▀█▄▄ ▀ █      █ ▄▀█▄█▄ █▀████▀  █▀▄▄ ▀ █
█▀ █▄ ▄▄▄  ▀▄▀ ▀ ▀ ██ ▄▄▄▄█▄█▀  ▀▄█ ▄█▄█ ██ ▀ █▄  ▀███ ▄▄▄█
█  ██ █▄▀▀▄▄██▄ ▄▄█▄  █▄██▀▀█▀█▀ ▀ ▄▄   ▀█▄▄ █▄▄█▄ ▀█▀▀ ▄▀█
██ ▀▄█▄▄  ██▄▄▄  ▄  ▄▄▄ ▀▀██▀██▀█▄▀▀████▄▀▀ ▀█▄█▀█ ▄█▀▀ ▀██
█ ▀▄ █▄▄▀▀█ █▄▄ █ █▀█▄▀█ ▄ █▄▄▀▄ ▄▄▀███▄▀█▀█     ▄ ▄ █ ▀█ █
█ ▀▄▄ █▄█▀ ▀▀▀▀▀▀█▄▄█▄▄ ▀   █ ▀█▄█▀▄▀█ ▄▀ █▄▄ ▀ ▀▀▄ ▀▀▀█▄▀█
█▄▀▀▀ █▄█  ▄▄  ██ ▀███ ▄▀█▀▀▄   █▀▀█▄█ ▄▄▄▀ █▀█▄▄ ▄▄  █ ▀▀█
█ ▄▄  ▀▄▀   ▀▀▄█▀▄▄▄ ▄█   █▀▄ ▀▄ █ ▄█▀█▄▀█▀██▀ ▄▀█ █▀█▀██ █
█ ▄█ ▄▄▄█▀ ▀█▄ █▀█  █ █▀█▄███▀█▄▄▄▄█  ▀▀ ▀▄█▄█ ▄█▄  █▀▀█ ▄█
█▀ ▄▄ ▄▄▄ ▀ ▄█ ▀▀ ▄▄▀▀█▄▄▄▄ ▄▄▄ █ ▄█ ▀▀▄ ▄▄█▀▀██▀ ▄▄▄ ▀▀▄▀█
█▀▀ █ █▄█ ▄ ▀▀ ▀  █▄▄█▀▀ ██ █▄█     ▀███▄█▄█▄▄  █ █▄█ █▀█▀█
█▄█ ▄▄▄▄▄  ▄█ ▄▀█ █▄▄▀▀█▀▀▄ ▄▄▄▄ █  ▄   ▄▀▄▀█▀ ▄▀  ▄▄▄█▄▀▀█
█ ▄██▀ ▄ ▀█▄██▄▄█▄▀█ █▄▄  ████▀▀▄▀ ▄▀███▀▄▀ █▀██▀█▀▀▄▄ █▄▀█
█▄██▀▄█▄ ▀ █ ▄  ▄▄ ▀ █ █▀▀▄ █  █ ▄█ ▄█▀█▀  ▄▀█▄█ ▀▄▄▄█▀▄▄ █
█ █▄█▄▄▄  ▀▄█ █▄██  ▀█▀▀ ▄█████  ▀ ▄ ▄  ▀▀▄▄ █ █▀▄▄▀█▄  ▄██
███▄ █▄▄▄█ █▀▀▄█ ▄▀▀  ██▄▀▄▄ ▄▄█▀█▀█▀▄▄██ █▄▄▄█▀███▀█▄▄ █▄█
█▀▀▀ ▀▀▄▀▀█▄▀▄▀▄ ▀ ▀ █ ▀ ▄▀ ▀▀ ██▄▄▀ ▀▄█▀▀▀█▄ ▀ ▄██▄▀ ▀▄▀▄█
█  █▄▀▄▄▄▀▄   ▀▀ ▀█▄███ ▀ ▀██▄▄▄██▄██ ▄ ▀▄  ▄▀▄▀  ▀█▄▀▄█▄██
██▄▀█▀▄▄█ ▄█ ▄▄█▀█▀▀▀▄ █ ▀█  █▄▀██▄██▀ ▄ ▄▀▀▀▀▄▄▀█▄▄▄▄▄  ▀█
█ ▀ ▀▀▄▄ ▄█▄  ▄██▄▀██▄█ ▄ ▀██ ██▀ ▀█▀█▀▀▀▄▄   ▀▀▄   ▀  ██ █
███████▄▄▀ ▄▀▀ █ ▄  ▀▀█▀██  ▄▄▄ ▄▀ █▄ ▄ █▀▄█ ▀ ▄▀ ▄▄▄ ▀ ▀▄█
█ ▄▄▄▄▄ ██▀ ██▄▄   ▀ █▀▀█▄█ █▄█ ▀▀▄    ▄█ ▀██▀▄ ▄ █▄█ ▀ █▀█
█ █   █ █▀█▄▄▄▀▀▀██▀ ▄▀█ ▀ ▄      ▄▀▀▀██▄██▄  ▀▀     ▄▄▀▀██
█ █▄▄▄█ █ ▄▄▄ ▀█  ▀█▄▀▄▄█▀▀▀█▀█▀▄▀▀ █▄▄███▄█▄ ▀█▄ ▀▀ █▄▄█▀█
█▄▄▄▄▄▄▄█▄▄██▄▄▄██▄██▄█▄▄████████▄██▄█▄▄▄▄████▄████▄▄▄█████

━━━━━━━━━━━━━━━━━━━━━━━━━━━━━━━━━━━━━━━━
Open WhatsApp > Settings > Linked Devices > Link a Device

✅ QR code image generated for web display

📱 Scan this QR code with WhatsApp:
━━━━━━━━━━━━━━━━━━━━━━━━━━━━━━━━━━━━━━━━
▄▄▄▄▄▄▄▄▄▄▄▄▄▄▄▄▄▄▄▄▄▄▄▄▄▄▄▄▄▄▄▄▄▄▄▄▄▄▄▄▄▄▄▄▄▄▄▄▄▄▄▄▄▄▄▄▄▄▄
█ ▄▄▄▄▄ █▀▄ ██▄▀ ▄█▄▄▄█   ▄▄▄▄ ▄ ▀▄ ▄█▄  █   ██▄ ██ ▄▄▄▄▄ █
█ █   █ █▄    ▄▄█▄▄█ ███▄███▄█ ██▄ ▄▄██▄▄▄ ▀█▄▀▄ ██ █   █ █
█ █▄▄▄█ █ ▄▀▀▀▄███▀▄▀█  ▀▄  ▄▄▄  █▄██▀▀  ▄▄▄█▀ ▀▄██ █▄▄▄█ █
█▄▄▄▄▄▄▄█ █▄▀▄█ ▀ █ ▀ █▄▀▄█ █▄█ ▀▄█▄█ █ █ █▄█▄▀ █ █▄▄▄▄▄▄▄█
█▄▄▀▄█▀▄ ██▀▄▀▄████▄ ▄▄ ▄█ ▄  ▄▄██ ▄▄ ▀█▄  ▄ ███▀█▀▄ ▄▀▄▄▀█
█ ▀▀ ▄▄▄▄█▄▀▀▀▀█▄█▀▄▄▄  ██▄▀██▀▀  ▀ █▄▀█▄▀▄█ ▄█ ▀▄▀▀ ▀▀██ █
█  █ ██▄█▀▀▄██▄█▀▀█▄ █ ▀██▀█  █▀ ▄█ ▄ ▀▄▄  █  █▀█▄ ▄▄ ▀ ▄▄█
██ ▀▀█▀▄█ ██▀▀▀  ▄ ▀▀▄ ▀▄▄ █▀█ ▄ ▄▀█▄    ███▄▀ ▀▄▀█▄▄▀▄▄▄██
█▄ █ ▀█▄ █▀▄▄██▄ ▄▄▄▄ ▄▀ ▄▀▀  ▀█▀  ██▄▀▀ █▀▄▀ ██▀█▀ ▄▀▀▀▄▄█
█ ▄▀ ██▄█▄█▄▀▀▀▄▀▀▄▄██▀█▀  █ █▀▄ ▄▄▀██ ▀██▄▄ ▀▄█▀▀▄█▄▄▀█▄▄█
█▄█▀▀▄▀▄   ▄  ███ ▄  █ ▄▄ ▄▀▄ ██▄▀▀██ █▄▄▄▄█ ██▄▀█▄▄   ██▀█
█▀█ ▄▀ ▄  ▄▀▄█▀▄█ ██▀ ▀▄▀▀▄█ ▄ █ ▀▄ ▄ ▄ █▀ ▄██▄  ▄▄ █▀ ▄▄▄█
█ ▄ ██▀▄▄█▀▄█ █▀▄   ██ ▄█▄▀  ▄█▄▄▀▀   ▀▄█▄▄█▄ █▀█▄▀██▄▀█ ▀█
█▄█▄▄ ▄▄▄ █▀▀█▄█▀ ▀▀▄▀█▄▀▀  ▄▄▄   ▄▀█▄ ▄ ▄▀ ▄▀▀██ ▄▄▄ ▄▄▀▀█
█  ▄  █▄█ ██  ▄▀▄▄▄██▀██▀▄  █▄█ ▀▄▄▄ ▄▄▀ ▀▄▄█ ▄█  █▄█ ▄▄▄██
█ ▀▀█▄▄▄ ▄█▀█ ▄▄ ███▄▄  ▀▀▄▄  ▄▄  ▄▄▄ ▄▄█▄███▄ ▄▀  ▄▄ ▀█▀▄█
█ █▄▄▀█▄▀██▄  ▀▄▄▄▄  ▄  ▄▄ ██▄▄▄▀▀ ▄█▄▄█▄ █▄ ▀▄▄ ▀▄▀█▄█▀███
█▀▄ ▀ ▄▄▄█▄▀▀█▀▄ ▀▀  █▄▀▄▄█▄▀ ▀▄▀▄▀▄▀▄  ██▀▄ ▀▀▀▀ █  █ ██ █
█▄ ▀ ▀▄▄ █▄▀ ▄█▀    ▀ ▄▄ ▄█   ▄▀█▄█▀▄▄ █  ▄▄▄ █ ▀▄▄▄ ▀  █▀█
█  ▄ █▀▄▀█▄▀█ █▄ ▄▄▄█ ██▀▄▀▄ ▄█▄▄▄▀█▄ ▀█▄  ▀▀▄█▀   ▀█▄▀█ ▄█
█  █▄▄ ▄ █▀▀▀   ▄█▀ ▀▀▄█▀█ ▄██▀▄▄  █▀ █▀██ ▄█▄█▄█▄▀██▄▄█  █
█   ▀ ▀▄▄▄▄ ▀ ▀██▄█▄█  █▀ ▀  ▀▄▄█ ▀ █ ▄▀▄▀  ▄▄█ ▄▄  ▀▄▀▄▄ █
█ ▀ ▄█ ▄█▀ ██▀▄▀▀█▄▄▄▄ ██▄   █▀▄ █▀▄ ▄█▄ ▄██▄▀██▄█▀  █▀▀█▀█
█ ▀ ▀▀▄▄▄▄▀ ▀▀█▀▀ ▄▄▄  ██▀▀▄▀▄▄▄ ▄▄    ▄█ ▀█▀▄█▀█▀▀▄ █ ▄▄▄█
███████▄▄▀█▀▀▀  ▄▀▄▄▀▄▄ ▄█  ▄▄▄ ▄▄█  ▄▀▄ ▄▄█▄▄▄ █ ▄▄▄  ▀█▀█
█ ▄▄▄▄▄ █▄▀   ▀▄▄██▄▀▀▀▀▀▄  █▄█  █▄ ███▄█▄▄▀█ █▀  █▄█ ▄█ ██
█ █   █ █▀▀  ▄ ██▀▄ ▀ █▀▀ ▀     █▄ █  ▄▀▄█▄██ ██   ▄▄ █  ▀█
█ █▄▄▄█ █▀ ███▀ ██▀█▄▄▀▀█▀▀▄▄ █▀█▄▄██▄▄  ▀▄███▄ ▄ ▀▄▄▄▄▄█▄█
█▄▄▄▄▄▄▄█▄█████▄███▄▄▄█▄█▄▄██▄▄▄▄▄███▄█▄▄▄▄▄▄█▄█▄▄▄▄▄▄▄▄▄██

━━━━━━━━━━━━━━━━━━━━━━━━━━━━━━━━━━━━━━━━
Open WhatsApp > Settings > Linked Devices > Link a Device

✅ QR code image generated for web display

📱 Scan this QR code with WhatsApp:
━━━━━━━━━━━━━━━━━━━━━━━━━━━━━━━━━━━━━━━━
▄▄▄▄▄▄▄▄▄▄▄▄▄▄▄▄▄▄▄▄▄▄▄▄▄▄▄▄▄▄▄▄▄▄▄▄▄▄▄▄▄▄▄▄▄▄▄▄▄▄▄▄▄▄▄▄▄▄▄
█ ▄▄▄▄▄ █▄▀███▄█▀█▄███▀█▄ ▄▀▀▀ ▄ ▄██ ▀ ▀▄█ ▄▀  ▄ ██ ▄▄▄▄▄ █
█ █   █ █   ▀█▀▄▄▄▀ ▄▄██▀  █▄██ ▀█ ▄   ▄███▄█▄▀▄ ██ █   █ █
█ █▄▄▄█ █▄▄▀▄▀█▀▀▀ █ ▀▄▄ █▀ ▄▄▄ ▄▄ ▀▀  ▄▀▀██▄ ▄▀▄██ █▄▄▄█ █
█▄▄▄▄▄▄▄█▄▀ █ █▄█▄█ ▀▄▀ ▀▄█ █▄█ ▀ ▀ █ █▄▀▄█▄█ █▄█ █▄▄▄▄▄▄▄█
█   ▄██▄█   ▀ ▀███ ▀█▄▄ ▀ █▄     █ ▄▀█▄█▄ █▀████▄  █▀ ▄ ▀ █
█▀ █▄▀█▄ ▄▀█▄▄ ▀ ▀ ██ ▄▄▄▄▄▄▀█  ▀▄█ ▄█ █ █▀▄▀ █ ██ █▀▄ ▄▄▄█
█  ▄▄ █▄ ▄ ▀██▄ ▄▄█▄  █▄██  ▀██▀ ▀▄█▄   ▀███ █ ▄ █ ▀▄▀▀▄▄▀█
█▄█▀▀█▄▄▀▀██▄▄▄  ▄█ ▄▄ ▄▀▀██▀▄███▄▄▀██▄▄▄██▀█▀▀█▄█ ▄█   ▀██
███▄▀█▄▄▀▀█ █▄▄  ▀▀█▄▄▄█ ▄ █▄▄▀█ ▄▄▀█▀ ▄▄█ ▄ ▄ ▀ ▄ ▄ █  ▀▄█
██▄ █▄█▄█▀ ▀▀▀▀▀█▀▄▄▀▀▄  ▄  █  ▄ ▀▀▄▀█ ▄▀▀█▄▄▀▀ ▀▀▄▄▀▀▀█ ██
█▀▄▀▀ ▀▄█  ▄▄▀ ██ ▀███ ▄▀█▀▀▄   ▀█▀█▄█ ▄▄ ▀ █▀█▄▄ ▀█  █ ▀ █
█ ▄▄   ▄▀▄▄▀█▄ ▄▀▄▄▄ ▄█   █▀▄ ▀▄▀▄ ▄▄ █▄▀█▀██  ▄▀███▀█▀██ █
█ ▄█ ▄▀▄▄  █▄█ ▄▀█  █ █▀█▄▀▀█▀█▄▄▄▄█  ▀▀ ▀▄█▄█ ▄▄██ ▀▀▀█ ▄█
█▀ ▄▄ ▄▄▄ ▄▄▄▄▄ ▀ ▄▄▀▀█▄▄▄█ ▄▄▄ █  █ ▀▀  ▄▄▀▀▀█▀█ ▄▄▄ ▀▀▄▀█
█▀▀▀▀ █▄█ ▄▀▀▀██  █▄▄█▀▀ ██ █▄█     ▀█▄█▄█▀▄▄▄▄▀▄ █▄█ ▄██▀█
█▀ ▄█  ▄▄▄ ▄█ ▄▀█  ▄▄▀▄ ▀▀█▄▄▄▄▄ █▀    ▀ █▀ █▀█ ▀  ▄▄▄▄▄▀▀█
██▀▄▄▀ ▄▀▄█▄██▄▄▄▄▄██▄▄▄▀ ██▄▄▀▀▄▀ ▄▄█ █▄ █ ▀▀▄▄██▀▀█▄▀▄▄▀█
█▀▄▀▄▄█▄ █ █ ▄   ▀ ▀▀█ █▀█▄    █ ▄█ █▄▀█ █▀▄█▄▄█ ▀▄▄▀▀▀▄█▄█
█▄▄▄█▄▄▄  ▀▄  █▄██  ▀█▀▀ ▄█████  ▀ ▄▄   █▀▄▄ █ █▀▄▄▀█▄  ▄██
███▄ █▄▄▄█▄▄▄  ▀ ▄▀▀  ██▄▀▄▄ ▄▄█ █▀█ █▄█▄▀█▄███▀███▀█▄▄ █▄█
█▀▀▀  ▄▄▀▀▀▄▄█▄  ▀ ▀ █ ▀ ▄▀ ▀▀ ██▄▄▀ ▀▄█▀▀▀█▄ ▀ ▄█ █▀ █▄▀▄█
█  █▄▀▀▄▄▀ ▄   ▀ ▀█▄███ ▀ ███▄▄▄██▄▀█ ▄▄▀▄  ▄▀▄█ ▀ █▄▀██▄██
██▄  █▀▄▀▀ ▀ ▄█▀▀█▀▀▀▄ █ ▀██ █▄▀██▄▄█▀▀█ ▄ ▀▀▀█▄████▄█▄█ ▀█
█ ▀ ▀▀▄▄█▀█▄  ▄██▄▀██▄▄▀▄  ▀█ ██▀  ▄██  ▀ ▄█▄▄██▄▀  █  ▄█ █
███████▄█  ▄▀▀ █▀▄  ▀▀▀▀█▄  ▄▄▄ ▄▀ █▄ ▀ ▀▀█▄ ▀▄██ ▄▄▄  ▀█▄█
█ ▄▄▄▄▄ ██▀ ██▄▄▀  ▀█▀▀▀▄██ █▄█ ▀▀▄ ▀▀ ▄▀  ▄ ▄▄▀▀ █▄█ ▀ ▀██
█ █   █ █▀█▄█ ▀▀▀██▀ ▄▀█ ▀ ▄▄   █▄▄▀▀███▄▀█▄ ▄▀▀     ▄▄▀ ▄█
█ █▄▄▄█ █ ▄▄██▀   ▀█▄▀▄▄█▀▀▀█▀█▀█▀▀ ▄▄▄█▄▄▄██ ▀█▄ ▀▀▄▀▄▄█▀█
█▄▄▄▄▄▄▄█▄██▄██▄██▄██▄█▄▄████████▄██▄█▄▄▄▄████▄████▄▄▄█████

━━━━━━━━━━━━━━━━━━━━━━━━━━━━━━━━━━━━━━━━
Open WhatsApp > Settings > Linked Devices > Link a Device

✅ QR code image generated for web display

📱 Scan this QR code with WhatsApp:
━━━━━━━━━━━━━━━━━━━━━━━━━━━━━━━━━━━━━━━━
▄▄▄▄▄▄▄▄▄▄▄▄▄▄▄▄▄▄▄▄▄▄▄▄▄▄▄▄▄▄▄▄▄▄▄▄▄▄▄▄▄▄▄▄▄▄▄▄▄▄▄▄▄▄▄▄▄▄▄
█ ▄▄▄▄▄ █▄▀█████▀█▄█ ▀ █▄ ▄▀▀▀ ▄ ▄▀▀▄█ ▀▄  ▄▄  ▄ ██ ▄▄▄▄▄ █
█ █   █ █   ▀▀▀▄▄█▀ ▄▄██ ▀ █▄██  ▄ ▄ ▀ ▄█▄█▄▀▄▀▄ ██ █   █ █
█ █▄▄▄█ █▄▄█▀▄█▀▀▀ █ ▀▄▄ █▀ ▄▄▄ ▄▄ ▀██ ▄▀ ██ ▀▄▀▄██ █▄▄▄█ █
█▄▄▄▄▄▄▄█▄▀▄█ █▄█▄█ ▀▄▀ ▀▄█ █▄█ ▀ ▀ █ █▄▀▄█▄█ █▄█ █▄▄▄▄▄▄▄█
█   ▄▀▀▄█▄▄▀█ ▀███ ▀█▄▄ ▀ █      █ ▄▀█▄█▄ █▀████  ▄██ ▄ ▀ █
█▀ █▄▀▄▄█▀▀█▀▀ ▀ ▀ ██ ▄▄▄▄▄▄█▀  ▀▄█▄▄█▄█ ██▄▀ █▄ █ █   ▄▄▄█
█  ▄█ █▄▄▄▀███▄ ▄▄█▄  █▄██▀ █▀█▀ ▀▀█▄ ▀ ▀██▄ █▄██▄ ▀██▀ ▄▀█
█▄▀▄▀█▄▄▀▀██▄▄▄  ▄▄█▄▄▄ ▀▀██ ▄███▄▄██▀▄█▄▀ ▄▀▀▄█   ▄█▀  ▀██
█▀█▀▄█▄▄▀▀█ █▄▄ ▀▀ ▀ █ ▀ ▄ █▄▄▄█ ▄▄ █▀█▄▄▀▀▄▀▄ ▀ ▄ ▄ █  ▀▄█
█▀▀▀▄▄▀▄█▀ ▀▀▀▀▀▀▄▄▄█▄▄ ▀█  █ ▀█ █▀▄ █ ██▄▄▄▄█  ▀▀▄ ▀▀▀█▄▀█
█▄▄▀▀▀ ▄█  ▄█  ██ ▀███ ▄▀█▀▀▄   ▄█▀█ ▀ ▄  ▀ ███▄▄  ▄  █ ▀ █
█ ▄▄   ▄█▄▀▄▄▀▀█▀▄▄▄ ▄█   █▀▄ ▀▄ █ ▄▄ █▄ ▄▀█▄  ▄▀█ ███▀██ █
█ ▄█ ██▄▄▀ ▀█ ▄▄▀█  █ █▀█▄▀▀█▀█▄▄▄▄█  ▀▀ ▀▄█▄█ ▄▄▄▀▀██▀█ ▄█
█▀ ▄▄ ▄▄▄ ▄█▀█▀▄▀ ▄▄▀▀█▄▄▄█ ▄▄▄ █ ▄█ ▀▀▄ ▄▄█▀▀▀▀▀ ▄▄▄ █▀▄▀█
█▀▀██ █▄█ ▄▄▀▀▄▀  █▄▄█▀▀ █▀ █▄█     ▀█ █▄█▄█▄▄ ▀█ █▄█ █▄█▀█
█▀█▀█ ▄▄▄  ▄█ ▄▀█ ▀█▄▀█▀▀▀▄▄▄▄▄▄ █ ▀ ▄  ▄▀▄█▀█▄▄█ ▄ ▄▄██▀▀█
█  ██▀ ▄█▀█▄██▄▄ █▄▀ ▄▄▄  ███▄▀▀▄▀ ▄▄▀▀█ ▄▀ ▀█████▀▀▄▄▀█▄██
██▄ █▄█▄▄▀ █ ▄  ▄█ ▀▀█ ██▄▄ ▄█ █  █  ▄ ▄█▄▀██ █▄ ▀▄▄ ▄▀▄▄▄█
█ ▀▄█▄▄▄  ▀▄█ █▄██  ▀█▀▀ ▄████▄▀ ▀ ▄    █▀▄▄██ █▀▄▄▀█▄  ▄██
███▄ █▄▄▄█▀▀ █ ▄ ▄▀▀  ██▄▀▄▄ ▄ ▀▀█▀█ █▄██▀█▄▄▄█▀███▀█▄▄ █▄█
█▀▀▀ ▀▄▄▀▀▀█ ▄█▀ ▀ ▀ █ ▀ ▄▀ ▀▀ ██▄▄▀ ▀▄█▀▀▀█▄ ▀ ▄█▀ ▀ ▀▄▀▄█
█  █▄▀█▄▄▀▀▀  ▄▄ ▀█▄███ ▀ ███▄▄▄██ ██   ▀▄  ▄▀ ▀ ▀ █▄▀▄▄▄██
██▄▄▄ ▄▄█▄   ▄▀█▀█▀▀▀▄ █ ▀▄▄ █▄▀█████▀ █ ▄ ▀▀▀█▄▀▀█▄▄▄█▄ ▀█
█ ▀ ▀▀▄▄▀▄█▄  ▄██▄███▄▀ ▄ ▀██ ██▀  █▀▀ ▀█▄ ▄▄ ▀█▄▀ ▄█▀▀▄█ █
███████▄█  ▄▀▀ █▀█    ▀▀██  ▄▄▄ ▄▀ █▀ ▀ ▀▀ ▄▄▀ ▄▀ ▄▄▄  ▀▀▄█
█ ▄▄▄▄▄ ██▀ ██▄▄ ▄ ▀▀▄▀▀▀ █ █▄█ █▀▄  █▀▄ ▀▀▄ ▄█ █ █▄█ ▀ ▄▀█
█ █   █ █▀█▄█▀▀▀▀██▀ ▄▀█ ▀ ▄ ▄  ▄ ▄▀▄███ ██▄  ▀▀    ▄▄▄▀ ██
█ █▄▄▄█ █  █▀█ █  ▀█▄▀▄▄█▀▀▀▄██▀█▀▀ ▄▄▄█▄▄▄██▀▀█▄ ▀▀██▄▄█▀█
█▄▄▄▄▄▄▄█▄▄▄▄█▄▄██▄██▄█▄▄████████▄██▄█▄▄▄▄████▄████▄▄██████

━━━━━━━━━━━━━━━━━━━━━━━━━━━━━━━━━━━━━━━━
Open WhatsApp > Settings > Linked Devices > Link a Device

✅ QR code image generated for web display

📱 Scan this QR code with WhatsApp:
━━━━━━━━━━━━━━━━━━━━━━━━━━━━━━━━━━━━━━━━
▄▄▄▄▄▄▄▄▄▄▄▄▄▄▄▄▄▄▄▄▄▄▄▄▄▄▄▄▄▄▄▄▄▄▄▄▄▄▄▄▄▄▄▄▄▄▄▄▄▄▄▄▄▄▄▄▄▄▄
█ ▄▄▄▄▄ █▄▀███▄█▀▀▄█▀▀▀▄▀▄▄▀▀▀ ▄ ▄█▀▄▀▄▀▀▀▄ █▄ ▄ ██ ▄▄▄▄▄ █
█ █   █ █   ▀▀▀▄█▄▀ ████ ▀ █▄██  █ ▄ ▀ ▄ ██▄ █▀▄ ██ █   █ █
█ █▄▄▄█ █▄▄▀███▀▀▀ █ ▀▄▄ █▀ ▄▄▄ ▀█ ▀█▀ ▄████ ▀▄▀▄██ █▄▄▄█ █
█▄▄▄▄▄▄▄█▄█ ▀▄█▄█▄█ ▀▄▀ ▀▄█ █▄█ ▀ ▀ █ █▄▀▄█▄█ █▄█ █▄▄▄▄▄▄▄█
█   ▄▀█▄█▄▀▄ ▄▀███ ▀█▄▄ ▀ ▀      █ ▄▀█▄█▄ █▀████▀ ▄█▀▄▄ ▀ █
█▀ █▄ ▄▄ ▄▄▄▄  ▀ ▀ ██ ▄▄▄▄▄███  ▀▄▀ ▄█ █ ██ ▀ ▀ █  ███ ▄▄▄█
█  ▀  █▄▀ ▄███▄ ▄▄█▄  █▄██▀ ▀▀█▀ ▀▀▄▄ █▀▀█▀▄ █▀█▄█ ▀▀▀█▄▄▀█
█ ▄███▄▄▀▀██▄▄▄  ▄█▀▄▄█ ▀▀██ ▄▀▀█▄▀███▀▄ ▀  ▀█▀▀▀  ▄▄▀█ ▀██
███▄▀█▄▄▀▀█ █▄▄ ▀▀▀▀██ █ █ █▄▄▀▄ ▄▄ ▄▀▄█ ███▄▄   ▄ ▄ █  ▀▄█
█  █▀▄█▄█▀ ▀▀▀▀▀▄█▄▄██▄ ▀█  █  ▄▄▀▀▄▄▄▀█ ▀▄███▀ ▀▀▄ ▀▀▀█ ▀█
██▄▀▀▀ ▄█  ▄██ ██ ▀███ ▄▀█▀▀▄   █▀▀█ ▀ ▄  ▀ ▀██▄▄ ▀█  █  ▀█
█ ▄▄ █▄▄█ ▄▀▀  █▀▄▄▄ ▄█   █▀▄ ▀▄▀▄ ▄▄ █▄ █▀██  ▄▀█▀█▀█▀██ █
█ ▄█ █ ▄▄█▄▄██▀ ▀█  █ █▀█▄█▀█▀█▄▄▄▄█  ▀▀ ▀▄█▄█ ▄██▄▀ █▀█ ▄█
█▀ ▄▄ ▄▄▄ █ ▀█▄▀▀ ▄▄▀▀█▄▄▄  ▄▄▄ █  ▀ ▀▀▄ ▄ ▀▀▀▀██ ▄▄▄ ▀▀▄▀█
█▀▀██ █▄█ ██▀▀▄█  █▄▄█▀▀ ██ █▄█   ▄ ▀██▄▄█ █▄▄    █▄█   █▀█
█ █ ▄▄ ▄▄▄ ▄█ ▄▀█   ▄▀▄▀▀▀█ ▄▄▄▄ █▀ ▄ ▀▄▄█▀█▀█▄█▄▄ ▄▄▄▄█▀▀█
███▄█▀ ▄ ▀█▄██▄▄▄▄ █▀▄▄ ▀▀███▄▀▀▄▀ ▄█▀▀▄▄ ▄▀▀█▄▄▀█▀▀█▄ ▄▄██
██ ▀ ▄█▄▄  █ ▄  ▄  ▀▀▄ █ █▄ ▄▀ █▄ █  ▄▀▄▄█ ▄▀▄▄▄ ▀▄▄█▄▀▄▄ █
█▄▀▄█▄▄▄  ▀▄▄▄█▄██  ▀█▀▀ ▄████   ▀ ▄▄▄  █▀▄▄ █ █▀▄▄▀█▄  ▄██
███▄ █▄▄▄█▀█ ▄▄█ ▄▀▀  ██▄▀▄▄ ▄▄▀▀█▀█ █▄██ █▄▄██▀███▀█▄▄ █▄█
█▀▀▀  █▄▀▀ ▀▀▄█▄ ▀ ▀ █ ▀ ▄▀ ▀▀ ██▄▄▀ ▀▄█▀▀▀█▄ ▀ ▄█ ▄▀ ▀▄▀▄█
█  █▄▀ ▄▄▀█▀▄▄▄▀ ▀█▄███ ▀ ▀██▄▄▄██ ██ ▄▄▀▄  ▄▀ ▀▄█▀█▄▀█▄▄██
██▄█ █ ▄█▀█▀ ▄▄█▀█▀▀▀▄ █ ▀█  █▄▀██▄▄█▀ ▄ ▄▀▀▀▀▄▄▀▀ ▀ ██▄ ▀█
█ ▀ ▀▀▄▄ ▄█▄  ▄██▄▄██▄█ ▄ ▀██ ██▀  █▀▀▀▀█▄ ▀▄ █▀▄ ▄▄ ▄▄██ █
███████▄█▀ ▄▀▀ █ ▄█   ▀█ █  ▄▄▄ ▄▀ █▀ ▀▀▀▀▄█▄█ ██ ▄▄▄ ▀▀▀▄█
█ ▄▄▄▄▄ ██▀ ██▄▄▄█ ▀ █▀▀█ █ █▄█ ▀▀▄ ▀  ▄ ▄▀█▄▀▄▀█ █▄█ ▀ ███
█ █   █ █▀█▄▀▀▀▀▀██▀ ▄▀█ ▀ ▄▄     ▄▀▀▀██▄██▄  ▀▀▀    ▄▄▀▀▄█
█ █▄▄▄█ █ ▄█ ▄    ▀█▄▀▄▄█▀▀▀▀██▀█ ▀ ▄▄▄█▄█▄██ ▀█▄ ▀▀▀█▄▄█▀█
█▄▄▄▄▄▄▄█▄█▄█▄▄▄██▄██▄█▄▄████████▄██▄█▄▄▄▄████▄████▄▄▄█████

━━━━━━━━━━━━━━━━━━━━━━━━━━━━━━━━━━━━━━━━
Open WhatsApp > Settings > Linked Devices > Link a Device

✅ QR code image generated for web display

📱 Scan this QR code with WhatsApp:
━━━━━━━━━━━━━━━━━━━━━━━━━━━━━━━━━━━━━━━━
▄▄▄▄▄▄▄▄▄▄▄▄▄▄▄▄▄▄▄▄▄▄▄▄▄▄▄▄▄▄▄▄▄▄▄▄▄▄▄▄▄▄▄▄▄▄▄▄▄▄▄▄▄▄▄▄▄▄▄
█ ▄▄▄▄▄ █▀▄ ███▀▄▄██▄ ▄▀█ ▄▄▄▄ ▄ ▀▄  ▄▄▄▄▄ ▄▄ █▄ ██ ▄▄▄▄▄ █
█ █   █ █▄    ▄▄█▄▄█▀███▄███▄█ █▄▄ ▄▄██▄ █ ▀▄█▀▄ ██ █   █ █
█ █▄▄▄█ █  ▀▀▀▄███▀▄▀█  ▀▄  ▄▄▄ ██▄██▀▀ █▀▄▄ ▄ ▀▄██ █▄▄▄█ █
█▄▄▄▄▄▄▄█ ▀ █ █ ▀ █ ▀ █▄▀▄█ █▄█ ▀▄█▄█ █ █ █▄█▄▀ █ █▄▄▄▄▄▄▄█
█▄▄▀▄█▀▄ ▀▄▄█▄▄████▄ ▄▄ ▄█▄▄  ▄▄██ ▄▄ ▀█▄  ▄ ███▄▄█▄ ▄▀▄▄▀█
█ ▀▀ ██▄▀▄██▀▀▀█▄█▀▄▄▄  ███ █▀▀▀  █ █▄▀█▄▀ █ ▄█ ▀▄  ▄▀▀██ █
█   ▀██▄▀▄▀ ██▄█▀▀█▄ █ ▀██▀█ ▄█▀ ▄▄▀▄ ▄▄▄ ▄█  ▄▀█▄ ▄█▄█ ▄▄█
█▀▄█▀█▀▄▄▀██▀▀▀  ▄█▄▀▄▀█▄▄ █▀█ ▄ ▄█▄▄▄   █▀▀▄▀   ██▄▄▀▄▄▄██
█▄ █▄▀█▄ █▀▄▄██▄▄▄▄▄▀▀█▀██▀▀  ▀▄▀  █  ▄  █▀▄█▄▀█▀█▀ ▄▀▀▀  █
█▄█▄█▀▀▄█▄█▄▀▀▀▄█ ▄▄▄ ▀██  █ █ █▄ ▄▀▀▄▀  ▄▄███▄█▀▀▄█▄▄▀█ ▄█
█  ▀▀▄▀▄   ▄▄ ███ ▄  █ ▄▄ ▄▀▄ ██▀▀▀██▄█▄ ▄▄█▄██▄▀█▄▄   █▄▀█
█▀█ ▄  ▄  ▀█▀▀  █ ██▀ ▀▄▀▀▄█ ▄ █▀ ▄ ▄ ▄ █▀ ▄▄█▄  ▄▀█▀▀ ▄▄▄█
█ ▄ ██▄▄▀▀▄▀  █ ▄   ██ ▄█▄▀▄ ▄█▄▄▀▀   ▀▄█▄▄█▄ █▀ █▀█  ▀█ ▀█
█▄█▄▄ ▄▄▄ ▀▀██▀▄▀ ▀▀▄▀█▄▀▀█ ▄▄▄   ▄██▄ ▄ ▄█▄▄▀▀██ ▄▄▄ ▄▄▀▀█
█  █▄ █▄█ ▄█  █▀▄▄▄██▀██▀▄▄ █▄█ ▀▄▄▄ ▄▄▀ ▀▄██ ▄█▄ █▄█ ▀▄▄██
███▄▀▄▄▄  █▀█ ▄▄ █▀█▄▄█▀▀▀▄▄  ▄▄  ██▄ ▀▄█▄ ██▄ ▀█ ▄   ▄█▀▄█
█▄ ▀ ▀█▄▀██▄  ▀▄▄▄█▄██  ▄█ ██▄▄▄▀▀ ▄▄ ▄▄  ▄█▄█▄█▄▀▄▀███▀█▀█
█▄█▀▀ ▄▄ █▄▀▀█▀▄▀▀▀ ▀▀▄▀ ██▄ █▀▄▀▄▀▄▄█▀▀█▄ ▄ ▄▀ ▀ █ ▄█ █ ▄█
█▄ ▀ ▀▄▄ █▄▀▀▀█▀    ▀ ▄▄ ▄█      ▄█▀ ▄ █▄▄▄▄  █ ▀▄▄▄ ▀  █▀█
█  ▄ █▀▄▀██▀▄█▄  ▄▄▄█ ██▀▄▀▄ ▄█▄▄█▀██▀▀██  ▀ ██▀   ▀█▄▀█ ▄█
█  █▄ █▄ █ ▀▄█ █▄█▀ ▀▀▄█▀█ ▄██▀▄▄  █▀ █▀██ ▄█▄█▄█▄ ██▄ █  █
█   ▀▄▀▄▄▄▀█  ▀▀█▄█▄█  █▀ ▀  ▀▄▄█ ▀▄█  █▄▀ ▄▄▄▀▄ ▀▀ ▀▄▄▄▄ █
█ ▀▄▀ ▄▄ ▀ ▄█▀▄ ▀█▄▄▄▄ ██▄ ▄ █▀▄ ██▄ ▄▀▄ ▄▀█▄▀▄▄ ██  █▀██▀█
█ ▀ ▀▀▄▄ ▀▀ ▀▀█▀▀ ▄ ▄  ▄█▀ █▀▄▄▄ ▄▄▀▄ █▀▀▄█▀█▄█ ▀▀▄▄█▀▀▄▄▄█
███████▄█ █▀▀▀  █ █  █▄ ▄▄  ▄▄▄ ▄▄█ ▄ ▀▄▄ █▄▀  ▀█ ▄▄▄ ▀▀███
█ ▄▄▄▄▄ █▄▀   ▀▄▀██▄ ▄▀▀▀█  █▄█ ▄▀▄  ▄▄▄███▀ ▀▄▀  █▄█ ▄█▄██
█ █   █ █▀▀ ▄  ██▀▄ ▀ █▀▀ ▀  ▄  ▄  █▄▄▄▀▄▀▄██ ██▀  ▄ ▄█ ▀▀█
█ █▄▄▄█ █▀█ ██ ▄██▀█▄▄▀▀█▀▀▄▄▄█▀██▄██▄▄  ▀▄██▄▄ ▄ ▀▄ ▄▄▄█▄█
█▄▄▄▄▄▄▄█▄▄▄██▄████▄▄▄█▄█▄▄█▄▄▄▄▄▄███▄█▄▄▄▄▄▄█▄█▄▄▄▄▄▄▄▄▄██

━━━━━━━━━━━━━━━━━━━━━━━━━━━━━━━━━━━━━━━━
Open WhatsApp > Settings > Linked Devices > Link a Device

✅ QR code image generated for web display

📱 Scan this QR code with WhatsApp:
━━━━━━━━━━━━━━━━━━━━━━━━━━━━━━━━━━━━━━━━
▄▄▄▄▄▄▄▄▄▄▄▄▄▄▄▄▄▄▄▄▄▄▄▄▄▄▄▄▄▄▄▄▄▄▄▄▄▄▄▄▄▄▄▄▄▄▄▄▄▄▄▄▄▄▄▄▄▄▄
█ ▄▄▄▄▄ █▄▀███▄█▀███ █▀▄█▄▄▀▀▀ ▄ ▄▀█ ▄██▀ ▄  ▄ ▄ ██ ▄▄▄▄▄ █
█ █   █ █   ▀█▀▄█▄▀ ████▀  █▄██  ▄ ▄▀▀ ▄█▄█▄█▄▀▄ ██ █   █ █
█ █▄▄▄█ █▄ █  █▀▀▀ █ ▀▄▄ █▀ ▄▄▄ █▄ ▀█▄ ▄▀ ██▄▄▄▀▄██ █▄▄▄█ █
█▄▄▄▄▄▄▄█▄█ ▀▄█▄█▄█ ▀▄▀ ▀▄█ █▄█ ▀ ▀ █ █▄▀▄█▄█ █▄█ █▄▄▄▄▄▄▄█
█   ▄▀█▄█▄█▄  ▀███ ▀█▄▄ ▀ █      █ ▄▀█▄█▄ █▀████▀▀▄██▄▄ ▀ █
█▀ █▄▀█▄▀ ▀▄▄▄ ▀ ▀ ██ ▄▄▄▄ ███  ▀▄▀ ▄█ ▀ █▀▄▀ █ █▄ █▀▀ ▄▄▄█
█  ▀▀ █▄    ██▄ ▄▄█▄  █▄██  ▀██▀ ▀▄█▄ ▀▀▀█▄▄ █▀█▄█ ▀▀██ ▄▀█
█ ▄▄ █▄▄ ▀██▄▄▄  ▄▄▄▄▄▀▄▀▀██▀▄▀▀█▄ █▀█▀▀ ▀▀ █▀▀▄   ▄█  ▀▀██
█ ▄▄▄█▄▄▀▀█ █▄▄ ▄ ▀▀▄█ █▀▄ █▄▄▀▄ ▄▄▀▀█▄█ █▄█▀    ▄ ▄ █  ▀ █
█  ▀█ ▀▄█▀ ▀▀▀▀▀▄ ▄▄█▄▄  ▀  █  █▄▀▀▄▀▀ █▀ ███  ▀▀▀  ▀▀▀█▄▀█
█▄█▀▀  ▄█  ▄▄▀ ██ ▀███ ▄▀█▀▀▄   ▀▀▀█ █ ▄█▄▀ ███▄▄ ▀▄  █ ▀▀█
█ ▄▄ █ ▄▀▄▄▄▄▀▄█▀▄▄▄ ▄█   █▀▄ ▀▄ ▄ ▄█ █▄▀▄▀██  ▄▀█▄██▀▀██ █
█ ▄█ ▀ ▄▀ █▀  ▀ ▀█  █ █▀█▄███▀█▄▄▄▄█  ▀▀ ▀▄█▄█ ▄ █▀▀██▀█ ▄█
█▀ ▄▄ ▄▄▄ ▄ ▀ ▄█▀ ▄▄▀▀█▄▄▄▄ ▄▄▄ █ ▄█ ▀▀▄ ▄ ▀▀▀▀█▀ ▄▄▄ ▀▀▄▀█
█▀▀█▄ █▄█ ▀ ▀▀█▀  █▄▄█▀▀ ██ █▄█   █▀▀█▄█▄█▀█▄▄▀ █ █▄█   █▀█
█ ▀█▄ ▄▄▄  ▄█ ▄▀█ ▄▄▄▀▄▄▀▀▄ ▄▄▄▄ █  ▄▄▀▀▄▀▄▀▀█▄█▄ ▄▄ ▄██▀▀█
█▄▄█ ▀ ▄███▄██▄▄█▄ █▀█  ▀ ██▄▄▀▀▄▀ ▄▄▀ █ ▄  █▀▄▄▀▀▀▀█▄▀▄ ██
█▄▀▀█▄█▄█  █ ▄  █▄ ▀▄▄ █▄ ▄ █▄ █  █ ▄  ▄▀▄▀█▄ ▄▄ ▀▄▄█▀▀▄ ▄█
███▄█▄▄▄  ▀▄  █▄██  ▀█▀▀ ▄█████▄▄▀ ▄    ██▄▄██ █▀▄▄▀█▄  ███
███▄ █▄▄▄█▄▀▄▀▄  ▄▀▀  ██▄▀▄▄ ▄▄▀ ▄▀█▀█▄██ █▄▄██▀███▀█▄▄ █▄█
█▀▀▀ ██▄▀▀▄ ▄▄▀▀ ▀ ▀ █ ▀ ▄▀ ▀▀ ██▄▄▀ ▀▄█▀▀▀█▄ ▀ ▄█▄ ▀ ▀ ▀▄█
█  █▄  ▄▄▀▄█ ▀▀  ▀█▄███ ▀ ▀██▄▄▄██▄▀█   ▀▄▄▄▄▀ ▀▄ ▄█▄▀▀█▄██
██▄▄█▀█▄  ▀▄ ▄▄▀▀█▀▀▀▄ █ ▀▄█ █▄▀██ ██▀██ ▄▀ ▀▀█▄█▀ █▄█ ▄ ▀█
█ ▀ ▀▀▄▄█▄█▄  ▄██▄ ██▄█▄▄  ▀█ ██▀  ▄█▀▄█▀▄ ▄▄ █  ▀▄  █▀▄█ █
███████▄█▀ ▄▀▀ █ ▄ ▄▄ ██▄▄  ▄▄▄ ▄▀ █   ▀▀█████▀▄█ ▄▄▄ ▀▀▀▄█
█ ▄▄▄▄▄ ██▀ ██▄▄▄█ ▀█▀▀▀  █ █▄█ ▀█▄ ▀▀ ▄█▀ ████ ▀ █▄█ ▀ ▀██
█ █   █ █▀█▄ █▀▀▀██▀ ▄▀█ ▀ ▄ ▄  ▄ ▄▀████▀██▄ ▄▀▀     ▄▄▀▀▄█
█ █▄▄▄█ █ ▄█   ▀  ▀█▄▀▄▄█▀▀▀▀▀█▀█▀▀ █▄▄█▄▄▄██ ▀█▄ ▀▀▄▀▄▄█▀█
█▄▄▄▄▄▄▄█▄██▄▄▄███▄██▄█▄▄████▄███▄██▄█▄▄▄▄████▄████▄▄▄█████

━━━━━━━━━━━━━━━━━━━━━━━━━━━━━━━━━━━━━━━━
Open WhatsApp > Settings > Linked Devices > Link a Device

✅ QR code image generated for web display

📱 Scan this QR code with WhatsApp:
━━━━━━━━━━━━━━━━━━━━━━━━━━━━━━━━━━━━━━━━
▄▄▄▄▄▄▄▄▄▄▄▄▄▄▄▄▄▄▄▄▄▄▄▄▄▄▄▄▄▄▄▄▄▄▄▄▄▄▄▄▄▄▄▄▄▄▄▄▄▄▄▄▄▄▄▄▄▄▄
█ ▄▄▄▄▄ █▀▄ ██▄  ▄█▄▄▄█   ▄▄▄▄ ▄ ▀▄▄ ▄▄▄▀▀  ▄▄█▄ ██ ▄▄▄▄▄ █
█ █   █ █▄    ▄▄█▄▄█ ▄██▄███▄█ █ ▄ ▄▄██▄██ ▀▄▄▀▄ ██ █   █ █
█ █▄▄▄█ █ ▄▀  ▄███▀▄▀█  ▀▄  ▄▄▄ ▄▄▄█▄ ▀ ██▄▄▄  ▀▄██ █▄▄▄█ █
█▄▄▄▄▄▄▄█ ▀ ▀▄█ ▀ █ ▀ █▄▀▄█ █▄█ ▀▄█▄█ █ █ █▄█▄▀ █ █▄▄▄▄▄▄▄█
█▄▄▀▄▀▀▄ █▄▄  ▄████▄ ▄▄ ▄█▄▄  ▄▄██ ▄▄ ▀█▄  ▄ ███▄█▀▄ ▄▀▄▄▀█
█ ▀▀ ▄▄▄▄▀▄▄▄▀▀█▄█▀▄▄▄  ██ ▀█▀▀▀  ▀▄█▄█▀▄▀▄█ ▄█▄██▀▀ █▀██ █
█  ████▄▀▄████▄█▀▀█▄ █ ▀██ ██▄█▀ ▄▄ ▄ ▀█▄ ██  ▄▀█▄ ▄▄▄▀▄▄▄█
█▀ █▀█▀▄█ ██▀▀▀  ▄ █▀▄█ ▄▄ █▀█ ▄ ▄ █▄ ▄▄▄▀██▄███▀ █▄█ ▄█▄██
█▄▀▀▀▀█▄ █▀▄▄██▄ ▄▄▄▄▀ █▀▄▀▀   █▀  ▄ ▄▀▀▄█ ██ ▄█▀█▀ ▄▀▀▀  █
█ █▀ █▀▄█▄█▄▀▀▀▄▄█▄▄▄▀▀█ █ █ █▀█▄▄▄▀▀▄ ▀█▄██ ▄▄▄▀▀ █▄▄▀█▄▄█
██▄▀▀▀▄▄   ▄ ████ ▄  █ ▄▄ ▄▀▄ ██▄█▀██ █▄▀▄▄█▄▀█▄▀██▄   ██▀█
█▀█ ▄█▄▄  ▀▄▄   █ ██▀ ▀▄▀▀▄█ ▄ █▀ ▄ █▀▄ █  ▄▄▄▄  ▄█▀█▀ ▄▄▄█
█ ▄ █ █▄▀▀▄▀▄ ▄▀▄   ██ ▄█▄▀▄ ▄█▄▄▀▀   ▀▄█▄▄█▄ █▀▄██▄  ▀█ ▀█
█▄█▄▄ ▄▄▄ ▀ █▄▄▄▀ ▀▀▄▀█▄▀▀▄ ▄▄▄    ██▄▄▄ ▄▀ ▄▀▀▀  ▄▄▄ ▄▄▀▀█
█  ██ █▄█ █▄  ▀▀▄▄▄██▀██▀▄▄ █▄█ ▀▄▄▄ ▄█▀ ▀ ▄█ ▄█▀ █▄█ ▄ ▄██
█  ▀▀ ▄▄  █▀█ ▄▄ █▄ ▄▄▄ ▀▀▄▄  ▄▄  ██ ▄▄██▄▀▀█ ▀▄▄▄  ▄▄██▀▄█
██▀ █▀█▄ ██▄  ▀▄█▄█▄█▄  ██ ███▄▄▀▀ ▄▀▄▀█▄ ▄█ ▀█▄▄▄▄▀▄█▄ █▀█
██▀▀▀ ▄▄█▀▄▀▀█▀▄▀▀▀ █ ▄▀ ▄█▄  ▀▄█▄▀▄█▀▀▀▄▀▀█▀█  ▀ █  █ ██ █
███▀ ▀▄▄ █▄▀▀ █▀    ▀ ▄▄ ▄█   ▄█▄▄█▀▄  █  ▄▄▄▄█ ▀▄▄▄ ▀  █ █
█  ▄ █▀▄▀█▄ ▄█   ▄▄▄█ ██▀▄▀▄ ▄█▄▄█▀██ ▀█▄▀ ▀ ██▀   ▀█▄▀█ ▄█
█  █▄  ▄ █▄▀▀▄▀▄▄█▀ ▀▀▄█▀█ ▄██▀▄▄  █▀ █▀██ ▄█▄█▄█▄ ▄█▄▄▀  █
█   ▀ █▄▄▄█▀▄  ▀█▄█▄█  █▀ █  ▀▄▄█ █▄█  █▄▀ ▄▄▄█▄   ▄▀▄██▄ █
█ ▀█  ▄▄ ██▄█▀▀▄▀█▄▄▄▄ ██▄▀▀ █▀▄ █▄▄ ▄ █ ▄██▄▀ █ ▀ ████ █▀█
█ ▀ ▀▀▄▄█▀▀ ▀▀█▀▀ ▀ ▄ ▄▄█▀▀█▀▄▄▄ ▄█  ▄▄▀█   ▀▄ ▄█ ▀ ▀▀ █▄▄█
███████▄▄ █▀▀▀  █ ▄  █▀▄ █  ▄▄▄ ▄▄█ ▄ █▄▀▄██ ▄▄▀█ ▄▄▄ ▀▀▀██
█ ▄▄▄▄▄ █▄▀   ▀▄ ▄█▄▄ ▀▀ ▀  █▄█ ▄█▄ ███▄▀ █ █ ▄   █▄█ ▄█ ██
█ █   █ █▀▀ ██ ██▀▄ ▀ █▀▀ ▀     █▄ █  ▄▀ █▄█▄▄██▀  ▄  █  ▀█
█ █▄▄▄█ █▀██  ▄ ██▀█▄▄▀▀█▀▀▄▄▄█▀▄█▄███▄ ▀ ▄█▄▄▄ ▄ ▀▄▄▄▄▄█▄█
█▄▄▄▄▄▄▄█▄██▄▄▄▄███▄▄▄█▄█▄▄█▄▄▄▄▄▄███▄█▄▄▄▄▄▄█▄█▄▄▄▄█▄▄▄▄██

━━━━━━━━━━━━━━━━━━━━━━━━━━━━━━━━━━━━━━━━
Open WhatsApp > Settings > Linked Devices > Link a Device

✅ QR code image generated for web display

📱 Scan this QR code with WhatsApp:
━━━━━━━━━━━━━━━━━━━━━━━━━━━━━━━━━━━━━━━━
▄▄▄▄▄▄▄▄▄▄▄▄▄▄▄▄▄▄▄▄▄▄▄▄▄▄▄▄▄▄▄▄▄▄▄▄▄▄▄▄▄▄▄▄▄▄▄▄▄▄▄▄▄▄▄▄▄▄▄
█ ▄▄▄▄▄ █▄▀████▄ █▄▄▄▀ ▄  ▄▀▀▀ ▄ ▄▀█▄███▄▀ ▄▄▀ ▄ ██ ▄▄▄▄▄ █
█ █   █ █   ██▀▄▄▄▀ ▄███▀  █▄██ ▄▄ ▄ ▀ ▄ ██▄▀█▀▄ ██ █   █ █
█ █▄▄▄█ █▄▄▀▄▄█▀▀▀ █ ▀▄▄ █▀ ▄▄▄ ██ ▀█▄ ▄▄ ██▄▀▄▀▄██ █▄▄▄█ █
█▄▄▄▄▄▄▄█▄█ █ █▄█▄█ ▀▄▀ ▀▄█ █▄█ ▀ ▀ █ █▄▀▄█▄█ █▄█ █▄▄▄▄▄▄▄█
█   ▄▀█▄▀▄█▄▄▀▀███ ▀█▄▄ ▀ █      █ ▄▀█▄█▄ █▀████▄  █▀▄▄ ▀ █
█▀ █▄ ▄▄▄█▀▀▄▄ ▀ ▀ ██ ▄▄▄▄ ▄▀▀  ▀▄▀ ▄█▄█ ██ ▀ ▀ ▄▀ ██  ▄▄▄█
█   █ █▄█ ▀ ██▄ ▄▄█▄  █▄██  ▀██▀ ▀ █▄ ▀▀▀█▀▄ █ ██▄ ▀█▀▀ ▄▀█
██▄  █▄▄▀ ██▄▄▄  ▄▀▀▄▄██▀▀██▀▄▀██▄▀ ▀█▄▀▄▀▄ █▀▄██▄ ▄▄▀ ▀▀██
██▀███▄▄▀▀█ █▄▄   ▀▀ █▀█▀▄ █▄▄▀▄ ▄▄▀▀█▄█▀▀▄▄▄▄▀  ▄ ▄ █ ▀█▄█
█▀█ ▄▄▀▄█▀ ▀▀▀▀▀ █▄▄▀▄▄ ▄▄  █ ▀▄▄▀▀▄ ▄ ▄█▀▄██▀▀ ▀▀▄ ▀▀▀█ ██
███▀▀▀▀▄█  ▄▄▄ ██ ▀███ ▄▀█▀▀▄   ▀█▀█▄█ ▄ ▄▀ █▀█▄▄  ▄  █ ▀▀█
█ ▄▄  ▄▄▀▄█   ▄█▀▄▄▄ ▄█   █▀▄ ▀▄ ▄ ▄▄▀█▄▀█▀█▄▀ ▄▀█▀▄▀▀▀██ █
█ ▄█ ▀ ▄█▀▀▀▀▄█▀▀█  █ █▀█▄█▀█▀█▄▄▄▄█  ▀▀ ▀▄█▄█ ▄ █ ▀█▀▀█ ▄█
█▀ ▄▄ ▄▄▄ █▀▀█▀▀▀ ▄▄▀▀█▄▄▄  ▄▄▄ █ ▄█ ▀▀  ▄ ▀▀▀▀█  ▄▄▄ ▀▀▄▀█
█▀▀ █ █▄█ ▀▄▀▀█   █▄▄█▀▀ ██ █▄█     ▀█▄█▄█ █▄▄▄▀█ █▄█ ▄██▀█
█▀▀█▄  ▄▄  ▄█ ▄▀█ ▄ ▄▀ ▀▀▀▄▄▄▄▄▄ █▀▀▄ ▀▀▄▀ █▀▀▀▄▄ ▄▄▄▄▄█▀▀█
█▀▄  ▀ ▄ ▄█▄██▄▄▄▄ █ █   ▀███▄▀▀▄▀ ▄ █ █▄▄▀ ██▀▄▀▀▀▀█▄▀█ ▀█
█▄█▀▄▄█▄█▄ █ ▄   ▀ ▀▄▄ █▄█▄ █▄ █▄▄█ ▀▀▀▄ ▄ ▄ ▄▄▄▀▀▄▄██▀▄█ █
█▄▄▄█▄▄▄  ▀▄ ▄█▄██  ▀█▀▀ ▄████▀ ▄▀ ▄▄    ▀▄▄▄█ █▀▄▄▀█▄  ▄▄█
███▄ █▄▄▄█▀▄█▄█▀ ▄▀▀  ██▄▀▄▄ ▄▄▀ █▀█▀▄▄█▄▀█▄▄██▀███▀█▄▄ █▄█
█▀▀▀   ▄▀▀▄█ █▀  ▀ ▀ █ ▀ ▄▀ ▀▀ ██▄▄▀ ▀▄█▀▀▀█▄ ▀ ▄███▀ █ ▀▄█
█  █▄  ▄▄▀  ▄▄▀▄ ▀█▄███ ▀ ███▄▄▄██▄██ ▄ ▀▄  ▄▀▄█ ▀ █▄▀▀▄▄██
██▄▄█▀▄▄▀▄▄  ▄▄█▀█▀▀▀▄ █ ▀█▄ █▄▀█████▀▀█ ▄▀▀▀▀█▄█ ▄▄▄█   ▀█
█ ▀ ▀▀▄▄▀ █▄  ▄██▄ ▀█▄▀▄▄  ▀█ ██▀ ▀█▀▀▄██▄█▀  ▄ █▀█ ▄█▀▄█ █
███████▄█  ▄▀▀ █▀▄▄ ▄ ██ █  ▄▄▄ ▄▀ █▀▄  █▀▄█ █▀▄▀ ▄▄▄  ▀█▄█
█ ▄▄▄▄▄ ██▀ ██▄▄▄▄ ▀ ▄▀▀▄██ █▄█ ▀█▄ █▄ █▀  ▄██▄▀▄ █▄█ ▀ ▀▀█
█ █   █ █▀█▄ ▀▀▀▀██▀ ▄▀█ ▀ ▄ ▄  ▄▄▄▀████▄██▄  ▀▀▀     ▄▀▀██
█ █▄▄▄█ █ █▀█▀▀▄  ▀█▄▀▄▄█▀▀▀▀██▀▄ ▀ ██▄███▄██ ▀█▄ ▀▀██▄▄█▀█
█▄▄▄▄▄▄▄█▄▄██▄▄▄██▄██▄█▄▄████████▄██▄█▄▄▄▄████▄████▄▄▄█████

━━━━━━━━━━━━━━━━━━━━━━━━━━━━━━━━━━━━━━━━
Open WhatsApp > Settings > Linked Devices > Link a Device

✅ QR code image generated for web display

📱 Scan this QR code with WhatsApp:
━━━━━━━━━━━━━━━━━━━━━━━━━━━━━━━━━━━━━━━━
▄▄▄▄▄▄▄▄▄▄▄▄▄▄▄▄▄▄▄▄▄▄▄▄▄▄▄▄▄▄▄▄▄▄▄▄▄▄▄▄▄▄▄▄▄▄▄▄▄▄▄▄▄▄▄▄▄▄▄
█ ▄▄▄▄▄ █▄▀███▄▄████ █▀▄▄▄▄▀▀▀ ▄ ▄█▀ █▀█▀▄ ▄▀▀ ▄ ██ ▄▄▄▄▄ █
█ █   █ █   ▀▀▀▄▄▄▀ ▄▄██▀  █▄██ ▀█ ▄ ▀ ▄█▄█▄ ▄▀▄ ██ █   █ █
█ █▄▄▄█ █▄▄▀  █▀▀▀ █ ▀▄▄ █▀ ▄▄▄ ▀█ ▀▄▀ ▄  ██▄█▄▀▄██ █▄▄▄█ █
█▄▄▄▄▄▄▄█▄█▄█ █▄█▄█ ▀▄▀ ▀▄█ █▄█ ▀ ▀ █ █▄▀▄█▄█ █▄█ █▄▄▄▄▄▄▄█
█   ▄▀█▄▀▄▄▀▀ ▀███ ▀█▄▄ ▀ █▄     █ ▄▀█▄█▄ █▀████ ▀ █▀ ▄ ▀ █
█▀ █▄▀█▄▀█ ▀▄█ ▀ ▀ ██ ▄▄▄▄ ▄▀█  ▀▄█ ▄█ ▀ ██▄▀ ▀ ▀█ ██▀ ▄▄▄█
█  ▄█ █▄ █ ▀██▄ ▄▄█▄  █▄██  █▀█▀ ▀ █▄   ▀█▄▄ █▀██▄ ▀▀█▀▄▄▀█
██▄  █▄▄  ██▄▄▄  ▄█ ▄▄▀▀▀▀██▀▄█▀█▄▀▄▀█▄▄ ▀█▄██▀▄▄█ ▄█   ▀██
██▀ ▀█▄▄▀▀█ █▄▄ ▀▀█▀█▄▄█ █ █▄▄▀█ ▄▄ ██▄█▄▀ ▄▄ ▀▀ ▄ ▄ █ ▀█ █
█  ▄▄▄█▄█▀ ▀▀▀▀▀ ▀▄▄█▄▄  █  █  ▄ ▀▀▄█▄▀▄█▀▄██ ▀▀▀▀  ▀▀▀█▄▀█
█▄▀▀▀██▄█  ▄█▄ ██ ▀███ ▄▀█▀▀▄   ▀█▀█ █ ▄  ▀ ▀▀█▄▄ ▀█  █   █
█ ▄▄ ▀▀▄█ ▄▄█ █▄▀▄▄▄ ▄█   █▀▄ ▀▄▀▄ ▄▄▀█▄▀▄▀██  ▄▀█▄█▀█▀██ █
█ ▄█ █ ▄██ █▀▄▄▀▀█  █ █▀█▄█▀█▀█▄▄▄▄█  ▀▀ ▀▄█▄█ ▄▄█▄ ▀█▀█ ▄█
█▀ ▄▄ ▄▄▄ ▀███▄▄▀ ▄▄▀▀█▄▄▄█ ▄▄▄ █ ▄█ ▀▀▄ ▄ █▀▀██  ▄▄▄ ▀▀▄▀█
█▀▀ ▄ █▄█  ▄▀▀ ▀  █▄▄█▀▀ ██ █▄█     ▀█▄█▄█ █▄▄ ▀▄ █▄█ ▄ █▀█
███ ▄  ▄   ▄█ ▄▀█ █▄▄▀▀▄▀▀▄▄▄▄▄▄ █ ▀▄▄ █ ▀██████   ▄   █▀▀█
██▄▄▀▀ ▄▄██▄██▄▄█▄ ▀ ▄▄▄ ▀██▄▄▀▀▄▀ ▄▄▀ ▄▄  ▀▄▀▄▄▀▀▀▀██ ▄ ▀█
█▀▀▀▀▄█▄██ █ ▄  ▄▄ ▀█▄ ██▄▄ ▄▀ █▄▄█ ▀▀▀███ ██▄▄▄▀▀▄▄▄█▀▄ ▄█
█▄█▄█▄▄▄  ▀▄▄▀█▄██  ▀█▀▀ ▄████▀  ▀ ▄ ▄  ▀▀▄▄▄▀ █▀▄▄▀█▄  ███
███▄ █▄▄▄██  ▄ █ ▄▀▀  ██▄▀▄▄ ▄ ▀ █▀█▀█▄██ █▄▄▄█▀███▀█▄▄ █▄█
█▀▀▀ ▄█▄▀▀█ ▄▀██ ▀ ▀ █ ▀ ▄▀ ▀▀ ██▄▄▀ ▀▄█▀▀▀█▄ ▀ ▄█▀ ▀ █▄▀▄█
█  █▄█ ▄▄▀ █▄  ▀ ▀█▄███ ▀ ███▄▄▄██▄▀█ ▄▄▀▄▄▄▄▀ █ ▀▄█▄▀ █▄██
██▄█▄▄▀▄▄█ ▄ ▄▄ ▀█▀▀▀▄ █ ▀▄▀ █▄▀███▄█▀ ▄ ▄  ▀▀██▀▄███▄▄▄ ▀█
█ ▀ ▀▀▄▄▄▄█▄  ▄██▄▄ █▄ █▄ ▀██ ██▀ ▀█▀▀ ▀█  ▀ ▄ ▀ ▀  ▀ ▀██ █
███████▄█▀ ▄▀▀ █ ██ ▀  ▀█▄  ▄▄▄ ▄▀ ██  ▀████ █ ▄▀ ▄▄▄   ▀▄█
█ ▄▄▄▄▄ ██▀ ██▄▄██ ▀▄█▀▀█ █ █▄█ █▀▄  █▀█▀▄ ▄▄▄█▀▄ █▄█ ▀  ▀█
█ █   █ █▀█▄█▄▀▀▀██▀ ▄▀█ ▀ ▄▄     ▄▀ ███▄██▄▄ ▀▀▀   ▄▄▄▀▀▄█
█ █▄▄▄█ █  ▄██▀█  ▀█▄▀▄▄█▀▀▀▀██▀█ ▀ █▄▄██▄▄██▀▀█▄ ▀▀▀█▄▄█▀█
█▄▄▄▄▄▄▄█▄████▄███▄██▄█▄▄████▄███▄██▄█▄▄▄▄████▄████▄███████

━━━━━━━━━━━━━━━━━━━━━━━━━━━━━━━━━━━━━━━━
Open WhatsApp > Settings > Linked Devices > Link a Device

✅ QR code image generated for web display

📱 Scan this QR code with WhatsApp:
━━━━━━━━━━━━━━━━━━━━━━━━━━━━━━━━━━━━━━━━
▄▄▄▄▄▄▄▄▄▄▄▄▄▄▄▄▄▄▄▄▄▄▄▄▄▄▄▄▄▄▄▄▄▄▄▄▄▄▄▄▄▄▄▄▄▄▄▄▄▄▄▄▄▄▄▄▄▄▄
█ ▄▄▄▄▄ █▄▀███▄▄▄▀██▄█ ▄ ▄▄▀▀▀ ▄ ▄ ▀▄█ ▀▄▄█ ██ ▄ ██ ▄▄▄▄▄ █
█ █   █ █   █▀▀▄▄▄▀ ▄▄██▀▀ █▄██  █ ▄ ▀ ▄█▄█▄ ▄▀▄ ██ █   █ █
█ █▄▄▄█ █▄ ▀  █▀▀▀ █ ▀▄▄ █▀ ▄▄▄    ▀█▄ ▄▀▀██▄▀▄▀▄██ █▄▄▄█ █
█▄▄▄▄▄▄▄█▄█ ▀ █▄█▄█ ▀▄▀ ▀▄█ █▄█ ▀ ▀ █ █▄▀▄█▄█ █▄█ █▄▄▄▄▄▄▄█
█   ▄█▀▄▀▄ █▄█▀███ ▀█▄▄ ▀ ▀▄     █ ▄▀█▄█▄ █▀████   █▀▄▄ ▀ █
█▀ █▄ █▄█ ▄███ ▀ ▀ ██ ▄▄▄▄▄▄█▀  ▀▄▀ ▄█ █ █▀ ▀ █▄ █▀▄▄▄ ▄▄▄█
█  ▄█ █▄█  ███▄ ▄▄█▄  █▄██ ▀███▀ ▀▀█▄   ▀█▄█ █▄█▄█ ▀██▀▄▄▀█
█▀▀ ▄█▄▄ ▀██▄▄▄  ▄█ ▄▄▀▀▀▀██▀████▄▄▄▀██  ▀▄▀▀▀ ██▄ ▄▄▀▄▀▀██
██▄▀ █▄▄▀▀█ █▄▄ ▄ ▄▀█▄ ▀█▄ █▄▄▀█ ▄█▀▄▀██ ▀█▄█▄█  ▄ ▄ █▀ █ █
███▀█▄█▄█▀ ▀▀▀▀▀▄▀▄▄█ ▄ ▀▄  █ ▀█▄█▀▄▀█▀█▀ ▄█▄█▀ ▀▀ ▄▀▀▀████
█▀▀▀▀▀▄▄█  ▄▄▀ ██ ▀███ ▄▀█▀▀▄   ▀█▀█▄▀ ▄█▄▀ ▄▀█▄▄ ██  █  ▀█
█ ▄▄ ▄ ▄▀ ▄   ▄█▀▄▄▄ ▄█   █▀▄ ▀▄ █ ▄▄ █▄▀▄▀██  ▄▀█▄▀██▀██ █
█ ▄█  ▀▄▄▀█▄█ ▀█▀█  █ █▀█▄█▀█▀█▄▄▄▄█  ▀▀ ▀▄█▄█ ▄▄▄ ▀▀▀▀█ ▄█
█▀ ▄▄ ▄▄▄  ▄▄▀▀▄▀ ▄▄▀▀█▄▄▄▄ ▄▄▄ █  █ ▀█  ▄▄▀▀▀▀█  ▄▄▄ ▀▀▄▀█
█▀▀   █▄█ ▄▄▀▀▀   █▄▄█▀▀ ██ █▄█   ▀ ▀███▄█ █▄▄▀ ▄ █▄█ ▄▀█▀█
██▄ ▄▄▄▄▄  ▄█ ▄▀█ ▄▀▄▀▄▀▀▀▄ ▄▄▄▄ █  ▄ ▄█▄█▄▄▀▀▄▄▄   ▄▄▄▄▀▀█
█ ▄▄▄▀ ▄█▀█▄██▄▄█▄▄▀ ▄▄▄  ████▀▀▄▀ ▄▄▀▀█ ▄  ▀█ █▀▀▀▀██▀█ ██
█▄▄▀█▄█▄█▄ █ ▄   ▀ ▀▀█ ███▄ ▀▀ █  █ ▀  █▀▄ █▀█▄▄▀▀▄▄▄▄▀▄▄ █
█▄█▄█▄▄▄  ▀▄▀▄█▄██  ▀█▀▀ ▄████▀ ▄█ ▄▄    ▀▄▄▄▀ █▀▄▄▀█▄  ███
███▄ █▄▄▄█ ███ ▄ ▄▀▀  ██▄▀▄▄ ▄▀█ ▄▀█ █▄█▄ █▄▄██▀███▀█▄▄ █▄█
█▀▀▀  █▄▀▀█  █ █ ▀ ▀ █ ▀ ▄▀ ▀▀ ██▄▄▀ ▀▄█▀▀▀█▄ ▀ ▄███▀ █ ▀▄█
█  █▄█ ▄▄▀██ ▄▄  ▀█▄███ ▀ ▀██▄▄▄██ ▀█   ▀▄  ▄▀ █ ▀▀█▄▀██▄██
██▄▄█▄█▄ ▄▄▄ ▄▀█▀█▀▀▀▄ █ ▀▄█ █▄▀██▄▄█▀ ▄ ▄▀▀▀▀▄▄█▄▄▀█▄   ▀█
█ ▀ ▀▀▄▄▄▄█▄  ▄██▄ ▀█▄ █▄ ▀██ ██▀ ▀▄█▀▀█▀▄▀▄▄▄▀  ▀  █ ▀▄█ █
███████▄█  ▄▀▀ ██▄ ▄▄ ▀▀ █  ▄▄▄ ▄▀ █ ▄ ▀ ▀██▄▀▀█▀ ▄▄▄ ▀▀█ █
█ ▄▄▄▄▄ ██▀ ██▄▄ ▀ ▀ █▀▀███ █▄█ ▀▀▄ ▀█▀██▄▀█▀ █ ▄ █▄█ ▀ ███
█ █   █ █▀█▄▄█▀▀▀██▀ ▄▀█ ▀ ▄▄   ▄ ▄▀ ▀██▄██▄█▄▀▀    ▄▄▄▀▀▄█
█ █▄▄▄█ █  ▀▀▄▀▀  ▀█▄▀▄▄█▀▀▀███▀█▀▀ ▄█▄█▄▄▄██ ▀█▄ ▀▀██▄▄█▀█
█▄▄▄▄▄▄▄█▄█▄█▄▄▄██▄██▄█▄▄████████▄██▄█▄▄▄▄████▄████▄███████

━━━━━━━━━━━━━━━━━━━━━━━━━━━━━━━━━━━━━━━━
Open WhatsApp > Settings > Linked Devices > Link a Device

✅ QR code image generated for web display

📱 Scan this QR code with WhatsApp:
━━━━━━━━━━━━━━━━━━━━━━━━━━━━━━━━━━━━━━━━
▄▄▄▄▄▄▄▄▄▄▄▄▄▄▄▄▄▄▄▄▄▄▄▄▄▄▄▄▄▄▄▄▄▄▄▄▄▄▄▄▄▄▄▄▄▄▄▄▄▄▄▄▄▄▄▄▄▄▄
█ ▄▄▄▄▄ █▀▄ ███▀▄ ▄██▄▄▀█▄▄▄▄▄ ▄ ▀█▄  ▄▄▄ ▄▄▄▄█▄ ██ ▄▄▄▄▄ █
█ █   █ █▄  ▄ ▄▄▄█▄█ ███▄▄██▄█ ███ ▄▄▄█▄██ ▀██▀▄ ██ █   █ █
█ █▄▄▄█ █ ▄▀██▄███▀▄▀█  ▀▄  ▄▄▄ ▄█▄█ ▄▀ ▄▄▄▄▀  ▀▄██ █▄▄▄█ █
█▄▄▄▄▄▄▄█ ▀▄█▄█ ▀ █ ▀ █▄▀▄█ █▄█ ▀▄█▄█ █ █ █▄█▄▀ █ █▄▄▄▄▄▄▄█
█▄▄▀▄█▀▄ ▀█ █▄▄████▄ ▄▄ ▄█ ▄  ▄▄██ ▄▄ ▀█▄  ▄ ███▀██▄ ▄▀▄▄▀█
█ ▀▀ ▄█▄ ▄█▀█▄▀█▄█▀▄▄▄  ██▄▀█▀▀▀  █▄█▄▀█▄▀ █ ▄█▄█▀   ▀▀██ █
█  ▄▀██▄▄ ▄▄██▄█▀▀█▄ █ ▀██ ██ █▀ ▄█ ▄  █▄  █  ▄  █ ▄  ▀ ▄▄█
█  █▄█▀▄█ ██▀▀▀  ▄█▄▀▄█ ▄▄ █▀█▄▄ ▄▀▀▄  ▀▄▀▀█ █ ▀▄██▄█▀▄█▄██
██▄▀ ▀█▄ █▀▄▄██▄█▄▄ █ ▄█ █▀▀  ▀█▀ ▀█▄▄▀▀██▄▄█ ██▀█▀ ▄▀▀  ▄█
█ █ ▀██▄█▄█▄▀▀▀▄█ ▄▄ █▀█   █ █▀█▄ ▄▀ ▄ ▀█▄▄██▄▄▄▀▀▄▀▄▄▀█ ▄█
█▀▀▀▀▀▄▄   ▄▄▀███ ▄  █ ▄▄ ▄▀▄ ██ ▀▀██ █▄▀▄▄█▄▀█▄▀█▀▄   █▄ █
█▀█ ▄▄█▄ ▄▀ █▄ ██ ██▀ ▀▄▀▀▄█ ▄ █ ▀▄ ▄ ▄ █  ▄▄█▄  ▄███▀ ▄▄▄█
█ ▄ █▄ ▄▀▄ █▀ ▀█▄   ██ ▄█▄▀▄ ▄█▄▄▀▀   ▀▄█▄▄█▄ █▀█▄▀█▄▄▀█ ▀█
█▄█▄▄ ▄▄▄  ▄ ▀▄▀▀ ▀▀▄▀█▄▀▀█ ▄▄▄    ██▄   ▄▀▄▄▀▀█▄ ▄▄▄  ▄▀▀█
█   ▀ █▄█ ▄█  ▄▀▄▄▄██▀██▀▄▄ █▄█ ▀▄▄▄ ▄█  ▀▀▄█ ▄█▀ █▄█ ▀█▄██
███▀▀ ▄▄ ▄█▀█ ▄▄ █▀▀▄▄▀█▀▀▄▄  ▄▄  █▄ ▄▀▄█▄█▄▀▄  █    ▄█▄▀▄█
█ ▄ █▀█▄▀▄█▄  ▀▄ ██▄▄▄  ▄▄ █▄▄▄▄▀▀ ▄█ ▄██▄█▄▄█ █ ▄▄▀ ██ ▀▀█
█▄▄ ▀ ▄▄▄▀▄▀▀█▀▄ █▀  ▀▄▀ ▀█▄▄▄▀▄█ ▀▄▀█ ▀▄▀▀▄      █ ██ ██▄█
█▀▀▀ ▀▄▄ █▄▀▄██▀    ▀ ▄▄ ▄█   ▄▀▄ █▀ ▄ █▄ ▄▄▄ █ ▀▄▄▄ ▀  █▀█
█  ▄ █▀▄▀█▀▄▀██  ▄▄▄█ ██▀▄▀▄ ▄▀▄▄█▀█▄▀▀██▀ ▀▀██▀   ▀█▄▀█ ▄█
█  █▄▄█▄ ███ ▄ ▄▄█▀ ▀▀▄█▀█ ▄██▀▄▄  █▀ █▀██ ▄█▄█▄█▄▀ █▄▄▀  █
█   ▀▀▄▄▄▄ █ ▄▀▄█▄█▄█  █▀ ▀  ▀▄▄█ █▄█ ▄█▄▀▄ ▄▄█ ▄▀▀ ▀▄▄█▄ █
█ ▀▄▄██▄▀ ███▀▄ ▀█▄▄▄▄ ██▄▀▀ █▀▄ ███ ▄▄▄ ▄██▄▀█▄▄██▀▀█▄▄█▀█
█ ▀ ▀▀▄▄ █▀ ▀▀█▀▀ ▄ ▄ █ █▀▀▄▀▄▄▄ ▄▄ ▄ ▀▀▀▄▄▄▀ ▄█▀▀▄▄▄  █▄▄█
███████▄▄ █▀▀▀  █▀ ▄▄██▄██  ▄▄▄ ▄▄█ ▀  █▄▄▄▄ ▄█ █ ▄▄▄ ▀▀█▀█
█ ▄▄▄▄▄ █▄▀   ▀▄███▄▄▄▀▀▄█  █▄█ ▄▀▄  ▀███▀▄ ██▄   █▄█ ▄████
█ █   █ █▀▀ ▀  ██▀▄ ▀ █▀▀ ▀ ▄▄  ▄  █  ▄▀ ▀▄██▄██   ▄▄ █  ▀█
█ █▄▄▄█ █▀ █▀▄▄ ██▀█▄▄▀▀█▀▀▄ ▄█▀▄▄▄█▄▄▄ ▀▀▄██▄▄ ▄ ▀▄█ ▄▄█▄█
█▄▄▄▄▄▄▄█▄▄██▄▄▄███▄▄▄█▄█▄▄███▄▄▄▄███▄█▄▄▄▄▄▄█▄█▄▄▄▄█▄▄▄▄██

━━━━━━━━━━━━━━━━━━━━━━━━━━━━━━━━━━━━━━━━
Open WhatsApp > Settings > Linked Devices > Link a Device

✅ QR code image generated for web display

📱 Scan this QR code with WhatsApp:
━━━━━━━━━━━━━━━━━━━━━━━━━━━━━━━━━━━━━━━━
▄▄▄▄▄▄▄▄▄▄▄▄▄▄▄▄▄▄▄▄▄▄▄▄▄▄▄▄▄▄▄▄▄▄▄▄▄▄▄▄▄▄▄▄▄▄▄▄▄▄▄▄▄▄▄▄▄▄▄
█ ▄▄▄▄▄ █▄▀█████▀███ █ ▄▄ ▄▀▀▀ ▄ ▄██ █▄█▄▀█ ▀█ ▄ ██ ▄▄▄▄▄ █
█ █   █ █   █▀▀▄▄▄▀ ████ ▀ █▄██ █▄ ▄   ▄███▄ █▀▄ ██ █   █ █
█ █▄▄▄█ █▄ ████▀▀▀ █ ▀▄▄ █▀ ▄▄▄  █ ▀▀▄ ▄ ▀██▀█▄▀▄██ █▄▄▄█ █
█▄▄▄▄▄▄▄█▄▀▄█ █▄█▄█ ▀▄▀ ▀▄█ █▄█ ▀ ▀ █ █▄▀▄█▄█ █▄█ █▄▄▄▄▄▄▄█
█   ▄█▀▄█▄ █ ▀▀███ ▀█▄▄ ▀ █▄     █ ▄▀█▄█▄ █▀████▀▀ ██▄▄ ▀ █
█▀ █▄▀█▄▄█▀███ ▀ ▀ ██ ▄▄▄▄██▀█  ▀▄█▄▄█ █ █▀ ▀ ▀▄█▄ ▄▀▀ ▄▄▄█
█  ██ █▄▄ █▄██▄ ▄▄█▄  █▄██▀▀▀██▀ ▀▀█▄  ▀▀███ █▀▄██ ▀▀▀█▄▄▀█
█▄ ▄▀█▄▄ ▀██▄▄▄  ▄██▄▄▀ ▀▀██▀██▀█▄ ▀▀▀▀▄ █▀▀██  ██ ▄▄▀▀ ▀██
█ ▀▄▄█▄▄▀▀█ █▄▄ ▀▀█▀▄▄ ██▄ █▄▄ ▄ ▄▄▀▀▀▀█ █ █▄▄█  ▄ ▄ █ ▀█▄█
██ █▄▄▀▄█▀ ▀▀▀▀▀▀▄▄▄█ ▄ ▄   █  █ █▀▄▄▀ ▄▄▄█▄▄ ▀ ▀▀  ▀▀▀█▄▀█
█▄ ▀▀██▄█  ▄▄▄ ██ ▀███ ▄▀█▀▀▄    █▀█▄▀ ▄▄▄▀ █▀█▄▄  █  █  ▀█
█ ▄▄ █▀▄▀ ▀▄▀▀█▀▀▄▄▄ ▄█   █▀▄ ▀▄ ▄ ▄▄▀█▄ █▀██  ▄▀█  ▀█▀██ █
█ ▄█ ▀ ▄▄▀█▄ ▀▀▄▀█  █ █▀█▄███▀█▄▄▄▄█  ▀▀ ▀▄█▄█ ▄▄█▄▀█▀▀█ ▄█
█▀ ▄▄ ▄▄▄ ▀▀ ▄ █▀ ▄▄▀▀█▄▄▄█ ▄▄▄ █ ▄█ ▀█▄ ▄ ▀▀▀▀█▀ ▄▄▄ ▀▀▄▀█
█▀▀▄█ █▄█  ▀▀▀▄█  █▄▄█▀▀ ██ █▄█     ▀██▄▄█▀█▄▄ ▀█ █▄█ ▄██▀█
█▀ ▀▄▄ ▄▄▄ ▄█ ▄▀█ █ ▄▀▄ ▀▀█▄▄▄▄▄ █▀   █▀▄▀███▀▀▄▄  ▄▄ ▄▄▀▀█
█▀▀ ▀▀ ▄█▄█▄██▄▄▄▄ █▀▄  ▀▀██ █▀▀▄▀ ▄▄▀▀█▀▄▀ █▀▄▄▀█▀▀█▄ ▄ ▀█
█ ▄ ▄▄█▄██ █ ▄   ▀ ▀██ █ ▄▄ ▀▄ █▄ █   ▀█▀▄▀▄█ ▄█ ▀▄▄▄▀▀▄█ █
██ ▄█▄▄▄  ▀▄ ██▄██  ▀█▀▀ ▄████▄ ▄█ ▄▄▄  ▄▀▄▄▀▀ █▀▄▄▀█▄  ███
███▄ █▄▄▄██▀▄▀▄  ▄▀▀  ██▄▀▄▄ ▄▄█ ▄▀█ █▄██▀█▄███▀███▀█▄▄ █▄█
█▀▀▀ ▀ ▄▀▀█▄█▄█  ▀ ▀ █ ▀ ▄▀ ▀▀ ██▄▄▀ ▀▄█▀▀▀█▄ ▀ ▄██▄▀ ▀▄▀▄█
█  █▄▄▀▄▄▀ ██▀ ▄ ▀█▄███ ▀ ▀██▄▄▄██▄▀█  ▄▀▄  ▄▀▄█▄ ▄█▄▀ ▄▄██
██▄▀██▄▄█ █  ▄▀▄▀█▀▀▀▄ █ ▀██ █▄▀██▄▄█▀▄▄ ▄  ▀▀▀█▀▄▄▀▄█▄  ▀█
█ ▀ ▀▀▄▄▀▄█▄  ▄██▄▀██▄▄▀▄ ▀██ ██▀  ▄█▀ ▀▀ ▄▄ ▄  ▄ ▄ ▄▀ ██ █
███████▄▄  ▄▀▀ █▀█  ▀▀ ▀▄█  ▄▄▄ ▄▀ █  ▄ ▀█▀█ ▀▀▄█ ▄▄▄  ▀█ █
█ ▄▄▄▄▄ ██▀ ██▄▄▄▄ ▀█▄▀▀  █ █▄█ █▀▄  ▀▀▄ ▄ ▄ ██▀█ █▄█ ▀ ▀▀█
█ █   █ █▀█▄▀▄▀▀▀██▀ ▄▀█ ▀ ▄▄▄    ▄▀▀▀██▄██▄ ▄▀▀▀   ▄▄▄▀▀▄█
█ █▄▄▄█ █ █▄ █▄   ▀█▄▀▄▄█▀▀▀█▀█▀█ ▀ █▄▄███▄█▄▀▀█▄ ▀▀█▀▄▄█▀█
█▄▄▄▄▄▄▄█▄█▄▄█████▄██▄█▄▄███▄████▄██▄█▄▄▄▄████▄████▄█▄█████

━━━━━━━━━━━━━━━━━━━━━━━━━━━━━━━━━━━━━━━━
Open WhatsApp > Settings > Linked Devices > Link a Device

✅ QR code image generated for web display

📱 Scan this QR code with WhatsApp:
━━━━━━━━━━━━━━━━━━━━━━━━━━━━━━━━━━━━━━━━
▄▄▄▄▄▄▄▄▄▄▄▄▄▄▄▄▄▄▄▄▄▄▄▄▄▄▄▄▄▄▄▄▄▄▄▄▄▄▄▄▄▄▄▄▄▄▄▄▄▄▄▄▄▄▄▄▄▄▄
█ ▄▄▄▄▄ █▄▀███▄█▀▀▄█ █ ▄  ▄▀▀▀ ▄ ▄█▀▀█ ██▄   ▀ ▄ ██ ▄▄▄▄▄ █
█ █   █ █   ▀█▀▄██▀ ▄███▀▀ █▄██  █ ▄▀▀ ▄▄██▄▀█▀▄ ██ █   █ █
█ █▄▄▄█ █▄ █▀ █▀▀▀ █ ▀▄▄ █▀ ▄▄▄ ██ ▀██ ▄▄▀██▄█▄▀▄██ █▄▄▄█ █
█▄▄▄▄▄▄▄█▄█ █ █▄█▄█ ▀▄▀ ▀▄█ █▄█ ▀ ▀ █ █▄▀▄█▄█ █▄█ █▄▄▄▄▄▄▄█
█   ▄▀▀▄█    ▄▀███ ▀█▄▄ ▀ ▀▄     █ ▄▀█▄█▄ █▀████▀ ▄█▀▄▄ ▀ █
█▀ █▄ █▄ ▀ ██  ▀ ▀ ██ ▄▄▄▄█▄▀█  ▀▄█▄▄█ ▀ █▀▄▀ █▄█▄ ██▄ ▄▄▄█
█  █  █▄█▄█▄██▄ ▄▄█▄  █▄██ ▀▄▀█▀ ▀▄▄▄  ▀▀█▄▄ █▄▄▄█ ▀ ▀█ ▄▀█
██ █▄█▄▄▀▀██▄▄▄  ▄▀▀▄▄▄▄▀▀██ ▄▀██▄ █▀█ █ ▀▀▄▀▀██▀▀ ▄▄ ▀▀▀██
█▄ █ █▄▄▀▀█ █▄▄ ▀  ▀ █▄▀█▄ █▄▄█▄ ▄▄ ██ ▄▄█▄█▄▄▀  ▄ ▄ █  ▀ █
██▄▄▄ ▀▄█▀ ▀▀▀▀▀▀ ▄▄▄ ▄ ▄█  █  █ ▀▀▄▄  ▄█ ██▀▄ ▀▀▀ ▄▀▀▀█ ▀█
██▀▀▀  ▄█  ▄▀  ██ ▀███ ▄▀█▀▀▄   █▀▀█▄█ ▄ ▄▀ ▄▀█▄▄ ▀▄  █  ▀█
█ ▄▄   ▄█ █ ▀▄  ▀▄▄▄ ▄█   █▀▄ ▀▄▀▄ ▄█▀█▄▀█▀██  ▄▀███▀█▀██ █
█ ▄█ ▄▄▄▀▄ ██▀ ▄▀█  █ █▀█▄▀▀█▀█▄▄▄▄█  ▀▀ ▀▄█▄█ ▄ █▀▀█▀▀█ ▄█
█▀ ▄▄ ▄▄▄ ▄▀██▄ ▀ ▄▄▀▀█▄▄▄  ▄▄▄ █  ▀ ▀█  ▄▄█▀▀█▀  ▄▄▄ ▀▀▄▀█
█▀▀█▄ █▄█ █ ▀▀    █▄▄█▀▀ ██ █▄█   ▄▀▀█▄█▄██▄▄▄  ▀ █▄█ ▄██▀█
█▄█▀▀▄▄▄▄  ▄█ ▄▀█ ▀▄▄▀█ ▀▀█▄▄▄▄▄ █▀   ▀ ▄█▄▀█▀ ▀▄ ▄▄▄▄▄▄▀▀█
█ █▀▄▀ ▄ ▀█▄██▄▄██▄██▄▄ ▀▀███▄▀▀▄▀ ▄ ▀ █ ▄  ▀█▄▄▀▀▀▀ █ ▄ ██
█ ▄▀█▄█▄ ▀ █ ▄   ▀ ▀█▄ █ ▄▄ ▄▀ █  █ ▀▀ █▀█▀██▄██▀▀▄▄▀▀▀▄ ▄█
██▀▄█▄▄▄  ▀▄█▄█▄██  ▀█▀▀ ▄████▀  ▀ ▄▄▄  ▀█▄▄ ▀ █▀▄▄▀█▄  █▄█
███▄ █▄▄▄█   █ ▄ ▄▀▀  ██▄▀▄▄ ▄ ▀ █▀█ █▄██▀█▄███▀███▀█▄▄ █▄█
█▀▀▀  █▄▀▀█  ▄▀  ▀ ▀ █ ▀ ▄▀ ▀▀ ██▄▄▀ ▀▄█▀▀▀█▄ ▀ ▄█▄▀▀ ▀ ▀▄█
█  █▄██▄▄▀ ▀▄▀ █ ▀█▄███ ▀ ███▄▄▄██ ██  ▄▀▄ ▄▄▀▄█▄  █▄▀▄▄▄██
██▄▀▄▀█▄▄▄▀█ ▄▀▀▀█▀▀▀▄ █ ▀▄▄ █▄▀█████▀ █ ▄▀▀▀▀▀███▄▀▄▄█  ▀█
█ ▀ ▀▀▄▄▄▄█▄  ▄██▄ ▄█▄▀█▄ ▀██ ██▀  █▀▀▀▄▀ ██▄ ▄▄ ▀█  ▀ ██ █
███████▄█  ▄▀▀ ██▄▄▄▀▀▀▀██  ▄▄▄ ▄▀ █▀▄█▀█▀▄█ ▀ ██ ▄▄▄   █ █
█ ▄▄▄▄▄ ██▀ ██▄▄   ▀█▄▀▀▄▄█ █▄█ ▀▀▄ ▀▄▀▄▄ ▀▄ ▄█▀▀ █▄█ ▀ ▀██
█ █   █ █▀█▄ █▀▀▀██▀ ▄▀█ ▀ ▄▄▄  ▀▄▄▀ ▀███▀█▄▄▄▀▀      ▄▀▀██
█ █▄▄▄█ █ ▀  ▀ █  ▀█▄▀▄▄█▀▀▀▀██▀█ ▀ ▄█▄███▄██ ▀█▄ ▀▀▀█▄▄█▀█
█▄▄▄▄▄▄▄█▄█▄██▄███▄██▄█▄▄████▄███▄██▄█▄▄▄▄████▄████▄▄██████

━━━━━━━━━━━━━━━━━━━━━━━━━━━━━━━━━━━━━━━━
Open WhatsApp > Settings > Linked Devices > Link a Device

✅ QR code image generated for web display

📱 Scan this QR code with WhatsApp:
━━━━━━━━━━━━━━━━━━━━━━━━━━━━━━━━━━━━━━━━
▄▄▄▄▄▄▄▄▄▄▄▄▄▄▄▄▄▄▄▄▄▄▄▄▄▄▄▄▄▄▄▄▄▄▄▄▄▄▄▄▄▄▄▄▄▄▄▄▄▄▄▄▄▄▄▄▄▄▄
█ ▄▄▄▄▄ █▄▀███▄█▀▀▄███▀█▄▄▄▀▀▀ ▄ ▄▀█▀ ▄█▄▄▄ ▄▀ ▄ ██ ▄▄▄▄▄ █
█ █   █ █   ██▀▄▄▄▀ ████ ▀ █▄██ ▀▄ ▄ ▀ ▄█▄█▄ ▄▀▄ ██ █   █ █
█ █▄▄▄█ █▄ ████▀▀▀ █ ▀▄▄ █▀ ▄▄▄ ▀  ▀▀▀ ▄████  ▄▀▄██ █▄▄▄█ █
█▄▄▄▄▄▄▄█▄▀ █ █▄█▄█ ▀▄▀ ▀▄█ █▄█ ▀ ▀ █ █▄▀▄█▄█ █▄█ █▄▄▄▄▄▄▄█
█   ▄██▄▀▄█▀ ▄▀███ ▀█▄▄ ▀ █      █ ▄▀█▄█▄ █▀████▀  █▀▄▄ ▀ █
█▀ █▄▀█▄▀▀█▀█▀ ▀ ▀ ██ ▄▄▄▄█▄█▀  ▀▄█ ▄█▄█ ██ ▀ ▀ ██▀█▄█ ▄▄▄█
█  ▄▄ █▄█▄█▄██▄ ▄▄█▄  █▄██  █▀█▀ ▀▀█▄ ▄ ▀█ ▄ ██▄ █ ▀▀▀▀▄▄▀█
█▀   █▄▄▀▀██▄▄▄  ▄▀▀▄▄▄▄▀▀██▀▄▀▀█▄█▄▀▀█▄ ▀▀ ██▄██▄ ▄▄  ▀▀██
█▄▀▀▀█▄▄▀▀█ █▄▄ ▄ ██ █▀█ █ █▄▄ ▄ ▄▄▀▀▀██▄█▀▄ ▄█  ▄ ▄ █▀▀█ █
█▀ █▄ ▀▄█▀ ▀▀▀▀▀██▄▄█▀▄  █  █  ▄▄█▀▄ ▀ ▄▄▄▄▄▄█▀ ▀▀▄ ▀▀▀█▄██
█▀ ▀▀█▀▄█  ▄▄▄ ██ ▀███ ▄▀█▀▀▄   █▀▀█▄█ ▄  ▀ █▀█▄▄ ▀█  █   █
█ ▄▄  █▄█▄▀███ ▀▀▄▄▄ ▄█   █▀▄ ▀▄▀▄ ▄█ █▄▀█▀█▄  ▄▀█▀▀█▀▀██ █
█ ▄█ ▀▀▄▄ ▄█▄▀▄▄▀█  █ █▀█▄▀▀█▀█▄▄▄▄█  ▀▀ ▀▄█▄█ ▄▄█▀▀▀▀▀█ ▄█
█▀ ▄▄ ▄▄▄  ██▄▀▄▀ ▄▄▀▀█▄▄▄▀ ▄▄▄ █  ▀ ▀▀▄ ▄▄█▀▀▀█▀ ▄▄▄ ▀▀▄▀█
█▀▀█▄ █▄█ ▀ ▀▀ ▀  █▄▄█▀▀ ██ █▄█   ▀ ▀███▄█▀▄▄▄▀ ▄ █▄█  ▄█▀█
█ ▄▀█ ▄▄   ▄█ ▄▀█ █▀▄▀█▀▀▀█▄▄▄▄▄ █▀▀  ▄▀▄█ ██▀▀█▄  ▄ ▄█▄▀▀█
██▄ ▀▀ ▄  █▄██▄▄ █ █▀█  ▄ ███▄▀▀▄▀ ▄ ▀ ▄▄ ▀▀▀██▄██▀▀▄▄ █ ██
█▄▀▄ ▄█▄▄▀ █ ▄  ▀  ▀▀▄ █▄█▄  █ █  █ █▄▀█▀█▀█▀██▄ ▀▄▄▄▀▀▄▄▄█
██▀▄█▄▄▄  ▀▄▄▀█▄██  ▀█▀▀ ▄█████▄ ▀ ▄▄   ██▄▄▄▀ █▀▄▄▀█▄  ▄██
███▄ █▄▄▄█▄█ ▀▄▄ ▄▀▀  ██▄▀▄▄ ▄ ▀▀▄▀█▀█▄█▄ █▄▄▄█▀███▀█▄▄ █▄█
█▀▀▀ █▀▄▀▀ █▀█   ▀ ▀ █ ▀ ▄▀ ▀▀ ██▄▄▀ ▀▄█▀▀▀█▄ ▀ ▄█▀ ▀ █ ▀▄█
█  █▄▀ ▄▄▀ ▄ ▄▄  ▀█▄███ ▀ ███▄▄▄██▄██   ▀▄▄▄▄▀▄▀▄█▀█▄▀ ▄▄██
██▄▄ ▄ ▄▄ ▄▀ ▄ █▀█▀▀▀▄ █ ▀██ █▄▀██▀██▀▀▄ ▄▀ ▀▀▄▄▀▄██ █▄▄ ▀█
█ ▀ ▀▀▄▄ ██▄  ▄██▄ ██▄█▄▄  ▀█ ██▀  ▄█▀█▀▀▄██  ▄▄▀▄▀ ▀  ▄█ █
███████▄█▀ ▄▀▀ ██▄▄   ▀█▄▄  ▄▄▄ ▄▀ █  ▀ ▄██▄▄█▀▄▀ ▄▄▄ ▀ █▄█
█ ▄▄▄▄▄ ██▀ ██▄▄   ▀ ▄▀▀▄ █ █▄█ █▀▄ ▀▄ █▄ ▀▄  ▄ █ █▄█ ▀ █▀█
█ █   █ █▀█▄██▀▀▀██▀ ▄▀█ ▀ ▄▄    ▄▄▀ ███ ▀█▄█ ▀▀    ▄▄▄▀ ▄█
█ █▄▄▄█ █ █▀▄ ██  ▀█▄▀▄▄█▀▀▀█▀█▀█ ▀ ▄█▄█▄▄▄██▀▀█▄ ▀▀▀▀▄▄█▀█
█▄▄▄▄▄▄▄█▄███▄█▄██▄██▄█▄▄████▄███▄██▄█▄▄▄▄████▄████▄▄▄█████

━━━━━━━━━━━━━━━━━━━━━━━━━━━━━━━━━━━━━━━━
Open WhatsApp > Settings > Linked Devices > Link a Device

✅ QR code image generated for web display

📱 Scan this QR code with WhatsApp:
━━━━━━━━━━━━━━━━━━━━━━━━━━━━━━━━━━━━━━━━
▄▄▄▄▄▄▄▄▄▄▄▄▄▄▄▄▄▄▄▄▄▄▄▄▄▄▄▄▄▄▄▄▄▄▄▄▄▄▄▄▄▄▄▄▄▄▄▄▄▄▄▄▄▄▄▄▄▄▄
█ ▄▄▄▄▄ █▄▀████▄ █▄█ █ ▄  ▄▀▀▀ ▄ ▄█▀▀ ▄█▄█▄ ██ ▄ ██ ▄▄▄▄▄ █
█ █   █ █   █▀▀▄█▄▀ ████▀  █▄██  █ ▄   ▄███▄█▄▀▄ ██ █   █ █
█ █▄▄▄█ █▄▄██▀█▀▀▀ █ ▀▄▄ █▀ ▄▄▄ ▄  ▀▄▀ ▄▄▀██▀ ▄▀▄██ █▄▄▄█ █
█▄▄▄▄▄▄▄█▄▀▄▀▄█▄█▄█ ▀▄▀ ▀▄█ █▄█ ▀ ▀ █ █▄▀▄█▄█ █▄█ █▄▄▄▄▄▄▄█
█   ▄██▄▀ ▀█▀█▀███ ▀█▄▄ ▀ ▀▄     █ ▄▀█▄█▄ █▀████ ▀▄██▄▄ ▀ █
█▀ █▄ ▄▄▄ ▄▄█▄ ▀ ▀ ██ ▄▄▄▄▄█▀▀  ▀▄▀ ▄█▄▀ █▀▄▀ █ █  ██  ▄▄▄█
█  ▄▀ █▄▀▄█ ██▄ ▄▄█▄  █▄██  ▀▀█▀ ▀▄▄▄ ▀ ▀█ ▄ █ ▄█▄ ▀▀█▀▄▄▀█
█ ▄▄ █▄▄▀ ██▄▄▄  ▄▄█▄▄█ ▀▀██▀▄█▀█▄▄█▀▀ ▀▄█  █▀█▄ ▀ ▄█ ▄ ▀██
███▀▄█▄▄▀▀█ █▄▄ ▀▀▀███ ▀▀█ █▄▄▄▄ ▄▄ ▀███▄▀▀█ ▄▄  ▄ ▄ █▀ █ █
█▀█ █ █▄█▀ ▀▀▀▀▀▄▄▄▄▄ ▄  █  █  █▄▀▀▄█▀▀██▀▄▄▀ ▀ ▀▀▄ ▀▀▀██▀█
█▄▀▀▀▀▄▄█  ▄▀  ██ ▀███ ▄▀█▀▀▄   █▀▀█ █ ▄▄▄▀ █▀█▄▄ ▀█  █   █
█ ▄▄ █ ▄▀ ▀▀█▀▄ ▀▄▄▄ ▄█   █▀▄ ▀▄ ▄ ▄▄▀█▄▀█▀█▄  ▄▀█▀▄██▀██ █
█ ▄█ ▀▀▄▄▀ █   █▀█  █ █▀█▄█▀█▀█▄▄▄▄█  ▀▀ ▀▄█▄█ ▄█▄ ▀▀▀▀█ ▄█
█▀ ▄▄ ▄▄▄ ▄▀█▄ ▄▀ ▄▄▀▀█▄▄▄▀ ▄▄▄ █  █ ▀█  ▄ ▀▀▀▀▀▀ ▄▄▄ █▀▄▀█
█▀▀▄▄ █▄█ ▄█▀▀ ▀  █▄▄█▀▀ █▀ █▄█    ▀▀███▄█ █▄▄▀   █▄█  ▄█▀█
███  ▄ ▄   ▄█ ▄▀█ █▄▄▀▄ ▀▀▄▄▄▄▄▄ █ ▀   ▄▄▀ ███▄▄█   ▄▄▄█▀▀█
█ █▀▀▀ ▄█ █▄██▄▄██▄▀▀█▄▄  ██ █▀▀▄▀ ▄▄▀▀█   ▀▀█▄▄▀▀▀▀▄▄ ▄ ██
█ ▀█▀▄█▄██ █ ▄   ▄ ▀ ▄ ██▀▄ ▄▀ █▄▄█ ▄  █ ▀▀█▀ ██ ▀▄▄ ▀▀▄  █
█▄▀▄█▄▄▄  ▀▄ ██▄██  ▀█▀▀ ▄████▄ ▄█ ▄ ▄  ▀▀▄▄ █ █▀▄▄▀█▄  ▄██
███▄ █▄▄▄██  █▄  ▄▀▀  ██▄▀▄▄ ▄▀█▀█▀█▀▄▄██▀█▄███▀███▀█▄▄ █▄█
█▀▀▀ ▀█▄▀▀   ▀▄█ ▀ ▀ █ ▀ ▄▀ ▀▀ ██▄▄▀ ▀▄█▀▀▀█▄ ▀ ▄█▄█▀ █ ▀▄█
█  █▄▀▀▄▄▀█ █▄ █ ▀█▄███ ▀ ███▄▄▄██ ██ ▄▄▀▄  ▄▀▄▀  ▄▀▄▀▄█▄██
██▄ ██▀▄▄▀█▄ ▄ ▄▀█▀▀▀▄ █ ▀▄  █▄▀██▄▄█▀██ ▄█▀▀▀███ ██████ ▀█
█ ▀ ▀▀▄▄  █▄  ▄██▄▀▄█▄ █▄   █ ██▀ ▀▄▀▀▄█▀ ▄▄  ▀▄▄▀  ██▄██ █
███████▄▄▀ ▄▀▀ █ █  ▄ ▀▀▄▄  ▄▄▄ ▄▀ ██▄ ▀▀█ █ █▀▄▀ ▄▄▄  ▀▀ █
█ ▄▄▄▄▄ ██▀ ██▄▄ ▀ ▀▄█▀▀▀▀█ █▄█ ▀▀▄ ▄█▀█▀█ ▄ █▄ ▀ █▄█ ▀ ▀▀█
█ █   █ █▀█▄  ▀▀▀██▀ ▄▀█ ▀ ▄ ▄  ▄ ▄▀▀███ ██▄  ▀▀▀    ▄▄▀▀██
█ █▄▄▄█ █ █▄▄ ▀▄  ▀█▄▀▄▄█▀▀▀▄██▀█▀▀ ██▄██▄▄██ ▀█▄ ▀▀█▀▄▄█▀█
█▄▄▄▄▄▄▄█▄█████▄██▄██▄█▄▄███▄▄███▄██▄█▄▄▄▄████▄████▄▄██████

━━━━━━━━━━━━━━━━━━━━━━━━━━━━━━━━━━━━━━━━
Open WhatsApp > Settings > Linked Devices > Link a Device

✅ QR code image generated for web display

📱 Scan this QR code with WhatsApp:
━━━━━━━━━━━━━━━━━━━━━━━━━━━━━━━━━━━━━━━━
▄▄▄▄▄▄▄▄▄▄▄▄▄▄▄▄▄▄▄▄▄▄▄▄▄▄▄▄▄▄▄▄▄▄▄▄▄▄▄▄▄▄▄▄▄▄▄▄▄▄▄▄▄▄▄
█ ▄▄▄▄▄ █▄▀█▄▀▄█ █ ▀ █ █▄ ▄▀ █ ▄▀ █▀▀█▄█▀█  ▀██ ▄▄▄▄▄ █
█ █   █ █ ▀▀ ▄▄▄▀ ▀  ██▄ ▀ ▀ █▄  ▄█▀▀ ▄█ █▀▀▄▀█ █   █ █
█ █▄▄▄█ █▄▄▀█▀█▀ ▀▄▀  ▀ █ ▄▄▄ ▀█▀ ▄▀▄▀   █▄ ███ █▄▄▄█ █
█▄▄▄▄▄▄▄█▄▀ █▄█▄▀▄▀ █▄▀ ▀ █▄█ █▄▀▄▀▄▀▄█ █▄█▄█ █▄▄▄▄▄▄▄█
█▄▄▄ ▀█▄▀ ▄▀▀ █▄█  ▀▀▄ ▄▀▄▄  ▄ ▀█▀▀█▄█▀▄  ▀▀▀█▄█▀ ▄ █ █
█▀▀▄█▀█▄ ▀▄▄ ██▀▀▄███▄▄█ ███ ▀▄ █▀▄  ██▄██▀▀▀ ▀█▄▀█▄▄▀█
█▀█▀ ▀ ▄██▀ █  █ ▄  ▀▀ ▀█▀▀▀▄▄█▄▀▀ ▄▄▄▀ █▀▄▄ ▀ █ ▄▀ ▄▄█
█ █▀  ▀▄▄█     █ █▀█▀▄  █ ▀▄  ▄▀ █▀█▀▀ ▄█ ▄▄▄▀▄ ▀▄▀█  █
██  ██▄▄▄▄▀▄█ █▄▄▀ ▀ █ █▀▀ ▀▀▄▀█▄▄ ▀▀▀▀▄ █ ██▄▀▀ █▀▄▀ █
███▄▄▀▄▄██ ▄▄▄▀▀██  ██████▀  ▀█▄██▄▀ ▄ ▄  ▀▀▄▀ ▄▄ ▀ ███
█▀ ▄███▄    ▄█▄▀ █ ██▄ ▄▀▄▀█▀█ ▀██▄█ ▀▀█▀  ▀█▄▄█▄▀█▄███
█▀██ ▄▄▄█▀▀▄▀  ▀ ▀█▀▀██▀█▄ ▄ █▄▄▀█ ▄▄▄█▄▄█▄▀▄▀██▀ ██ ██
█▀█▀▀ ▄▄▄ ▄█ ▀▄  ▀   ▀██  ▄▄▄ ▄█ █▀▄▄▄ ▀▀▀▄█  ▄▄▄ ▄ ▀ █
██▄   █▄█ █▀ ▀  █▀█▄▀▄▄▀  █▄█  █▀█ ▀ ▀█ █▄ ▄█ █▄█ ▀█▀▄█
█  ▄▄▄▄▄▄ █▀▀▄  ▀▀██ █▄▀  ▄  ▄ ▄▄ ▀▀▀▀█▄▄▀ ▄█ ▄ ▄▄█████
█ ▄▄   ▄ ▀█ ▄█▀▀ ▄█  ▀███▄ █ ▄   █▄▄▀ ▀ ▀▀▀▄ █▀▀ ██▀▄▀█
█ ▀█▄▀▄▄▄▄▀▀█  █ ▄▀██▄█ ▀ ▀█ ▄▀▀██▄█ █ ██  ▀▄ █▄█ ▀▄ ██
█▀▀▀██▄▄ ▄▀ ▀▀█▀▄▀▀▀▄█▀█   ▄█ ▄ █ ▄▄▄██▄▄▀▄▄▀  █▀▀▄█▄██
██  ▀▄▄▄ ▄▀  ▄▀█▀▄▄   ▀▀█ ▄█▄▀███▀▀█▄▄▀▀▀▀▄██  ▄▄▄ ▀▄██
█▀▀  █▀▄ █▀█  █ ▀█  ▄▄▄ ▀▀▄ ▄█▄▄▀    ▄▀▀█▄▀██   █▄ █▄▄█
█ ▄███▀▄██████ █▀█▄▀ █ ▀▀▀ ▄ ▀▄█   ▀█▀ █ █ ▄█  ██▄▀▀▀██
█▄ ▀▄▄▄▄ ▀▄▄▄█▄▄  ▀▀ █ █▀ ▀██▄ ███▄▀▀▀   █▄█▀▄█▀▄▄▀▀ ▀█
████▄██▄█▀▄   ██▄█▀█ █▄▄█ ▄▄▄ ▀  █▀▄ █ █▄▄▀   ▄▄▄ ▀▄█▀█
█ ▄▄▄▄▄ ██▀█▄█ ▄▄▀█▄▀█▀ ▀ █▄█  █▄▀  ▀ ▀▄▄▀██▄ █▄█  █▀▀█
█ █   █ █▀ ▄▄  █▄██ ▀▀▀█▀▄   ▄██▀█ █▄▄ ▀██▄██  ▄ ▄▄▄ ██
█ █▄▄▄█ █ ▀▀▄▄▀█ ▄▄▀ █▀ ▀▀▀ █ ██ ▀▀▀▄ ▄▄█▀ ▀█▀▄█▄▀ █ ██
█▄▄▄▄▄▄▄█▄█▄██▄█▄▄██▄██████▄██▄▄█▄████▄███▄████▄▄▄█▄▄██

━━━━━━━━━━━━━━━━━━━━━━━━━━━━━━━━━━━━━━━━
Open WhatsApp > Settings > Linked Devices > Link a Device

✅ QR code image generated for web display

📱 Scan this QR code with WhatsApp:
━━━━━━━━━━━━━━━━━━━━━━━━━━━━━━━━━━━━━━━━
▄▄▄▄▄▄▄▄▄▄▄▄▄▄▄▄▄▄▄▄▄▄▄▄▄▄▄▄▄▄▄▄▄▄▄▄▄▄▄▄▄▄▄▄▄▄▄▄▄▄▄▄▄▄▄
█ ▄▄▄▄▄ █▄▀ ▀█▀▄ ▄███▄ ▄▀▄▀  ▄█ ▀██▄█▀█ ▄ █ ▀██ ▄▄▄▄▄ █
█ █   █ ███▄▄▀▄ ▄▄▀▀ ▀     ██ ▄▀   █▀▀▄▀█▀▀▀▄▀█ █   █ █
█ █▄▄▄█ ███ ▄ ▀▀▀▀ ▄▄   ▀ ▄▄▄ █ █ █▀ ▄▄ ▀█  ███ █▄▄▄█ █
█▄▄▄▄▄▄▄█ ▀ █ ▀▄▀▄█▄▀▄▀ █ █▄█ ▀▄▀ ▀▄█▄▀▄▀ █▄▀ █▄▄▄▄▄▄▄█
█▄▄▀▄▄█▄▀█▀█▀▀█  ▄  ▀ █ ▀▄ ▄▄ ▀▀██   ▄ ▀    ▀▀▀ ████▀▄█
██▄▄▄▀ ▄█▀▀▄▄ ▀▀ ▄▀ ▀▄██▄ ▀▄▀▀ ▄▀ █▀▄ ▀█▄██▄▄▀▀▄▀▄▀▄ ██
█▄▀▀▀ █▄ ▄▀█▀▄█▄ ██▄▄    █▄  ▀  ▄  █▀ ▄▀█ ▀ █  ▄█ ▄▀█▄█
█▀█▄▀▄█▄ ██▄▀▄ ▀█▀▀▄▀ █▄█▀▀ ▄▄   █▄▀▀ ▄   ▄█▄█▀ █▀▀ █▄█
█ ▄ ▄ █▄▄  ▄▀█▀▄█▀▄▄▄█▀██▄▄█ ▄  ▀   █▄ ███ ▀▀▄▀▀█ █▄  █
██ █▄▀ ▄▀▄██▀ ▄ █▄█▄ ▄█▄ ▀▀▀  ▀▀ █▄▀█▀▄█ ▀███ ▀▄▀▄▄▀█ █
█▀▀█ ▀█▄ ▄▄▀▄▀▄██▀ ▄█ █ ▀█▀ ▄▀  █▀▀▀  ▀▀▄▄  █ ▀▀▄ █ ▀▀█
█▄▀█   ▄█▀ ▄█ ▄▀▀▀▀▄██▄▀▀▀▄▄▀▀ ██▀█▄ ██ ██   ▀▄▀▀█ ▄▀██
██  ▀ ▄▄▄ ▄▄██▀▀  █▄█ █▄█ ▄▄▄ ▀ █▄█▄▄ █▀█ ▀▀█ ▄▄▄   ███
█▀▄▄█ █▄█ ██   ▄ ███▀ ▀█  █▄█ ▀▄ ▀██ ▀██▀  ██ █▄█ ▀▀█ █
█ █  ▄ ▄ ▄▀  █▄  ▀▀ ▄██▀▄▄    ▄▀   ▀█▄▀▄█▀▄▀ ▄ ▄▄ ▀█▄██
█▄▀▄▄▀▀▄  █▀ ▄▄  █ ▄█ █▄  ▄  ██▄▀▄ █▄▄ ▀█ ▄ ▄▄█▄█▀█▀▄ █
█▀▀▀▀█▄▄▄ ▄██▀ ▀█ ▀▄█  ▄▀▀▀▀█  ▀██▀▀▄ ▄▀▀▄▀ ▄▄  █▀  █▀█
█▄▀▀▄█ ▄▄▄▀ █▄▀▀█▀█▄ █ █ ▀▄▄▀▀ ▄ ▀██   █▄▀  ▀█▀██▄ ████
█ ▀ ▄ ▀▄▄ ██ █▄▄▀█▀▄█▀▀  ▄▀▄▀▀ ▀  ▀▄▀ ▄ ▀ ▀▀▄▄ █ ▀█▄▄▄█
█ ▀▀  ▄▄  ▄▀█▀█▄▄▀ ▀▄ ▀▄▀   ▀▀ ██▄█  ██▀ ▄▀▄▄▄ ▄███ ▀ █
██ █▄██▄▀█▄█▀ ▄█ █ ▄▄█▀▀▀█▄ ▀▀█▀▄▄▀▀▄ ▀▄▄██ ▀ ▀█▀▀▄▀ ██
█▄ ▀▄▄▄▄█  ▄▀▀   ▀▄██▄ ▄▄█▄▄ ██▀▀█▄▀▄▄▄▀ ▄▀ ▄▀█ ▀ ▄   █
████▄██▄█▀█▄▄ █ ▀▀▀▄ ▀▀ █ ▄▄▄ ▀▀ ▀▄  ▄ ▀▀ ▀▀  ▄▄▄ █  ██
█ ▄▄▄▄▄ ██ █  ▄▄█▀▀▀██  █ █▄█ ▄ ▄██▄▀▀▀ ▀█▀▄▀ █▄█ ▀▄ ▀█
█ █   █ █  █▀▄█▄▄▄ ▄▄ ▀▄▄ ▄   ▀ ▀  ██ █▀▀▄█   ▄▄ ▄ █ ▄█
█ █▄▄▄█ █▀█▀▄█▄ █ ▄  ▀▄▄▀▄█ ▀▄██▀█▄█▄ █▀▀▄ ▀██▀    ▀█▀█
█▄▄▄▄▄▄▄█▄██▄█▄██▄█▄▄█▄█▄▄▄▄▄█▄██▄▄██▄▄█▄█▄▄██▄▄▄▄█▄███

━━━━━━━━━━━━━━━━━━━━━━━━━━━━━━━━━━━━━━━━
Open WhatsApp > Settings > Linked Devices > Link a Device

✅ QR code image generated for web display

📱 Scan this QR code with WhatsApp:
━━━━━━━━━━━━━━━━━━━━━━━━━━━━━━━━━━━━━━━━
▄▄▄▄▄▄▄▄▄▄▄▄▄▄▄▄▄▄▄▄▄▄▄▄▄▄▄▄▄▄▄▄▄▄▄▄▄▄▄▄▄▄▄▄▄▄▄▄▄▄▄▄▄▄▄
█ ▄▄▄▄▄ █▄█▀▄▀▄█ █ ▀ █ █▄ ▄▀█▄ ▄  ██▄▀██▄▀  ▀██ ▄▄▄▄▄ █
█ █   █ █  █▄ ▄▄▀ ▀  ██▄ ▀ ▀ ▀▄  ▄█▀▀ ▄█ █▀▀▄▀█ █   █ █
█ █▄▄▄█ █▄▄▀▀▀█▀ ▀▄▀  ▀ █ ▄▄▄ ▀█▀ ▄▀▄▀   █▄ ███ █▄▄▄█ █
█▄▄▄▄▄▄▄█▄▀ ▀▄█▄▀▄▀ █▄▀ ▀ █▄█ █ ▀▄█▄▀ ▀▄▀ █ █ █▄▄▄▄▄▄▄█
█▄▄▄ █▀▄█▄▄▀▀ █▄█  ▀▀▄ ▄▀▄▄▄ ▄▀ ▄█████▀▄ ▄▀  █▄█▀▄▄ ▀▄█
█▄▀▄█▀▄▄  ▄  ██▀▀▄███▄▄█ ███ ▀█▀█▀▄▀ ▄██▄▄▀ █ ▀▄█▀█▄ ██
████▄▀ ▄██▄ ▀▄ █ ▄  ▀▀ ▀█▀ ▀▄ █▄▀▀ ▄▄▄▀ █▀▄▄ ▀ █ ▄▀ █▄█
█ █▄▄ █▄▄▀  ▄  █ █▀█▀▄  █ ▀▄▄  ▀▄█▀█▀█▄▄▀▄▄ ▄▀▄ █ ▀█  █
██  ██▀▄▀█▀▄█ █▄▄▀ ▀ █ █▀▀ █▀▄▀█ ▄▀ ▀█▄█ █ ▄█▄  ▀█▀▄█▄█
██▀▄▄▀█▄▄▄  ▄▄▀▀██  ██████▀  ▀█▄▄▄█▀▀█▀▄▀▀  ▀█ █▄ ▀ ▄██
█▀▀▄███▄  ▄▀█▄▄▀ █ ██▄ ▄▀▄ ▄▀▀ ▀██▄█ ▀▀█▀  ▀█▄▄█▄▀█ ▄▄█
█▀█▀▀▄▄▄█▀▀▄▀  ▀ ▀█▀▀██▀█▄ ▄ ▀ ▄▀█   ▄█▄▄█▄▀▄▀▀█▀ ▄▄ ██
█▀█▀▀ ▄▄▄ ▄█ ▀▄  ▀   ▀██  ▄▄▄ ▄▄ █▄█    ▀██▄█ ▄▄▄ ▄▀▀▄█
█▄    █▄█  █ ▀  █▀█▄▀▄▄▀  █▄█ ▀▄▀▄ ▀▀▀▄▀██▀▄█ █▄█ ▀█ ▄█
███ ▀▄ ▄ ▄  ▀█  ▀▀██ █▄▀  ▄ ▄▄ ▄▄ ▀▀▀▀█▄▄▀ ▄█▄▄▄▄▄▀████
█ ▄▀ █▄▄▀██ █ ▀▀ ▄█  ▀███▄▄█ ▄▄ ▄▀▄ █ ▀▄▀▀█  ███ ▀█ ▄▀█
█ ▀█▄▀▄▄▄▄▀▀█  █ ▄▀██▄█ ▀ ▀▀ ▄▄ █▀▄▄▀█▀██▄▀▀▄ █▄█  ▄ ██
█ ▀▀██▄▄ ▄▄█▀▀█▀▄▀▀▀▄█▀█   ▄ ▀█ █ █████▄▄▀█▄█▀ █▀▀▄█▄██
██ ▄▄▄ ▄▀▀ ██ ▀█▀▄▄   ▀▀█ ▄██▄███▀▀█▄▄▀▀▀▀▄█▀ █▄█▄▄█▄██
█▀▀▀█ ▄▄▀█▀█▀██ ▀█  ▄▄▄ ▀▀ █▄█▄▄▀  ▄  █▀█ █▀█ ▄▄█ █▄▄▄█
█ ▄███▀▄██████ █▀█▄▀ █ ▀▀ ▄▄ ▀██▀   ▀█▄█ ▀▀▄█  ██▄ ▀▀██
█▄ ▀▄▄▄▄ ▀▄▀▄█▄▄  ▀▀ █ █▀ ▀█ ▄▀██▄▄▀     ▄▄▄███▀▄▄▀▀ ▀█
████▄██▄█▀▀█ ▀██▄█▀█ █▄▄█ ▄▄▄ ▀  █▀▄ █ █▄▄▀ ▄ ▄▄▄ █▄█▀█
█ ▄▄▄▄▄ ██▀█ ▄ ▄▄▀█▄▀█▀ ▀ █▄█ ▄▀ █▄▄▀ ▀  ███  █▄█ ▄█▀▀█
█ █   █ █▀ ▄▄  █▄██ ▀▀▀█▀▄    ▄█ ▀ ▄▀▄▀  ▀█▄█ ▄▄ ▄▄█ ██
█ █▄▄▄█ █ ▀█▄▄▀▄ ▄▄▀ █▀ ██▀▄█▀█▄▀▀ ▀█ ▄█▄▀▀ █▀█▄ ▀ █ ██
█▄▄▄▄▄▄▄█▄▄▄▄▄██▄▄██▄██████▄██▄▄█▄████▄███▄████▄▄▄█▄▄██

━━━━━━━━━━━━━━━━━━━━━━━━━━━━━━━━━━━━━━━━
Open WhatsApp > Settings > Linked Devices > Link a Device

✅ QR code image generated for web display

📱 Scan this QR code with WhatsApp:
━━━━━━━━━━━━━━━━━━━━━━━━━━━━━━━━━━━━━━━━
▄▄▄▄▄▄▄▄▄▄▄▄▄▄▄▄▄▄▄▄▄▄▄▄▄▄▄▄▄▄▄▄▄▄▄▄▄▄▄▄▄▄▄▄▄▄▄▄▄▄▄▄▄▄▄
█ ▄▄▄▄▄ █▄▀▄▀█▀▄ ▄███▄ ▄▀▄▀  ▄▀▄█▀█▄▀ ▀▄▀██ ▀██ ▄▄▄▄▄ █
█ █   █ ██ █ █▄ ▄▄▀▀ ▀     █▄ ▄▀   █▀▀▄▀█▀▀▀▄▀█ █   █ █
█ █▄▄▄█ ██▄▀█▀▀▀▀▀ ▄▄   ▀ ▄▄▄ █ █ █▀ ▄▄ ▀█  ███ █▄▄▄█ █
█▄▄▄▄▄▄▄█ ▀ █ ▀▄▀▄█▄▀▄▀ █ █▄█ █▄▀ █ ▀▄█ ▀ █▄▀ █▄▄▄▄▄▄▄█
█▄▄▀▄▄▀▄█▀▀█▀▀█  ▄  ▀ █ ▀▄ ▄▄ █ ██    █ ▀▄▀▀▀ █ ▀███▀ █
█ ▄▄▄▀▀▄▄  █▄ ▀▀ ▄▀ ▀▄██▄ ▀█▀▀▀█▀▀█ ▄▀ █▄▄▄█▀▄▀▄▀█▀▄▀██
█ ▀ ▀ █▄ ▄ █▀██▄ ██▄▄    ██  ▀  ▄  █▀ ▄▀█ ▀ █  ▄█ ▄▀███
█▀█▄▀ █▄▄██▄▄▀ ▀█▀▀▄▀ █▄█▀▀ ▀▄   █▄██▄▄ ▄▄▄█▄██ ██▀ █▄█
█ ▄ ▄▀█▄▀▀ ▄▀█▀▄█▀▄▄▄█▀██▄ █▀▄▄ ▄   █▄ ▄▄▀▄▀ ▄ ▀█▄▄▄▄▄█
█▄ █▄▀ ▄▀▄▄▀▀ ▄ █▄█▄ ▄█▄ ▀█▀   ▀ ▄▄ █ ▄▄▀▀▄█▀▀▀█▀▄▄▀ ▄█
████▄▀█▄ ▄   ▄▄██▀ ▄█ █ ▀█  ▄█  █▀▀▀  ▀▀▄▄  █ ▀▀▄ █▄▀ █
█▄▀▀▄ ▄▄▀▀ ▄ █▄▀▀▀▀▄██▄▀▀▀▄▄ █▄█▀▀▀▄▄▀▀ ██▄▄ ▀▄▀███▄▀██
██  ▀ ▄▄▄ ▄▄██▀▀  █▄█ █▄█ ▄▄▄  ▀▀▄▀█▀▄▄▀▀  ▀█ ▄▄▄ ▀▀▀▀█
█▀ ▄█ █▄█ ▀▀   ▄ ███▀ ▀█  █▄█ ▀█ ▀█▄▀ ▄█▀ ▀█▄ █▄█ ▀▀█ █
█ █▄   ▄▄▄█  ▄▄  ▀▀ ▄██▀▄▄    ▄▀   ▀█▄▀▄█▀▄▀▄  ▄▄ ██▄██
█▄▀█ ▀█▄▄██▀ █▄  █ ▄█ █▄   ▄ █▀ █▄▄█ ▄▄██ ▄ ▄▄█ ▀▄█ ▄ █
█▀▀▀▀█▄▄▄ ▄██▀ ▀█ ▀▄█  ▄▀▀ ██ ▀ ▄▀▀▀    █   ▄▄  █▀▀▀█▀█
█▄▀▀▄█ ▄▄▄  █▄▀▀█▀█▄ █ █ ▀▄▄▀  █  █▄ ▀▀▄█▀▀▀▀█▀██▄ ████
████ █▄▄ █▀▄██▄▄▀█▀▄█▀▀  ▄▀▄█▄ ▀  ▀▄▀ ▄ ▀ ▀▀ ▄██ ▀█ ▄▄█
█ ▀▄█▄▄▄  ▄▀███▄▄▀ ▀▄ ▀▄▀ ██▀▀▄█▀▄█▄▄██▀ ▄▀ █▄█▄ ██ ▀ █
██ █▄██▄▀█▄█▀ ▄█ █ ▄▄█▀▀▀█ ▄▀▀█▀▀   █ ▄▄ ▀▄ ▀ ▀█▀▀▄▀ ██
█▄ ▀▄▄▄▄█ ▀▄▀▀▄█ ▀▄██▄ ▄ █▄▄▀█▄ ▀▄▄ ▄██▀▀▄▀ ▄▄█ ▀ ▄   █
████▄██▄▄  █▄▀▄▄▀▀▀▄ ▀▀ ▄ ▄▄▄ ▀▀ ▀▄  ▄ ▀▀ ▀▀▄ ▄▄▄ █  ██
█ ▄▄▄▄▄ ██ █ ▄▄▄█▀▀▀██  █ █▄█  ▄▄▀█ ▀▀▀▄▀▀█ █ █▄█ ▀█ ▀█
█ █   █ █  █▀▄█▄▄▄ ▄▄ ▀▄▄ ▄   ▀ ▀▄▀██▄▄▀█   ▀  ▄▄▄▀█ ▄█
█ █▄▄▄█ █▀ █▄█▀██ ▄  ▀▄▄█▄█  ███ ████ ▄  ▄▀ ██▀▀ ▄ ▀█▀█
█▄▄▄▄▄▄▄█▄▄▄███▄█▄█▄▄█▄██▄▄█▄█▄██▄▄██▄▄█▄█▄▄██▄▄▄▄█▄███

━━━━━━━━━━━━━━━━━━━━━━━━━━━━━━━━━━━━━━━━
Open WhatsApp > Settings > Linked Devices > Link a Device

✅ QR code image generated for web display

📱 Scan this QR code with WhatsApp:
━━━━━━━━━━━━━━━━━━━━━━━━━━━━━━━━━━━━━━━━
▄▄▄▄▄▄▄▄▄▄▄▄▄▄▄▄▄▄▄▄▄▄▄▄▄▄▄▄▄▄▄▄▄▄▄▄▄▄▄▄▄▄▄▄▄▄▄▄▄▄▄▄▄▄▄
█ ▄▄▄▄▄ █▀  ▄▀▄ █  ▀  █ ▄ ▄▄█▀  █   ▀▀▀ ▄▄  ▀██ ▄▄▄▄▄ █
█ █   █ █▄  █▀▀▄▀ ▄████▄█▄█▀▄ ▀██▄█▀▄█▀█ █▄▀▄▀█ █   █ █
█ █▄▄▄█ █  █▄▄▄█▄██ ▀▄█▄▄ ▄▄▄  ▄ ▄ ██ ▀▄▄▀█ ███ █▄▄▄█ █
█▄▄▄▄▄▄▄█ █▄█ █ █ ▀ █ █▄▀ █▄█ █▄█▄█▄▀▄█ ▀ ▀ █▄█▄▄▄▄▄▄▄█
█  █ ▀█▄▄▀▄▀▄█ ▄█ █▄▄▄ ▄▄ ▄▄ ▄▄▄ ▀██▀▄ █  █▄█▄█▄▄▄▀  ██
█▀█ ▀█▄▄▀█ ▀▀▄▄██ ▄▄▄  ▀▀▄▄▀▄██▀▄▄▀▄▀██▀▀▀ ▀█▀▄ █ ▄ ▄▀█
█ █ ▄▄ ▄█ █▀▀▄  █▀  ▀▄█▄█▀ █▀██▄▀▄█▀▄▄▀█ ▄▄▄ ▄█  ▄██ ▀█
██ ▄ ▄▄▄█▀  ▀ ██ █▄ ▄▄   █▄▄  █ █▀▀▀ ▄▀ █ ▀█▀▀▄▄▄▀▄▄  █
█▄▀▄▀▄ ▄███ ▄▀▄  █▀ ▀▀▄▀  █▀▄▀▄▄▀▄██ ▄█  █ ██ ▄█▄▄▀▀▀▄█
█▀▄▀▀█▄▄▄▀ ▄▄▄▀▄    █   ███▄█▄▄██▀▀█▀▄▀▀█▄ ▀▀██ █▀▀█  █
█▀████ ▄█ ▀█▀█▀▀ ██  ▄ ▄▄▀▄▄█▀█▄ █▄██▄▄█▀ █▄ ▄▄█▀▄ ▄▄▄█
█ ▄▀▀▄█▄ ▀█  ▄▀█▄█▄  ▀▀█▄█▀ ▄▀██▄█  █▀▄ ▄▀█▄███▀ █▄▀▄▀█
█▀█▄▄ ▄▄▄ ▀  ▀▄██▄   ▄    ▄▄▄ ██       ▄▄▄ ▄█ ▄▄▄ ▄█ ▀█
█▄▄   █▄█ ▄▄█▄█ █▀ ▀▄▄▄▀█ █▄█ ▄ ▄▄▀▀█▄  ▄▄█▀  █▄█ ▄█ ▄█
█ ▀▀█▄ ▄ ▄▀▀▄▀▀▄██▄▄▀▀ █▀ ▄▄ ▄▀██▄██  ▄  █▀█▀    ▄ █▀▀█
█ ▄ ▀█▄▄██ █▀▄▀▄█▀█  ▄  █▄▀▄█▀▄ ▄ ███ ▀█ ▄█▄   ▄█▀▀▄▀▄█
██▄█▄▀▀▄▀▄▀▀ ███ ▄▄  ▄█ ▄█▄▀ ▄▄▄▄▀ ██▄██  ██▀ █▄ ███ ██
█▀ █▀▀█▄▀ ▄▀  ▄█ █  █▀█▀██▀ █▄█ ▄▄  █▄█▀▀███ ▄▄▀  █▀ ▀█
█ ▀██ ▄▄▄▀▀ ▀█▀ ▄▀▄  █▄▄█ ▄ █▀███▄▄ ▄▄▀▄▄▄▄██▄▄ ██ ▄▀ █
█▄▄▀ ▄ ▄ ▄▀█▀   ▀███▀▄▄ ▄▄█▀▄██▀ ▄▄▄██▄█▀  ▄    █ ▄▄▄▄█
█▀█▀▀▀ ▄▄▀▀▀▄▄▀▀█▀█ ▀▀▄█▄▀▀ ▄██▄█ ▄█▄    ▀ ▄▄▄▄▀▄█ ▄█▀█
█▄ ▀▄▄▄▄ ▄ ▄▄██ ██▀▀  █ █ ▀ █  ██ ▀▄   ██▀███  ▄▄▄▀▄█▄█
████▄██▄▄▀▀▄█▄ ▀▄█▄ ██▄▄  ▄▄▄ ▄███▀▄█ ██▄▄▄██ ▄▄▄  ▄█▀█
█ ▄▄▄▄▄ █▄█▀█▀▀  █▄█ ▀█▄  █▄█ █▄██  ▄█  ▄█ ▄▀ █▄█ █▀███
█ █   █ █▀█▀▄   ▀ █ ▀▄▄ ▀▄ ▄ ▄█▄█ █▀▄ ▀▄  █▄█▄    █▀█ █
█ █▄▄▄█ █▀  ▀▀ █ ▄▀▄██▀ ▄ ▄▄█▀▀▀▄ ▀▀▀▄▀▄█▀██ ▀▄██▄██ ██
█▄▄▄▄▄▄▄█▄██▄▄▄▄▄▄▄▄█████▄▄▄████▄▄██▄▄█████▄▄█▄▄▄▄▄▄▄██

━━━━━━━━━━━━━━━━━━━━━━━━━━━━━━━━━━━━━━━━
Open WhatsApp > Settings > Linked Devices > Link a Device

✅ QR code image generated for web display

📱 Scan this QR code with WhatsApp:
━━━━━━━━━━━━━━━━━━━━━━━━━━━━━━━━━━━━━━━━
▄▄▄▄▄▄▄▄▄▄▄▄▄▄▄▄▄▄▄▄▄▄▄▄▄▄▄▄▄▄▄▄▄▄▄▄▄▄▄▄▄▄▄▄▄▄▄▄▄▄▄▄▄▄▄
█ ▄▄▄▄▄ █▄█ ▀█▀▄ ▄███▄ ▄▀▄▀  ▄▀▄ ██▄▄▄█ ▄ █ ▀██ ▄▄▄▄▄ █
█ █   █ ██▄▀▄█▄ ▄▄▀▀ ▀     █ █▄▀   █▀▀▄▀█▀▀▀▄▀█ █   █ █
█ █▄▄▄█ ██▄ ▀ ▀▀▀▀ ▄▄   ▀ ▄▄▄ █ █ █▀ ▄▄ ▀█  ███ █▄▄▄█ █
█▄▄▄▄▄▄▄█ ▀ ▀▄▀▄▀▄█▄▀▄▀ █ █▄█ █▄█ █ █▄▀▄█▄█▄▀ █▄▄▄▄▄▄▄█
█▄▄▀▄ █▄▀█▀█▀▀█  ▄  ▀ █ ▀▄  ▄ █▀▀██ ▄▄ ▀█  ▀  ▀ ▀███▀▄█
█ ▀▄▄ ▀▄█▀▀▄▄ ▀▀ ▄▀ ▀▄██▄  █▀▀ █  █ █▀▀▄▄█▄██▄▀█ ▄▀▄▄▀█
██▀▀▀ █▄ ▄▄▄▀██▄ ██▄▄    ██ ▄█  ▄  █▀ ▄▀█ ▀ █  ▄█ ▄▀▄▄█
█▀███▄█▄ ▀█▄ ▀ ▀█▀▀▄▀ █▄█▀▀ █▄▄▄ █▄▀█▄▄   ▄▀▄█▀ ▀█▄ █▄█
█ ▄ ▄▀▀▄ ▄ ▄▀█▀▄█▀▄▄▄█▀██▄▄▀▀▄█▀█  ▀▀▄██▀▀█▀▄█▀▀▀▄▄█  █
█▄▀█▄  ▄▀▄ ▀▀ ▄ █▄█▄ ▄█▄ ▀▄▀  ▀▀▀▄█ ▄ ██▀ ▄▄█  █ █▄▀▀ █
██▀  ▀█▄ ▄▀▄█▀▄██▀ ▄█ █ ▀█ ▀▄▀  █▀▀▀  ▀▀▄▄  █ ▀▀▄ ▀ ▀ █
█▄▀ ▄  ▄▀▀ ▄▄▄▄▀▀▀▀▄██▄▀▀▀▄▄▀▀ ▀▀▀█ ▄▀█▄▀█ ▄ ▀▄█▀▀ █▀██
██  ▀ ▄▄▄ ▄▄██▀▀  █▄█ █▄█ ▄▄▄ ▀▀▄▄ ▄█ █ ▄▄  █ ▄▄▄ ▀▀███
██▄▄█ █▄█  ▀   ▄ ███▀ ▀█  █▄█  ▄ ▀▄▄ ▀█▄ ▀ █▄ █▄█ ▀▀█ █
█ ▀ ▄  ▄  ▀▄ ▄▄  ▀▀ ▄██▀▄▄  ▄▄▄▀   ▀█▄▀▄█▀▄▀▄▄▄▄▄ ██▄██
█▄▀▀▄▀ ▄███▀▀▀▄  █ ▄█ █▄   ▀ ██▄█▄ ▀▄  █▀ ▄ █▄▀▄▀▀▄ ▄ █
█▀▀▀▀█▄▄▄ ▄██▀ ▀█ ▀▄█  ▄▀▀▀▀█ ▀ █▀   ▄▀▀▀▄▀ ▄▄  █▀▀ █▀█
█▀▀▀▄█ ▄▄▄ ▀█▄▀▀█▀█▄ █ █▄█▄▄█ ▀█▀▀██  ▀██▀  ▀ ▀██▄ ████
█▄▄▄   ▄ ▀█▄ ▄▄▄▀█▀▄█▀▀  ▄▀▄▄▄ ▀  ▀▄▀ ▄ ▀ ▀▀  ▄▄▀ ▀ ▄▄█
█ ▀▀█▄█▄  ▄▀ ▄█▄▄▀ ▀▄ ▀▄▀ ▄ ▀▀▄█▀ ▀  █▀▀  █▄█▄▀▄ ▀▀ ▀ █
██ █▄██▄▀█▄█▀ ▄█ █ ▄▄█▀▀█▄▄ ▀▀▄ ▄▄  ▄▄▀▄███▀▀ ▀█▀▀█▀ ██
█▄ ▀▄▄▄▄█ ▀▀▀▀█▀ ▀▄██▄ ▄▄▀▄▄▀▄█▀ ██▀█▄█  █   ▄█ ▀ ▄   █
████▄██▄█▀█▀▀▀▄█▀▀▀▄ ▀▀ ▄ ▄▄▄ ▀▀ ▀▄  ▄ ▀▀ ▀▀  ▄▄▄ █  ██
█ ▄▄▄▄▄ ██ █  ▄▄█▀▀▀██  █ █▄█ ▄  ▀█▄██▀▄█▀█▄▄ █▄█ ▀█ ▀█
█ █   █ █  █▀▄█▄▄▄ ▄▄ ▀▄▄ ▄  ▄▄ ▄ ▄▄  █ █▄█▀   ▄ ▄▀█ ▄█
█ █▄▄▄█ █▀▄▀▄██▄█ ▄  ▀▄▄█▄▀▄ █▄█ ▄███▀█ ▀▄ ▀██ ▀▄▄ ▀█▀█
█▄▄▄▄▄▄▄█▄██▄██▄█▄█▄▄█▄██▄█▄▄█▄██▄▄██▄▄█▄█▄▄███▄█▄█▄███

━━━━━━━━━━━━━━━━━━━━━━━━━━━━━━━━━━━━━━━━
Open WhatsApp > Settings > Linked Devices > Link a Device

✅ QR code image generated for web display

📱 Scan this QR code with WhatsApp:
━━━━━━━━━━━━━━━━━━━━━━━━━━━━━━━━━━━━━━━━
▄▄▄▄▄▄▄▄▄▄▄▄▄▄▄▄▄▄▄▄▄▄▄▄▄▄▄▄▄▄▄▄▄▄▄▄▄▄▄▄▄▄▄▄▄▄▄▄▄▄▄▄▄▄▄▄▄▄▄
█ ▄▄▄▄▄ █▀▄ ███▀▄ ▄█▀▄▄   ▄▄▄▄ ▄ ▀  ██▀  █▄▄▀▄█▄ ██ ▄▄▄▄▄ █
█ █   █ █▄  ▄ ▄▄▄▄▄█ ▄██▄███▄█ ██▄ ▄ ██▄██ ▀▀▄▀▄ ██ █   █ █
█ █▄▄▄█ █  █▀█▄███▀▄▀█  ▀▄  ▄▄▄  ▄▄█ ▄▀ █ ▄▄ █ ▀▄██ █▄▄▄█ █
█▄▄▄▄▄▄▄█ █▄▀ █ ▀ █ ▀ █▄▀▄█ █▄█ ▀▄█▄█ █ █ █▄█▄▀ █ █▄▄▄▄▄▄▄█
█▄▄▀▄██▄▄▀    ▄████▄ ▄▄ ▄█▄▄  ▄▄██ ▄▄ ▀█▄  ▄ ███▀██▄▄ ▀▄▄▀█
█ ▀▀ ▄▄▄▄▀▄ ▀▀▀█▄█▀▄▄▄  ███▀█▀▀▀  █ █▄██▄▀▄▀ ▄▀ ▄ ▀  █▀██ █
█  █▄██▄▄█▄▄██▄█▀▀█▄ █ ▀██▀█▀ █▀ ▄ ▀▄ ▀█▄ ▄█  ▄ ██ ▄  ▀ ▄▄█
█▄█▄██▀▄▄ ██▀▀▀  ▄  ▀▄ ▄▄▄ █▀▄▄  ▄▄▀▄ █▄ ▀ ▀▄█▀▀▄██▄▄▀▄▄▄██
█▀ ▀▀▀█▄ █▀▄▄██▄▄▄▄ ▄▀ ▀▀█▀▀   ▄▀  ██▄█ ▀▀▀█▀▄██▀█▀ ▄▀  ▄ █
█ ▄▀██▀▄█▄█▄▀▀▀▄▀▀▄▄▄█▀██▀ █ █▀█▄▄▄▀▄█▀▀▀▄█▄▄ ██▀▀▄█▄▄▀█  █
█ █▀▀█ ▄   ▄ ████ ▄  █ ▄▄ ▄▀▄ ██ ▀▀█▀▄█▄ ▄▄█▄▀█▄▀█▄█   ██▀█
█▀█ ▄ ▀▄▄ ▀▄█▄▄██ ██▀ ▀▄▀▀▄█ ▄ █ ▀▄ ▄ ▄ █▀ ▄█▄▄  ▄  █▀ ▄▄▄█
█ ▄ █▄▀▄▄█▄██▀█▀▄   ██ ▄█▄▀▄ ▄█▄▄▀▀   ▀▄█▄▄█▄ █▀ █ ▄█ ▀█ ▀█
█▄█▄▄ ▄▄▄   █▄█▀▀ ▀▀▄▀█▄▀▀█ ▄▄▄    ▀█▄▄  ▄▀▄▄▀██  ▄▄▄ ▄▄▀▀█
█  ▄▄ █▄█ ▀█  ▄█▄▄▄██▀██▀▄▄ █▄█ ▀▄██ ▄▄▀ ▀ ██ ██▄ █▄█ ▀█▄██
█ ███▄ ▄ ▄█▀█ ▄▄ █ ▀▄▄██▀▀█   ▄▄  ▄▄ ▄ ▀█▄▄ ▀▄▄ █    ▄ █▀▄█
█▄   ▀█▄▄██▄  ▀▄▄█▀▄█▄▄ ▄▄ █▄▄▄▄▀▀ ▄█ ██▀ ▄▄▄█▄█▄ ▄▀███▀███
█▄▄▄▀ ▄▄▀▄▄▀▀█▀▄  ▀  ▄▄▀█▄█▄▄▄▀▄▀ ▀▄▄  ▀▄▀ █▄▀▀▀▀ █ ▀▄ █▀ █
█▀▄▀ ▀▄▄ █▄▀ ▄█▀    ▀ ▄▄ ▄█    ▀ ▄█▀▄▄ █ ▄▄▄  █ ▀▄▄▄ ▀  █▀█
█  ▄ █▀▄▀█▄▀ ▄   ▄▄▄█ ██▀▄▀▄ ▄▀ █▄▀██▀▀██▀ ▀▀██▀   ▀█▄▀█ ▄█
█  █▄▀▄▄ ██ ███ ▄█▀ ▀▀▄█▀█ ▄██▀▄▄  █▀ █▀██ ▄█▄█▄█▄ ▀█▄▄▀  █
█   ▀▄▀▄▄▄▀▀ █ ▀█▄█▄█  █▀ █  ▀▄▄█ █ █  █▄▀▄▄▄▄▀▄ ▀▀ ▀▄▄█▄ █
█ ▀██ ▄▄▀  ▀█▀██▀█▄▄▄▄ ██▄▀▄ █▀▄ █▄█ ▄█▄ ▄▀▄▄▀█▄  ▀███ ▄█▀█
█ ▀ ▀▀▄▄ ▄▀ ▀▀█▀▀ ▀█▄ ▀▀█▀▀▄▀▄▄▄ ▄▄ ▄ ▄▀▀ ▄▀█▄▄▄▀▀█ ▀█▀█▄▄█
███████▄█▀█▀▀▀  █    █▄▄▄█  ▄▄▄ ▄▄█  ▄▀█▄ █▄ ▄█▀▀ ▄▄▄  ▀▀▀█
█ ▄▄▄▄▄ █▄▀   ▀▄█ █▄ █▀▀█▄  █▄█ ▄█▄  ▄▄▄█▄▄▀█▀█▀▀ █▄█ ▄████
█ █   █ █▀▀  █ ██▀▄ ▀ █▀▀ ▀  ▄  █  █▄ ▄▀▄█▄█▄ ██▀  ▄▄ █  ▀█
█ █▄▄▄█ █▀▄▄██ ▄██▀█▄▄▀▀█▀▀▄▄ █▀██▄█▄▄▄   ▄██▄▄ ▄ ▀▄▀▄▄▄█▄█
█▄▄▄▄▄▄▄█▄▄█▄▄▄▄███▄▄▄█▄█▄▄██▄▄▄▄▄███▄█▄▄▄▄▄▄█▄█▄▄▄▄██▄▄▄██

━━━━━━━━━━━━━━━━━━━━━━━━━━━━━━━━━━━━━━━━
Open WhatsApp > Settings > Linked Devices > Link a Device

✅ QR code image generated for web display

📱 Scan this QR code with WhatsApp:
━━━━━━━━━━━━━━━━━━━━━━━━━━━━━━━━━━━━━━━━
▄▄▄▄▄▄▄▄▄▄▄▄▄▄▄▄▄▄▄▄▄▄▄▄▄▄▄▄▄▄▄▄▄▄▄▄▄▄▄▄▄▄▄▄▄▄▄▄▄▄▄▄▄▄▄▄▄▄▄
█ ▄▄▄▄▄ █▄▀███▄▄███▄ █ ▄ ▄▄▀▀▀ ▄ ▄ ▀▄▄▄▀▀█ ▄▄█ ▄ ██ ▄▄▄▄▄ █
█ █   █ █   ▀█▀▄▄▄▀ ████▀▀ █▄██  █ ▄▄  ▄▄██▄▀█▀▄ ██ █   █ █
█ █▄▄▄█ █▄▄█ ██▀▀▀ █ ▀▄▄ █▀ ▄▄▄ ▄▄ ▀▀▄ ▄█▄██ █▄▀▄██ █▄▄▄█ █
█▄▄▄▄▄▄▄█▄█▄█ █▄█▄█ ▀▄▀ ▀▄█ █▄█ ▀ ▀ █ █▄▀▄█▄█ █▄█ █▄▄▄▄▄▄▄█
█   ▄██▄▀▄▄▄▄ ▀███ ▀█▄▄ ▀ █      █ ▄▀█▄█▄ █▀████▄  █▀ ▄ ▀ █
█▀ █▄ ▄▄▀██▀▀  ▀ ▀ ██ ▄▄▄▄ ███  ▀▄▀ ▄█ █ █▀▄▀ ▀ ▄▄▀▄▀█ ▄▄▄█
█   █ █▄▄█▀▀██▄ ▄▄█▄  █▄██▀ ▀██▀ ▀█▄▄ ▀ ▀███ █▀███ ▀██▀▄▄▀█
█▀▄▀▀█▄▄▀▀██▄▄▄  ▄  ▄▄▄ ▀▀██▀█▀▀█▄ ▀▀█▀▄▄█ ▀██▀ ▄█ ▄▄▀▀▀▀██
██▀▄▀█▄▄▀▀█ █▄▄ ▀  ▀██ █▀▄ █▄▄ ▄ ▄█▀███▄ █ █▄ ▀▀ ▄ ▄ █▀ █ █
█ ▄▄█ ▀▄█▀ ▀▀▀▀▀▄▄▄▄  ▄ ▄▄  █  █▄▀▀▄▀▀ ▄██▄▄▀▄▀▀▀▀▄ ▀▀▀█▄██
█▄ ▀▀▀█▄█  ▄▄  ██ ▀███ ▄▀█▀▀▄   ▀▀▀█▄▀ ▄  ▀ ▀██▄▄  ▄  █  ▀█
█ ▄▄ ██▄▀ ▀▄▀▀▄▀▀▄▄▄ ▄█   █▀▄ ▀▄ █ ▄▄ █▄ ▄▀██  ▄▀█▀ ▀▀▀██ █
█ ▄█ ▀▄▄▀ ▀▀▄▄ ▄▀█  █ █▀█▄▀██▀█▄▄▄▄█  ▀▀ ▀▄█▄█ ▄██▀▀▀█▀█ ▄█
█▀ ▄▄ ▄▄▄ ▀▀▀▄ ▄▀ ▄▄▀▀█▄▄▄▀ ▄▄▄ █  █ ▀█▄ ▄▄▀▀▀██  ▄▄▄ ▀▀▄▀█
█▀▀▀▄ █▄█ ▀█▀▀▀▀  █▄▄█▀▀ ██ █▄█   ▀ ▀█▄▄▄█ ▄▄▄  ▀ █▄█ █▄█▀█
█▀▄ █▄ ▄   ▄█ ▄▀█   ▄▀▄▄▀▀▄▄▄▄▄▄ █▀▀▄ ██ ▀ ▄█▀▄██ ▄▄ ▄▄▄▀▀█
██▀▀▄▀ ▄▀██▄██▄▄██ ██▄▄▄▀▀██▄▄▀▀▄▀ ▄▄█ █▄▄ ▀▀▀▄█▀█▀▀█▄▀▄ ██
███▀ ▄█▄ █ █ ▄  ▀▀ ▀▀▄ ██▀▄ ▄▄ █  █  ▀ ███ █  ██ ▀▄▄▄▀▀▄▄▄█
█▄█▄█▄▄▄  ▀▄███▄██  ▀█▀▀ ▄█████▄██ ▄ ▄  █▀▄▄ █ █▀▄▄▀█▄  ▄██
███▄ █▄▄▄█▀  ▄█  ▄▀▀  ██▄▀▄▄ ▄▄█ ▄▀█▀█▄██ █▄▄▄█▀███▀█▄▄ █▄█
█▀▀▀ ▄█▄▀▀██ ▀ ▀ ▀ ▀ █ ▀ ▄▀ ▀▀ ██▄▄▀ ▀▄█▀▀▀█▄ ▀ ▄█▄▄▀ █▄▀▄█
█  █▄▀ ▄▄▀▄▀███▄ ▀█▄███ ▀ ███▄▄▄██ ██  ▄▀▄  ▄▀▄█▄▄▄▀▄▀█▄▄██
██▄█ ▀ ▄▀▀▄▄ ▄▄ ▀█▀▀▀▄ █ ▀▄  █▄▀██ ██▀▀▄ ▄ ▀▀▀▄▄▀  ▄▄▄▀▀ ▀█
█ ▀ ▀▀▄▄▄▄█▄  ▄██▄███▄ █▄ ▀██ ██▀ ▀▄▀▀█▄▀▄▄▀▄ ▄▄▀  ▄▀█▀▄█ █
███████▄▄  ▄▀▀ █ █ ▄  ▀███  ▄▄▄ ▄▀ ██  ▀█▀█▄ █ ▄█ ▄▄▄ ▀▀█ █
█ ▄▄▄▄▄ ██▀ ██▄▄ ▄ ▀ ▄▀▀▄██ █▄█ ▀▀▄ ▀█ ▄▄▄ ▄▄█▄ ▄ █▄█ ▀ ▀▀█
█ █   █ █▀█▄ ▀▀▀▀██▀ ▄▀█ ▀ ▄▄▄  ▄ ▄▀ ▀██ ██▄ ▄▀▀    ▄ ▄▀ ▄█
█ █▄▄▄█ █   █▄ ▄  ▀█▄▀▄▄█▀▀▀ ▀█▀▄ ▀ ██▄███▄██▀▀█▄ ▀▀▀▀▄▄█▀█
█▄▄▄▄▄▄▄█▄▄█▄█▄▄██▄██▄█▄▄████▄███▄██▄█▄▄▄▄████▄████▄▄▄█████

━━━━━━━━━━━━━━━━━━━━━━━━━━━━━━━━━━━━━━━━
Open WhatsApp > Settings > Linked Devices > Link a Device

✅ QR code image generated for web display

📱 Scan this QR code with WhatsApp:
━━━━━━━━━━━━━━━━━━━━━━━━━━━━━━━━━━━━━━━━
▄▄▄▄▄▄▄▄▄▄▄▄▄▄▄▄▄▄▄▄▄▄▄▄▄▄▄▄▄▄▄▄▄▄▄▄▄▄▄▄▄▄▄▄▄▄▄▄▄▄▄▄▄▄▄▄▄▄▄
█ ▄▄▄▄▄ █▄▀███▄█▀█▄▄▄█ █▄ ▄▀▀▀ ▄ ▄█▀ █▄█▄▄█  ▀ ▄ ██ ▄▄▄▄▄ █
█ █   █ █   ▀▀▀▄██▀ ▄███▀  █▄██ █▄ ▄ ▀ ▄▄██▄ ▄▀▄ ██ █   █ █
█ █▄▄▄█ █▄▄▀▄ █▀▀▀ █ ▀▄▄ █▀ ▄▄▄ ▄▄ ▀█▀ ▄▄▀██▀▄▄▀▄██ █▄▄▄█ █
█▄▄▄▄▄▄▄█▄▀ ▀ █▄█▄█ ▀▄▀ ▀▄█ █▄█ ▀ ▀ █ █▄▀▄█▄█ █▄█ █▄▄▄▄▄▄▄█
█   ▄█▀▄█ ▀▀▀▀▀███ ▀█▄▄ ▀ █      █ ▄▀█▄█▄ █▀████▀ ▄██ ▄ ▀ █
█▀ █▄▀▄▄▀█▄▀▀▀ ▀ ▀ ██ ▄▄▄▄████  ▀▄▀ ▄█ ▀ █▀▄▀ ▀  ▄ █ █ ▄▄▄█
█  ▄  █▄▀▀█▀██▄ ▄▄█▄  █▄██▀▀▀██▀ ▀██▄ ▀▀▀█▄█ █▀▄▄█ ▀███▄▄▀█
██ ▀▄█▄▄  ██▄▄▄  ▄█ ▄▄█▄▀▀██▀▄█▀█▄ █▀▀▀▄ ███▀█ ▄▀▀ ▄█▀█ ▀██
█  ▄ █▄▄▀▀█ █▄▄ ▀▀▀▀▄▄ █ ▄ █▄▄ █ ▄▄ █▀██▄▀██     ▄ ▄ █▀ █ █
█  ▄█ █▄█▀ ▀▀▀▀▀▄ ▄▄▄▄▄ ▀█  █ ▀▄ ▀▀▄▄  ▄▀▀▄█ ▀ ▀▀▀▄▄▀▀▀█▀██
█▀▄▀▀ ▄▄█  ▄▄  ██ ▀███ ▄▀█▀▀▄   ▀█▀█▀▀ ▄  ▀ ▀▀█▄▄ ▄█  █ ▀▀█
█ ▄▄ ▀▀▄█▄▄▀▀▀▀▀▀▄▄▄ ▄█   █▀▄ ▀▄ ▄ ▄▄▀█▄ █▀██▀ ▄▀█ █▀▀▀██ █
█ ▄█ ▄ ▄▀▀▀▀▀▀▄▄▀█  █ █▀█▄█▀█▀█▄▄▄▄█  ▀▀ ▀▄█▄█ ▄█▄▀▀▀█▀█ ▄█
█▀ ▄▄ ▄▄▄ ▀█ █ ▄▀ ▄▄▀▀█▄▄▄  ▄▄▄ █  ▀ ▀█▄ ▄ ▀▀▀▀█▀ ▄▄▄ █▀▄▀█
█▀▀▄▀ █▄█ █▀▀▀▄█  █▄▄█▀▀ █▀ █▄█   ▀▀▀█▄▄▄█ █▄▄▀ ▀ █▄█ █ █▀█
███▀   ▄▄▄ ▄█ ▄▀█  ▄▄▀ ▀▀▀▄▄▄▄▄▄ █     ▀ ▀▀▄▀█▄▄▄▄ ▄ ▄▀▄▀▀█
██ ▄ ▀ ▄▀▀█▄██▄▄██ ▀▄▄▄   ███▄▀▀▄▀ ▄ █ ▄ ▄▀▀█████▄▀▀█▄ ▄ ██
███  ▄█▄▄  █ ▄  █▀ ▀██ ██▄▄ ▄▀ █  █ ▀ ▀███▀▄ ▄▄█▀▀▄▄  ▀▄ ▄█
██ ▄█▄▄▄  ▀▄  █▄██  ▀█▀▀ ▄████▀ ▄█ ▄▄   ▀█▄▄ █ █▀▄▄▀█▄  ███
███▄ █▄▄▄█▀▀▀▄▄█ ▄▀▀  ██▄▀▄▄ ▄ ▀ █▀█▀█▄██▀█▄███▀███▀█▄▄ █▄█
█▀▀▀ ▄▀▄▀▀█ ▄█▄  ▀ ▀ █ ▀ ▄▀ ▀▀ ██▄▄▀ ▀▄█▀▀▀█▄ ▀ ▄█ ▄▀ ▀▄▀▄█
█  █▄█▄▄▄▀▀ █ ██ ▀█▄███ ▀ ▀██▄▄▄██ ▀█ ▄ ▀▄  ▄▀▄▀▄ ▄█▄▀██▄██
██▄  ▄▀▄ ▄ ▄ ▄██▀█▀▀▀▄ █ ▀▄▀ █▄▀██▄██▀▀▄ ▄ ▀▀▀▄▄█▄▄▄▄▄▄▀ ▀█
█ ▀ ▀▀▄▄▀ █▄  ▄██▄▄██▄█▄▄ ▀██ ██▀ ▀████▄▀ █▀ ▄██ ▀▄ ▄█▀▄█ █
███████▄█  ▄▀▀ ██▄   ▀▀▀ █  ▄▄▄ ▄▀ █  ▀▀█▀ ▄ ▀ ▄█ ▄▄▄  ▀▀▄█
█ ▄▄▄▄▄ ██▀ ██▄▄   ▀▀█▀▀▄▀█ █▄█ ▀█▄ ▀▄▀█▀▄ ▄  █▀█ █▄█ ▀ ▄██
█ █   █ █▀█▄█▀▀▀▀██▀ ▄▀█ ▀ ▄    ▄ ▄▀█▀██▄▀█▄█ ▀▀▀    ▄▄▀ ▄█
█ █▄▄▄█ █ ▄██▀    ▀█▄▀▄▄█▀▀▀▀██▀█▀▀ ▄█▄█▄▄▄██ ▀█▄ ▀▀▄█▄▄█▀█
█▄▄▄▄▄▄▄█▄▄▄▄█▄▄██▄██▄█▄▄████▄███▄██▄█▄▄▄▄████▄████▄▄▄█████

━━━━━━━━━━━━━━━━━━━━━━━━━━━━━━━━━━━━━━━━
Open WhatsApp > Settings > Linked Devices > Link a Device

✅ QR code image generated for web display

📱 Scan this QR code with WhatsApp:
━━━━━━━━━━━━━━━━━━━━━━━━━━━━━━━━━━━━━━━━
▄▄▄▄▄▄▄▄▄▄▄▄▄▄▄▄▄▄▄▄▄▄▄▄▄▄▄▄▄▄▄▄▄▄▄▄▄▄▄▄▄▄▄▄▄▄▄▄▄▄▄▄▄▄▄▄▄▄▄
█ ▄▄▄▄▄ █▄▀████▄█▀▄█▄█ █ ▄▄▀▀▀ ▄ ▄ ▀▄▀▄▀▄█▄▄▀▀ ▄ ██ ▄▄▄▄▄ █
█ █   █ █   ▀█▀▄▄▄▀ ▄███▀  █▄██ █▄ ▄▀  ▄███▄█▄▀▄ ██ █   █ █
█ █▄▄▄█ █▄▄▀ ██▀▀▀ █ ▀▄▄ █▀ ▄▄▄ ██ ▀▄  ▄█▀███▀▄▀▄██ █▄▄▄█ █
█▄▄▄▄▄▄▄█▄▀▄█ █▄█▄█ ▀▄▀ ▀▄█ █▄█ ▀ ▀ █ █▄▀▄█▄█ █▄█ █▄▄▄▄▄▄▄█
█   ▄▀▀▄█▄ ▀▄▄▀███ ▀█▄▄ ▀ ▀▄     █ ▄▀█▄█▄ █▀████▀▀ ██ ▄ ▀ █
█▀ █▄ ▄▄▀▄▀▄ ▄ ▀ ▀ ██ ▄▄▄▄▄█▀█  ▀▄▀▄▄█ ▀ █▀▄▀ ▀▄█▀ █ ▀ ▄▄▄█
█  ▄▀ █▄▄ ▀ ██▄ ▄▄█▄  █▄██  ▄▀█▀ ▀▀▄▄ ▀ ▀█▀▄ █ ██▄ ▀███ ▄▀█
██▄█▀█▄▄ ▀██▄▄▄  ▄▄▀▄▄▀▀▀▀██▀▄▀▀█▄ ▄██▄▄▄▀▄▄▀█ ▀█  ▄▄ █ ▀██
█  ▄▄█▄▄▀▀█ █▄▄ ▀ █▀ █▄▀▀█ █▄▄ █ ▄█▀▄▀███▀ ▄  ▀▀ ▄ ▄ █▀ ▀ █
██ █ ▄▀▄█▀ ▀▀▀▀▀▄▀▄▄▀█▄  █  █  █ █▀▄▄▀ █▀▀▄▄█▄ ▀▀▀▄▄▀▀▀█ ▀█
█▄▄▀▀  ▄█  ▄█▄ ██ ▀███ ▄▀█▀▀▄   ▀█▀█ █ ▄▀▄▀ ███▄▄  █  █  ▀█
█ ▄▄ ▄▄▄█▄▄  ██▀▀▄▄▄ ▄█   █▀▄ ▀▄▀▄ ▄█ █▄▀▄▀██▀ ▄▀█▀ ▀█▀██ █
█ ▄█  ▄▄ ▀ ▄▄   ▀█  █ █▀█▄███▀█▄▄▄▄█  ▀▀ ▀▄█▄█ ▄▄▄ ▀ █▀█ ▄█
█▀ ▄▄ ▄▄▄ ▄▀▀  ▀▀ ▄▄▀▀█▄▄▄█ ▄▄▄ █ ▄█ ▀▀  ▄▄▀▀▀██  ▄▄▄ ▀▀▄▀█
█▀▀▄  █▄█ █ ▀▀▄▄  █▄▄█▀▀ █▀ █▄█   █▀▀█▄█▄█ ▄▄▄▀ ▄ █▄█ ▀▄█▀█
█ ▀▀   ▄▄▄ ▄█ ▄▀█ ▄ ▄▀█ ▀▀▄ ▄▄▄▄ █▀     ▄▀▀███▀█▄   ▄▄▄█▀▀█
█ █▀▄▀ ▄███▄██▄▄▄█▄▀ ▄  ▄ ██▄█▀▀▄▀ ▄ █ █ ▄ ▀█▀▄██▀▀▀██ ▄ ▀█
█▀█▀ ▄█▄   █ ▄  ▀  ▀ ▄ █▄▀▄ █▄ █▄ █ ▄ ▀██  ██▀▄▄▀▀▄▄  ▀▄█▄█
█▄▄▄█▄▄▄  ▀▄▄▄█▄██  ▀█▀▀ ▄████▀▄▄▀ ▄    ██▄▄▀▀ █▀▄▄▀█▄  ███
███▄ █▄▄▄██▀ █▄  ▄▀▀  ██▄▀▄▄ ▄ ▀ ▄▀█ █▄█▄ █▄█▄█▀███▀█▄▄ █▄█
█▀▀▀  ▄▄▀▀▀▄▀▄█▀ ▀ ▀ █ ▀ ▄▀ ▀▀ ██▄▄▀ ▀▄█▀▀▀█▄ ▀ ▄█ ▀▀ █▄▀▄█
█  █▄██▄▄▀██▄▄▄▀ ▀█▄███ ▀ ▀██▄▄▄██ ██   ▀▄▄ ▄▀ █ ▀▄▀▄▀▄█▄██
██▄▀▀▄▄▄▀  █ ▄▀█▀█▀▀▀▄ █ ▀█▀ █▄▀██▄▄█▀▀▄ ▄ ▀▀▀▄▄█▄▄▀██▄▀ ▀█
█ ▀ ▀▀▄▄▄▀█▄  ▄██▄▄ █▄▀█▄ ▀██ ██▀  ▄██ ▀█    ▄█▄ ▄▄▄▄▀ ▄█ █
███████▄▄▀ ▄▀▀ █ █▄ ▀ ██▄▄  ▄▄▄ ▄▀ █▄▄ ▀██▄▄ ▀ ██ ▄▄▄   ▀▄█
█ ▄▄▄▄▄ ██▀ ██▄▄   ▀█▄▀▀▄██ █▄█ ██▄ ██ █▀▄ ▄▄ █▀█ █▄█ ▀  ▀█
█ █   █ █▀█▄ ▄▀▀▀██▀ ▄▀█ ▀ ▄      ▄▀█▀██ ██▄  ▀▀▀   ▄ ▄▀ ▄█
█ █▄▄▄█ █ ██▀▄██  ▀█▄▀▄▄█▀▀▀▀▀█▀▄▀▀ ██▄█▄█▄██ ▀█▄ ▀▀██▄▄█▀█
█▄▄▄▄▄▄▄█▄█▄▄▄▄▄██▄██▄█▄▄████▄███▄██▄█▄▄▄▄████▄████▄█▄█████

━━━━━━━━━━━━━━━━━━━━━━━━━━━━━━━━━━━━━━━━
Open WhatsApp > Settings > Linked Devices > Link a Device

✅ QR code image generated for web display

📱 Scan this QR code with WhatsApp:
━━━━━━━━━━━━━━━━━━━━━━━━━━━━━━━━━━━━━━━━
▄▄▄▄▄▄▄▄▄▄▄▄▄▄▄▄▄▄▄▄▄▄▄▄▄▄▄▄▄▄▄▄▄▄▄▄▄▄▄▄▄▄▄▄▄▄▄▄▄▄▄▄▄▄▄▄▄▄▄
█ ▄▄▄▄▄ █▄▀███▄███▄█ █ █▄▄▄▀▀▀ ▄ ▄█▀ ▀▄▀▄▄ ▄▀  ▄ ██ ▄▄▄▄▄ █
█ █   █ █   ▀▀▀▄█▄▀ ▄███▀  █▄██  █ ▄ ▀ ▄███▄▀█▀▄ ██ █   █ █
█ █▄▄▄█ █▄▄█▀ █▀▀▀ █ ▀▄▄ █▀ ▄▄▄ ▀  ▀ █ ▄▀▄████▄▀▄██ █▄▄▄█ █
█▄▄▄▄▄▄▄█▄▀ ▀▄█▄█▄█ ▀▄▀ ▀▄█ █▄█ ▀ ▀ █ █▄▀▄█▄█ █▄█ █▄▄▄▄▄▄▄█
█   ▄▀█▄▀▄▀ ▀█▀███ ▀█▄▄ ▀ ▀▄     █ ▄▀█▄█▄ █▀████▄  █▀ ▄ ▀ █
█▀ █▄ █▄█ ▄▄██ ▀ ▀ ██ ▄▄▄▄ █▀█  ▀▄█ ▄█▄▀ ██▄▀ █▄ ▄▀█▄▀ ▄▄▄█
█  ▄▀ █▄█ █ ██▄ ▄▄█▄  █▄██  █▀█▀ ▀ █▄   ▀█▄▄ █▀██▄ ▀███▄▄▀█
██▄ ▄█▄▄▀▀██▄▄▄  ▄ ▀▄▄█▄▀▀██▀██▀█▄  ██▄ ▄▀█▀▀██▄▄▀ ▄█   ▀██
████▀█▄▄▀▀█ █▄▄ ▄ ▀▀▄▄▄▀ █ █▄▄▀▄ ▄▄ ▀▀▄▄▀▀█▄ ▄▀  ▄ ▄ █ ▀█ █
█▀█▀ ▄█▄█▀ ▀▀▀▀▀  ▄▄█ ▄ ▄▄  █  █ ▀▀▄▀▄▀▄██▄█ █▀▀▀▀ ▄▀▀▀█▀▀█
█▀ ▀▀▀ ▄█  ▄▄▀ ██ ▀███ ▄▀█▀▀▄   ▀▀▀█▄▀ ▄▄▄▀ ███▄▄ ██  █ ▀▀█
█ ▄▄ ▀▄▄▀▄▄ ▀█ ▄▀▄▄▄ ▄█   █▀▄ ▀▄▀▄ ▄▄ █▄ █▀█▄  ▄▀█▄▀██▀██ █
█ ▄█ ▄▀▄ ▄▀█▄█ █▀█  █ █▀█▄▀▀█▀█▄▄▄▄█  ▀▀ ▀▄█▄█ ▄▄█ ▀█▀▀█ ▄█
█▀ ▄▄ ▄▄▄ ▄▀▀ ▄ ▀ ▄▄▀▀█▄▄▄  ▄▄▄ █ ▄█ ▀▀▄ ▄ ▀▀▀███ ▄▄▄ ▀▀▄▀█
█▀▀█▄ █▄█ █ ▀▀ ▄  █▄▄█▀▀ ██ █▄█     ▀█▄█▄█▄█▄▄▀ ▄ █▄█  ▄█▀█
█ ▄  ▄ ▄   ▄█ ▄▀█ ▀█▄▀██▀▀▄ ▄▄▄▄ █ ▀   ▄▄▀ ▀▀▀▄█▀  ▄ ▄▀▄▀▀█
██▀ █▀ ▄▀ █▄██▄▄██▀██▄ ▄▄ ██▄▄▀▀▄▀ ▄ █▄▄▄ ▀▀██▄██▀▀▀ █ ▄ ▀█
███▄ ▄█▄▀  █ ▄  █  ▀ █ █▄▄▄ ██ █▄ █ ▀▀ █ ▀▀▄▄ █▄ ▀▄▄ ▄▀▄█ █
█▄▀▄█▄▄▄  ▀▄ ▀█▄██  ▀█▀▀ ▄███████▀ ▄▀   ▀█▄▄ █ █▀▄▄▀█▄  █▄█
███▄ █▄▄▄█▀▄▀ ▀▄ ▄▀▀  ██▄▀▄▄ ▄ ▀ █▀█▀█▄██ █▄▄██▀███▀█▄▄ █▄█
█▀▀▀ █▀▄▀▀▄█▀▀ █ ▀ ▀ █ ▀ ▄▀ ▀▀ ██▄▄▀ ▀▄█▀▀▀█▄ ▀ ▄███▀ ▀ ▀▄█
█  █▄▀ ▄▄▀▄▄▄██▀ ▀█▄███ ▀ ▀██▄▄▄██▄██ ▄▄▀▄  ▄▀ ▀ ▀▄█▄▀██▄██
██▄▀█▄▄▄█▀▀  ▄▀█▀█▀▀▀▄ █ ▀▄▀ █▄▀██ ▄█▀ ▄ ▄ ▀▀▀▄▄█▀▄ ▄▄▀▀ ▀█
█ ▀ ▀▀▄▄█ █▄  ▄██▄█▀█▄█▄▄  ██ ██▀  ▄████▀▄▀▄▄▄▀▄█ ▄ ▄ ▀▄█ █
███████▄█  ▄▀▀ █ █▄▄▄ ██ █  ▄▄▄ ▄▀ █   ▀▄███ ▀ ▄█ ▄▄▄  ▀█ █
█ ▄▄▄▄▄ ██▀ ██▄▄▀  ▀ ▄▀▀▄ █ █▄█ ▀▀▄ ▀▄ ▄█▀▀██ █ ▀ █▄█ ▀ █▀█
█ █   █ █▀█▄█▄▀▀▀██▀ ▄▀█ ▀ ▄ ▄  ▀▄▄▀▄████▀█▄  ▀▀▀   ▄▄▄▀▀██
█ █▄▄▄█ █ ▀ ██ █  ▀█▄▀▄▄█▀▀▀ ██▀▄▀▀ ▄▄▄█▄▄▄██ ▀█▄ ▀▀ █▄▄█▀█
█▄▄▄▄▄▄▄█▄▄█▄▄████▄██▄█▄▄████▄███▄██▄█▄▄▄▄████▄████▄▄██████

━━━━━━━━━━━━━━━━━━━━━━━━━━━━━━━━━━━━━━━━
Open WhatsApp > Settings > Linked Devices > Link a Device

✅ QR code image generated for web display

📱 Scan this QR code with WhatsApp:
━━━━━━━━━━━━━━━━━━━━━━━━━━━━━━━━━━━━━━━━
▄▄▄▄▄▄▄▄▄▄▄▄▄▄▄▄▄▄▄▄▄▄▄▄▄▄▄▄▄▄▄▄▄▄▄▄▄▄▄▄▄▄▄▄▄▄▄▄▄▄▄▄▄▄▄▄▄▄▄
█ ▄▄▄▄▄ █▄▀███▄█▀█▄█ █▀▄▀ ▄▀▀▀ ▄ ▄ ▀▀ ▄█    ▀▄ ▄ ██ ▄▄▄▄▄ █
█ █   █ █   █▀▀▄██▀ ▄███   █▄██  █ ▄▀  ▄▄▄█▄ ▄▀▄ ██ █   █ █
█ █▄▄▄█ █▄▄█ ▄█▀▀▀ █ ▀▄▄ █▀ ▄▄▄  █ ▀▄  ▄█▀██▀▄▄▀▄██ █▄▄▄█ █
█▄▄▄▄▄▄▄█▄▀ █ █▄█▄█ ▀▄▀ ▀▄█ █▄█ ▀ ▀ █ █▄▀▄█▄█ █▄█ █▄▄▄▄▄▄▄█
█   ▄▀▀▄▀ ▄▀ ▄▀███ ▀█▄▄ ▀ ▀      █ ▄▀█▄█▄ █▀████▀▀ ██▄▄ ▀ █
█▀ █▄ █▄██ ▄▀▀ ▀ ▀ ██ ▄▄▄▄▄▄█▀  ▀▄█▄▄█ █ ██ ▀ █ █▀ ▄█  ▄▄▄█
█  ▀  █▄▄▄████▄ ▄▄█▄  █▄██  ▀▀█▀ ▀ ▄▄  ▀▀█▄█ ██▄██ ▀▀▀█ ▄▀█
██▄▀▄█▄▄  ██▄▄▄  ▄▀ ▄▄██▀▀██ ██▀█▄ ▀██▀█ █▄ █▀ ▀   ▄█ ▄▀▀██
█▄▀ ▄█▄▄▀▀█ █▄▄ ▀▀█▀██ █ ▄ █▄▄ ▄ ▄█▀███▄ ▀▀▄▄▄ ▀ ▄ ▄ █▀ ▀ █
██▀▀ ▄█▄█▀ ▀▀▀▀▀ ▄▄▄█ ▄  ▄  █  █ █▀▄▄▄▀▄▀▀██ ▀  ▀▀▄▄▀▀▀█ ██
█▀▄▀▀  ▄█  ▄▀  ██ ▀███ ▄▀█▀▀▄   ▀▀▀█ █ ▄▀ ▀ █▀█▄▄  ▄  █  ▀█
█ ▄▄ ▄▀▄█ ▄▄▀ █▀▀▄▄▄ ▄█   █▀▄ ▀▄▀█ ▄█ █▄ ▄▀██▀ ▄▀█▄▄▀█▀██ █
█ ▄█ █▀▄ █ ▀▀ ▄ ▀█  █ █▀█▄███▀█▄▄▄▄█  ▀▀ ▀▄█▄█ ▄ █▀▀▄▀▀█ ▄█
█▀ ▄▄ ▄▄▄  █ ▀█▄▀ ▄▄▀▀█▄▄▄█ ▄▄▄ █  █ ▀▀▄ ▄▄▀▀▀██▄ ▄▄▄ ▀▀▄▀█
█▀▀ ▄ █▄█  ▄▀▀▄▀  █▄▄█▀▀ ██ █▄█   ▀▀▀██▄▄█▀▄▄▄ ▀▄ █▄█ █▀█▀█
█████ ▄▄▄▄ ▄█ ▄▀█ ▄ ▄▀▄█▀▀█▄▄▄▄▄ █▀ ▄ ▀ ▄█▀ ▀█▄▀▄ ▄   ▀▄▀▀█
████ ▀ ▄███▄██▄▄█▄▄█ ██  ▀███▄▀▀▄▀ ▄▀█▀▄ ▄▄▀▄▀ ▄▀▄▀▀█▄ ▄ ▀█
█ █▀ ▄█▄▀█ █ ▄  ▄▄ ▀▄█ █ █▄ █  █  █ █  ██  ▄ ▄▄▄▀▀▄▄█ ▀▄ ▄█
█  ▄█▄▄▄  ▀▄  █▄██  ▀█▀▀ ▄████▀▄██ ▄█▄  ▀▀▄▄ ▀ █▀▄▄▀█▄  ▄▄█
███▄ █▄▄▄█▀▄▄ ▄█ ▄▀▀  ██▄▀▄▄ ▄▄▀ ▄▀█▀▄▄█▄▀█▄███▀███▀█▄▄ █▄█
█▀▀▀ ▄▄▄▀▀▄████  ▀ ▀ █ ▀ ▄▀ ▀▀ ██▄▄▀ ▀▄█▀▀▀█▄ ▀ ▄██▄▀ ▀▄▀▄█
█  █▄██▄▄▀   ▄▄▀ ▀█▄███ ▀ ▀██▄▄▄██▄▀█ ▄ ▀▄▄ ▄▀▄▀▄█ █▄▀▄▄▄██
██▄ ██▄▄█▄▀▀ ▄█▀▀█▀▀▀▄ █ ▀▄▀ █▄▀██▄▄█▀██ ▄ ▀▀▀█▄▀▀  ██▄  ▀█
█ ▀ ▀▀▄▄▀ █▄  ▄██▄▀██▄▄▀▄ ▀▀█ ██▀ ▀██▀ █▀  ▀▄ █ █▀▄  ▀▀██ █
███████▄▄  ▄▀▀ █ █ ▄  ██▄█  ▄▄▄ ▄▀ █ ▄  ▀█ █ █▄▄▀ ▄▄▄   █ █
█ ▄▄▄▄▄ ██▀ ██▄▄ ▀ ▀ █▀▀█▄█ █▄█ ▀█▄ ▀█▀█▀  ▄ ▀▄▀█ █▄█ ▀ ███
█ █   █ █▀█▄ ▀▀▀▀██▀ ▄▀█ ▀ ▄      ▄▀ ███ ██▄█▄▀▀     ▄▄▀▀▄█
█ █▄▄▄█ █  ▄▀▄ █  ▀█▄▀▄▄█▀▀▀█▀█▀▄▀▀ ██▄███▄██ ▀█▄ ▀▀█▀▄▄█▀█
█▄▄▄▄▄▄▄█▄▄▄█▄▄███▄██▄█▄▄████▄███▄██▄█▄▄▄▄████▄████▄▄▄█████

━━━━━━━━━━━━━━━━━━━━━━━━━━━━━━━━━━━━━━━━
Open WhatsApp > Settings > Linked Devices > Link a Device

✅ QR code image generated for web display

📱 Scan this QR code with WhatsApp:
━━━━━━━━━━━━━━━━━━━━━━━━━━━━━━━━━━━━━━━━
▄▄▄▄▄▄▄▄▄▄▄▄▄▄▄▄▄▄▄▄▄▄▄▄▄▄▄▄▄▄▄▄▄▄▄▄▄▄▄▄▄▄▄▄▄▄▄▄▄▄▄▄▄▄▄
█ ▄▄▄▄▄ █▀  ▄▀▄ █  ▀  █ ▄ ▄▄█▀█ ▄█ ▄██ ▄█▀  ▀██ ▄▄▄▄▄ █
█ █   █ █▄█▀█▀▀▄▀ ▄████▄█▄█▀ █▀██▄█▀▄█▀█ █▄▀▄▀█ █   █ █
█ █▄▄▄█ █ ▀▄▀▀▄█▄██ ▀▄█▄▄ ▄▄▄  ▄ ▄ ██ ▀▄▄▀█ ███ █▄▄▄█ █
█▄▄▄▄▄▄▄█ █▄▀▄█ █ ▀ █ █▄▀ █▄█ █▄▀ ▀▄█▄█▄█▄█▄█▄█▄▄▄▄▄▄▄█
█  █ ██▄ ▀▄▀▄█ ▄█ █▄▄▄ ▄▄ ▄▄ ▄▄▄ ▀▄██▄█▄▄ ▄▄███▄▄ ▀ ▄▀█
█ ▀ ▀██▄ ▄▄▄▀▄▄██ ▄▄▄  ▀▀▄█▀▄█▄▀▄▄▀▄ ▄▄▀▀▀▀ ▄ █ █ ▄ ▀██
█▀ ▀▀▄ ▄█ ▀▄▄   █▀  ▀▄█▄█▀ ▄███▄▀▄█▀▄▄▀█ ▄▄▄ ▄█  ▄██ ▀█
██ █▄  ▄▀▀  ▀███ █▄ ▄▄   █▄▄  ▀▄▀███  ▀ █ ▀█▀▀▄▄ ▀▀█  █
█▄▀▄▀█▄▄▀▄█ ▄▀▄  █▀ ▀▀▄▀  ▀▀█ ▄█▀ █▄▄ ▄▀▀▀███▀▄█▄▄▀▀▀ █
█▀▀▀▀▄█▄█ ▄ ▄▄▀▄    █   ██▄▄█▄▄██▀▀█▀▄▀ ▄▄ ▀▄▄█ █▀▀█  █
█▀▄█▀█ ▄█ █▄▀▄▀▀ ██  ▄ ▄▄▀▄▄▀▀█▄ █▄██▄▄█▀ █▄ ▄▄█▀▄ ▄███
█ ▄▄  █▄ ▀█ ▄█▀█▄█▄  ▀▀█▄█▀  ▀██ ▀▄ ▀▀ ▄ ██ ████ ██▀▄▀█
█▀█▄▄ ▄▄▄ ▀  ▀▄██▄   ▄    ▄▄▄ ▀▄▄ ▄▀▀ ██▄ ▀▄▀ ▄▄▄ █▄▄██
█▀▀   █▄█  ██▄█ █▀ ▀▄▄▄▀█ █▄█ █▀██▀ █▄  █▄█▀  █▄█ ▄█▀▄█
█▀▄▄  ▄▄ ▄▀█▄▄▀▄██▄▄▀▀ █▀ ▄▄▄▄▀██▄██  ▄  █▀█ ▄▄  ▄ █▀▀█
█ ▄██▀▄▄▄  █▄█▀▄█▀█  ▄  █▄  █▀▄▄ ▄▀█▀▄██▄▄█▄▀ ▄ ██ █▀▄█
██▄█▄▀▀▄▀▄▀▀ ███ ▄▄  ▄█ ▄█ ▀ ▄ ▄ █▄█▀▄██▀ ▄█▀ █▄ █▄█ ██
█▄██▀▀█▄▀ ▄▄  ▄█ █  █▀█▀▀▀▀ ▄█▄▀██▀ ██▄▀▀▄██▄▀▄▀  █▀ ▀█
█▄▄▀█▀▄▄ ▄█▄█▄▀ ▄▀▄  █▄▄█ ▄ █▄███▄▄ ▄▄▀▄▄▄▄█▀▄▀ ██ ▄▀ █
█▄▄▄ ▄ ▄ ▄▀█ ▄  ▀███▀▄▄ ▄▄  ▄█▀█  ▄ █▀▄▀▀▄▄▄   ▄▄▄ █▄▄█
█▀█▀▀▀ ▄▄▀▀▀▄▄▀▀█▀█ ▀▀▄█ ▀▀ ▄█ ▄█▄ █ ▄█  █ █▄▄▄▀▄█▀██▀█
█▄ ▀▄▄▄▄ ▄ ▄▄█ ███▀▀  █ █ ▀ █▀ █▄ ▀█▀▀▀█▄▀▄▄█▀ ▄▄▄▀▄█▄█
████▄██▄█  ▄█▄ ▀▄█▄ ██▄▄▀ ▄▄▄ ▄███▀▄█ ██▄▄▄█▀ ▄▄▄ ▄▄█▀█
█ ▄▄▄▄▄ █▄█▀▄ ▀  █▄█ ▀█▄  █▄█ ▀▄▀▀▄  █▄  █▄▄█ █▄█ █▀███
█ █   █ █▀█▀▄   ▀ █ ▀▄▄ ▀▄ ▄▄ ██▄▄▄▀  ▀█ ▄███▄  ▄ █▀█ █
█ █▄▄▄█ █▀▄▀▀▀▄▄ ▄▀▄██▀  ▄  █▀▀ ▄ ▀  █ ▄▄ ▄▄ ▀▄▄▀▄██ ██
█▄▄▄▄▄▄▄█▄█▄▄▄█▄▄▄▄▄████▄▄▄▄████▄▄██▄▄█████▄▄██▄▄▄▄▄▄██

━━━━━━━━━━━━━━━━━━━━━━━━━━━━━━━━━━━━━━━━
Open WhatsApp > Settings > Linked Devices > Link a Device

✅ QR code image generated for web display

📱 Scan this QR code with WhatsApp:
━━━━━━━━━━━━━━━━━━━━━━━━━━━━━━━━━━━━━━━━
▄▄▄▄▄▄▄▄▄▄▄▄▄▄▄▄▄▄▄▄▄▄▄▄▄▄▄▄▄▄▄▄▄▄▄▄▄▄▄▄▄▄▄▄▄▄▄▄▄▄▄▄▄▄▄
█ ▄▄▄▄▄ █▄▀ ▀█▀▄ ▄███▄ ▄▀▄▀ ▀▄█ ▄▀█ ▀▄▄▄▄▄█ ▀██ ▄▄▄▄▄ █
█ █   █ ██▀  █▄ ▄▄▀▀ ▀     █▀▀▄▀   █▀▀▄▀█▀▀▀▄▀█ █   █ █
█ █▄▄▄█ ██▄ ▀█▀▀▀▀ ▄▄   ▀ ▄▄▄ █ █ █▀ ▄▄ ▀█  ███ █▄▄▄█ █
█▄▄▄▄▄▄▄█ ▀ █ ▀▄▀▄█▄▀▄▀ █ █▄█ █▄▀▄▀▄█▄█ ▀▄█ ▀ █▄▄▄▄▄▄▄█
█▄▄▀▄ ▀▄██▀█▀▀█  ▄  ▀ █ ▀▄▄▄▄  ▀▀▀▀   █▀▀▄ ▀▀ ▀ ▀███▀▄█
█▄▀▄▄ ▀▄█ ▄▄▄ ▀▀ ▄▀ ▀▄██▄ █▄▀▀ ▄▀ █▀█▀ ███▄█▄  █▀▄▀▄▄▀█
█ ▄▄▄ █▄ ▄▄▀▀██▄ ██▄▄    ██▀ █  ▄  █▀ ▄▀█ ▀ █  ▄█  ▀█▄█
█▀█▀▀ █▄ ██▄▄█ ▀█▀▀▄▀ █▄█▀▀ ▀ ▄▄▄█▄▀█▄▄   ▄▀▄██ ▀█▄▀█▄█
█ ▄ ▄▄█▄▀▀ ▄▀█▀▄█▀▄▄▄█▀██▄ █ █▄▀▄▄  ▀  █▀█▀ ▀█▀▀▄▄▄█ ▄█
██ █▄▀▀▄ ▄█▄▀ ▄ █▄█▄ ▄█▄ ▀▀▀   ▀ █▄▀▄ █▄  ▄█ ▀▀▄ █▄▀█▄█
█ ▀█ ▀█▄ ▄▄█▀█▄██▀ ▄█ █ ▀█▀  █  █▀▀▀  ▀▀▄▄  █ ▀▀▄ ▀ ▀ █
█▄▀▄  ▄▄█▀ ▄▀ ▄▀▀▀▀▄██▄▀▀▀▄▄█▀▄▀█▀█▄▄▀█▄██▄▄ ▀ ▀▀█▄█▀██
██  ▀ ▄▄▄ ▄▄██▀▀  █▄█ █▄█ ▄▄▄ ▀ ▀  ██▄█ █▄▀▀█ ▄▄▄ ▀▀▀▀█
█▀▄▄█ █▄█      ▄ ███▀ ▀█  █▄█ ▀█ ▀██▀ ██▀  ▄█ █▄█ ▀▀▄ █
███▀  ▄▄ ▄ ▄▀█▄  ▀▀ ▄██▀▄▄  ▄▄▄▀   ▀█▄▀▄█▀▄▀▀▄    ██▄██
█▄▀  █ ▄█ █▀█ ▄  █ ▄█ █▄  ▄▄ █▀▄█▄▄█   ▀▀   █▄█▄█▄█ ▄ █
█▀▀▀▀█▄▄▄ ▄██▀ ▀█ ▀▄█  ▄▀▀▀██ ▀▀ ▀  ▄▄ ▀ ▄  ▄▄  █▀▀▀█▀█
██▀▀▄█ ▄▄▄▄▄█▄▀▀█▀█▄ █ █ ▀▄▄ ▀ █▀▀█▄▀▀▀▄█▀▀ █ ▀██▄ ████
█ █▄  ▀▄▀▀▄▄▄▀▄▄▀█▀▄█▀▀  ▄▀▄▄█ ▀  ▀▄▀ ▄ ▀ ▀▀▄▀▀ █▀█ ▄▄█
█ ▀ ▀▄█▄ █▄▀  █▄▄▀ ▀▄ ▀▄▀ ▄▄▀▀ ██ ▀ ▄█▀█ ▄▀ ▄▄▀▄▄ ▀▀▀ █
██ █▄██▄▀█▄█▀ ▄█ █ ▄▄█▀▀▀█▄ ▀▀▀▀▄▄  █▄ █ ▀█ ▀ ▀█▀▀█▀ ██
█▄ ▀▄▄▄▄█  ▀▀▀█  ▀▄██▄ ▄ ▄▄▄ ██▀▀█▄▀█▄▄▀▀█   ██ ▀ ▄   █
████▄██▄█▀▄▀ █▄█▀▀▀▄ ▀▀ █ ▄▄▄ ▀▀ ▀▄  ▄ ▀▀ ▀▀  ▄▄▄ █▄ ██
█ ▄▄▄▄▄ ██ ██▀▄▄█▀▀▀██  █ █▄█   ▄▀█▄▀▀▀ ██▀▄█ █▄█ ▀█ ▀█
█ █   █ █  █▀▄█▄▄▄ ▄▄ ▀▄▄ ▄   █▀█▄ ██▄▄▀█▄▀   ▄ ▄  ▄ ▄█
█ █▄▄▄█ █▀▄█▄█▄ █ ▄  ▀▄▄▀ ▀▄ ███ █▄█▄▀▄▀▀▄▀ ██ ▀ ▄ ▀█▀█
█▄▄▄▄▄▄▄█▄▄███▄▄█▄█▄▄█▄██▄▄█▄█▄██▄▄██▄▄█▄█▄▄██▄██▄█▄███

━━━━━━━━━━━━━━━━━━━━━━━━━━━━━━━━━━━━━━━━
Open WhatsApp > Settings > Linked Devices > Link a Device

✅ QR code image generated for web display

📱 Scan this QR code with WhatsApp:
━━━━━━━━━━━━━━━━━━━━━━━━━━━━━━━━━━━━━━━━
▄▄▄▄▄▄▄▄▄▄▄▄▄▄▄▄▄▄▄▄▄▄▄▄▄▄▄▄▄▄▄▄▄▄▄▄▄▄▄▄▄▄▄▄▄▄▄▄▄▄▄▄▄▄▄
█ ▄▄▄▄▄ █▄▀█▄▀▄█ █ ▀ █ █▄ ▄▀▀█ ▄▀█▀██▀▄█▀▀  ▀██ ▄▄▄▄▄ █
█ █   █ █ ▄ ▄▄▄▄▀ ▀  ██▄ ▀ ▀█▄▄  ▄█▀▀ ▄█ █▀▀▄▀█ █   █ █
█ █▄▄▄█ █▄█ ▀▀█▀ ▀▄▀  ▀ █ ▄▄▄ ▀█▀ ▄▀▄▀   █▄ ███ █▄▄▄█ █
█▄▄▄▄▄▄▄█▄▀ ▀ █▄▀▄▀ █▄▀ ▀ █▄█ ▀ █ █▄▀ █ █▄▀ █ █▄▄▄▄▄▄▄█
█▄▄▄ ▀▀▄█ ▄▀▀ █▄█  ▀▀▄ ▄▀▄ ▄ ▄▀▀▀███▄▀▀█ ▄ ▀█▄▄██ ▄ ▀ █
█  ▄█ █▄ ▀█▄ ██▀▀▄███▄▄█ █▄▄ ▀█▀█▀█▀ █▄█▄▄▀▀██▀▄▄ █▄ ▀█
██  ▄▀ ▄██▀██▄ █ ▄  ▀▀ ▀█▀▀   █▄▀▀ ▄▄▄▀ █▀▄▄ ▀ █ ▄█ █▄█
█ █▄▄▄▀▄▄█  ▄█ █ █▀█▀▄  █ ▀▄  ▄▀ ▀██▀█▄ ▀ ▄▄▄▀  ▀▄██  █
██  █ ▀▄▀▄▀▄█ █▄▄▀ ▀ █ █▀▀▄█▀█ ▄▄▄▄▀█▀▄▄ ▀▀███▄  █▀██ █
█ ▀▄▄ █▄▄███▄▄▀▀██  ██████▀▀ ▀█▄▄█▄ ▀█ ▄▀ ▀ ▀█▀▄▄ ▀ ▀██
█▀▀█▄██▄  ▀ ▀▀▄▀ █ ██▄ ▄▀▄▀▄██ ▀██▄█ ▀▀█▀  ▀█▄▄█▄▀█ ███
█▀███▄▄▄▀▀▀▄ ▀ ▀ ▀█▀▀██▀█▄ ▄▄█  ▀▀ ▄▄▄▀▄▄█ ▀▄▀█▀▀  █ ██
█▀█▀▀ ▄▄▄ ▄█ ▀▄  ▀   ▀██  ▄▄▄ ██▄▀▀▄▄▄▀▀█▀█▄█ ▄▄▄ ▄ █ █
█▀▀   █▄█ █  ▀  █▀█▄▀▄▄▀  █▄█ ▀▄ ▄▀ ▀▀▄ ▄▄▀▄█ █▄█ ▀█ ▄█
█▄█▀█▄▄▄   ▄    ▀▀██ █▄▀  ▄ ▄▄ ▄▄ ▀▀▀▀█▄▄▀ ▄█▄▄▄ ▄▀████
█ ▄█  ▀▄▄▄█ ▀█▀▀ ▄█  ▀███▄█  ▄  ▄█▄ █▄▀ ██▀ ▀█▀▀ █  ▄▀█
█ ▀█▄▀▄▄▄▄▀▀█  █ ▄▀██▄█ ▀  ▀ ▄▀▀███▄ █ ▄    ▄ █▄█  █ ██
██▀▀██▄▄ ▄ ▀▀▀█▀▄▀▀▀▄█▀█▄▄ ▄▀ ▄ █ ▄▄▄█▄█▄ ▄▄█  █▀▀▄█▄██
███   ▄▄▀ █▀▀ ▀█▀▄▄   ▀▀█ ▄█ ████▀▀█▄▄▀▀▀▀▄█▀ ▄▀ █▄█▄██
█▀▀ ███▄█ ▀█  █ ▀█  ▄▄▄ ▀▀▀▀▄█▄▄▀  ▄ ▄█▀▀ ▀██ █ ▄▀▀█▄▄█
█ ▄███▀▄██████ █▀█▄▀ █ ▀█▀▄▄ ▀ ▄▀▄▀▀▄██▄ █▀▄█  ██▄▀ ▀██
█▄ ▀▄▄▄▄ ▀ ▀▄██   ▀▀ █ ██ ▀█ █ ▄▄██    ▀ ███▀██▀▄▄▀▀ ▀█
████▄██▄█  ▀▀ ██▄█▀█ █▄▄▄ ▄▄▄ ▀  █▀▄ █ █▄▄▀ ▄ ▄▄▄ ▀ █▀█
█ ▄▄▄▄▄ ██▀█▄█ ▄▄▀█▄▀█▀ ▀ █▄█  █▄▀  ▀ ▀▄ █▀▀█ █▄█ █▄▀▀█
█ █   █ █▀ ▄▄  █▄██ ▀▀▀█▀▄  ▄ ▄▄▄▀▀▄▄▄ ▀▀█▄▄█ ▄▄  ██ ██
█ █▄▄▄█ █ █▀▄▄ █ ▄▄▀ █▀ █▀█ █▀██   ▀█▀▄█▄▀▀▀█▀ █▄█ █ ██
█▄▄▄▄▄▄▄█▄█▄█▄█▄▄▄██▄█████████▄▄█▄████▄███▄███▄▄███▄▄██

━━━━━━━━━━━━━━━━━━━━━━━━━━━━━━━━━━━━━━━━
Open WhatsApp > Settings > Linked Devices > Link a Device

✅ QR code image generated for web display

📱 Scan this QR code with WhatsApp:
━━━━━━━━━━━━━━━━━━━━━━━━━━━━━━━━━━━━━━━━
▄▄▄▄▄▄▄▄▄▄▄▄▄▄▄▄▄▄▄▄▄▄▄▄▄▄▄▄▄▄▄▄▄▄▄▄▄▄▄▄▄▄▄▄▄▄▄▄▄▄▄▄▄▄▄▄▄▄▄
█ ▄▄▄▄▄ █▀▀▄▀▀██▀█▀▀▄▀ █▄▄▄▀▀██▄█▀▀▀▄█▄▀▄ ▄  █▄▄ ██ ▄▄▄▄▄ █
█ █   █ █▀█ █▄ ▄▄▄▀ ██▄█▀ ▀█▄▄▀▀▀█▄▄▀▀█▀▄█▄ ▀█ ▄ ██ █   █ █
█ █▄▄▄█ █▀▀▄▄▀ █▄█▄█▄ ▄█▀ █ ▄▄▄ ▄▄▀█▀ ▄▀ ▀▄  █▀▀▄██ █▄▄▄█ █
█▄▄▄▄▄▄▄█▄▀▄█ ▀ ▀▄▀▄▀ █ █ █ █▄█ ▀▄█ ▀▄█ ▀▄█ █▄▀ ▀▄█▄▄▄▄▄▄▄█
█  ▄  █▄  █▄▄█ ▀▄█▀▄▀▄▀▀▀ ▄▄ ▄  ▀█▀█▀  ███▄ ▄▀█▄  ▄█▄█▄▀ ▀█
█▄▄█▀▀ ▄▀▀▀▄▄▀▄ ▀█▀ ▀▀▀ █▄ ▄▀▀▀▄█▀  █▄▄███▀███▀▀▄▄▄▄▄▄▀▀ ▀█
██▄▀▀▄▄▄█▄▄▀██▄▄██▀  ▄▀▄▄▀  █▀▀█▄▀▄▄▄▄ ▄▀▀█▀ ██▄█▀▀▄██▀ ▄██
██▀█▄ ▀▄█▀ ▀▄▀▄█ ▄▀█▀█▄  █ █ ▄█▄▄ ▄ █▄▀▄▀ █▀▀  █▄█ ███  ▄▀█
█▄ ▀█▄█▄▄█▄▄▀  ▀█▄▀▄▀▄▄▀▀▀▀ ▀ ▀  █▀▄█▄▀▄██ ▀▄█▀▄▀  █▀███▀██
█▀██▄▀▄▄▀▀█▀ ▀▀█▀█▀▄▄▀  ▀ █▄▀  ▄█▄█▄█▄ ▀█▄▄▄▀██ ▄▀ █▄▄ ▀ ▀█
█▀▀  ▀█▄ ▀▄███▀█▄▀ ▄▄██▀▀▄  █▀ ▀▄▀▀▄  ▄▄██ ▀ █▄█▄▀▀▄▀█▄█ ▀█
█▄███▀ ▄██▀▀ ██▄▄ ▄▄▄███▀█▀ ██ ██▄█ ▄▀▄ ▀▄▀▄█  ▄▄ █ ▄ ▀ ▀▀█
█ ▄▀ ▀ ▄  ▀▄▄ ▄█▄█▄ █▄██▀ ▀████▀▄  █   █▀▀▄▀ ▀█▄▀▀██▄▀▄ ▄ █
█▀ █▀ ▄▄▄ █▀█ ▀▄▄▄▄█ ▀▄██▀  ▄▄▄ ▄▄▀▄   █ ▀▄█▄▄▄▄▄ ▄▄▄ █ ▄██
██▀▀▀ █▄█ ▄▀▀▀███▄▄▀▀▄▄█▀ ▀ █▄█ ▄█▄▄▄  ██▀ ▀▄█▄▄▄ █▄█ ▄█ ▀█
█▀▄█▀▄▄▄▄▄▀██▀▀ ▄█▀▀█▀▄▀█▄▀▄   ▄▄▀▄  ▄▀▄ █ ▀▀▄███▄  ▄  ▀▀▀█
█ ▄  ▀▀▄█▄▀▀▀█▄▄▀▄▄ ▀█▀▀  ▄▀ ▄▀ ▄▀▀█▀ ▀▄██   ██▄█▄▀▀█▄▀▀▀▀█
█▀▀█▄█▀▄▄▀▄  █▄ ▀▄█ █ ▄▄  ▀ ▀ ▀ █▀ ▄▄▄█▄▀▀██▀ █▄█▄▄█  ▀▀▀▀█
█ █▀█▀█▄▀█ █▀▀▄█▀█  ▀▀▀█▄ █▀▀█▀▀▄███ ▄ ▄▀█ ▀ █▄▄▀█▄██▄▄▄█▀█
█▀▄ █ ▄▄█▄█▀▀  ▀▀█▄▄▀ █▀▄ ▄▄▀█▄ ▀█▀█▀███ ▄  █  ▀██▄█ ▄█▀▄▄█
█▄█▄▄▀▀▄ ▄██▄█▀██▄▄ ▄▄▀▀▀ █▀▀▄█▄▀█▀█▀  ██▀▀▀▀▀ ▄▀▄▀█▄█▄▀▀▀█
██ ▄   ▄███▀ █▀▄█▄▀  ▄▀   ▀▀▀█▀▄▀█▄█▀▀▄█ █▄▀  █▄▀█▄█ ▄▀  ██
█ ▄▀█▀█▄▄▀█▀▀ ▄▀▄█▀ ▀▄▀▄ ▀▄▀▄█▄▄ ▀▄▄   ▄█▀█ █▀██▀▀▄█ ▄▀▀█▀█
█ ▀ ▀▀▄▄█  ▄  ▄█ ▄█▀▄█ ▄ ▀█▄▄▄ ▄ ▀▄ ██▀▀▄▀ ▀▀▀ ▀▀▄▄█ ▀  ▄██
███████▄▄▀▄█▄▀ ▀▄█▀▄▀██▀ ▀▄ ▄▄▄ ▀▀▄█▄ ▄▄▀▀▀ ▄█▄▄█ ▄▄▄ █ ▄▀█
█ ▄▄▄▄▄ █▄▀████▄▀▄█▀▀███▀ █ █▄█ ▀  ███▄ █▀██   ▀▄ █▄█    ██
█ █   █ █ █▀▄ ▀█▄▀▄ ▄██▀▀▄   ▄ ▄█▀▄██  ▄▄█▀▀█▀██ ▄▄▄  ▄▄▄██
█ █▄▄▄█ █  ▄▄█ █▄   ▄██▀▀█ ██▀▀█▄██  █ █ ▀ ▀█▄ ██  ▄▀▀  ███
█▄▄▄▄▄▄▄█▄█▄███▄█▄█▄▄▄███▄▄████▄▄▄▄▄▄▄▄████▄▄███▄███▄█▄█▄██

━━━━━━━━━━━━━━━━━━━━━━━━━━━━━━━━━━━━━━━━
Open WhatsApp > Settings > Linked Devices > Link a Device

✅ QR code image generated for web display

📱 Scan this QR code with WhatsApp:
━━━━━━━━━━━━━━━━━━━━━━━━━━━━━━━━━━━━━━━━
▄▄▄▄▄▄▄▄▄▄▄▄▄▄▄▄▄▄▄▄▄▄▄▄▄▄▄▄▄▄▄▄▄▄▄▄▄▄▄▄▄▄▄▄▄▄▄▄▄▄▄▄▄▄▄▄▄▄▄
█ ▄▄▄▄▄ █▀▀▄▀▀▄███   █ █▄ ▄▀▀██▄█▀█▀█▀▄█    █▀▄▄ ██ ▄▄▄▄▄ █
█ █   █ █▀█ █  ▄▄▄▀ █▄▄█▀ ▀█▄▄▀▀▀█▄▄▀ █▀█▄▄  ▄ ▄ ██ █   █ █
█ █▄▄▄█ █▀▀ █  █▄█▄█▄ ▄█▀ █ ▄▄▄ ▄▀▀█▄▀▄▀▄▄▄  █▀▀▄██ █▄▄▄█ █
█▄▄▄▄▄▄▄█▄█▄█▄▀ ▀▄▀▄▀ █ █ █ █▄█ ▀▄█ ▀▄█ ▀▄█ █▄▀ ▀▄█▄▄▄▄▄▄▄█
█  ▄  ▀▄  ▀▄ █ ▀▄█▀▄▀▄▀▀▀  ▄ ▄  ▀█▀█▀  ███▄ ▄▀█▄▀▀ █ █▄▀ ▀█
█▄▄█▀  ▄▀ ▄ ▀ ▄ ▀█▀ ▀▀▀ █▄ ▄█▀▀▄█▀▄▄█▄▄███▀▀███▀▄▄██  ▀▀ ▀█
██▄█▄▄▄▄▄▀█ ██▄▄██▀  ▄▀▄▄▀▀▀▀▀▀█▄▀█▄▄▄ █▀▀ ▀ ██▄▀ ▀▄█▀█ ▄██
█▄▄▀█ ▀▄█▀ ▀▄▀▄█ ▄█▀▀█▀▄ █ █ ▄█▄▄  ▄▀▄▀ ▀ ██▀      ██▄ ▀▄▀█
█ █  ▄█▄▄█▄▄▀  ▀██▀▄▀██▀▄▀▀ ▀ ▀▀ █▀▄▀ ▄██▀▀ ▄█▄▄▀  █▀███▀██
█▀▀▄ █▄▄▀▀█▀ ▀▀█▄▄▀▄▀▄  ▄██▄▀ ▀█▀ █▄█    █▄██▄█▀▄▀ █▄▄ ▀▄██
█▀█  ▄█▄ ▀▄█▀▄▀█▄▀ ▄▄██▀▀▄  █▀ ▀▄█▀▄ ▄▄▄██ ▀ ▀▄█▄▀ █▀█▄█▀▀█
█▄███▀▀▄▀▀▄▀  ▄█▄ ▄▄▄███▀█▀ ██ ████ ▄▀▄ ▀█▀▄█▀ ▄▄ ▄ ▄ ▀ ▀▀█
█ ▄▀ ▀█▄▄█▀ █ ▄ ▄█▄ █▄██▀ ▀▀███▀▄  █   █▀▀▄▀ ▀█▄▀ ▀███▄ ▄ █
█▀ █▀ ▄▄▄  ▀▀▄▄▄▄▄▄█ ▀▄██▀▀ ▄▄▄ ▄▄▀▄   █ ▀▄█▄▄  ▀ ▄▄▄ ▀ ▄██
██▀ ▀ █▄█  ▄▀▀▀██▄▄▀▀▄▄█▀ ▀ █▄█ ▄█ ▄▄  ██▀ ▀▄█ ▄▀ █▄█ █▀ ▀█
█ ▄ ▄  ▄▄ ▀██▀▀ ▄██▄█▀▄██▄▀▄   ▄▄▀█   ▀█▄█ ▀█ █▄▀▄      ▀▀█
█▄ ▄▄▀▀▄ ▄▀▀▀█▄▄▄▄  ▀████▀▄▀██▀ ▄▀▀█ ▄ ███▀ ▄████ ▀▀ ▄▀▀▀██
█▀▄▀ █▀▄█▀▄  █▄ ███  ▄▄▄▀ ▀ ▄▄▀ ▀▀ ▄█▄▄█▄ ██▀▀▄█▄▄▄██ ▀▀ ██
█ █▀█▀█▄▀█ ██ ▄█▀█  ▀▀▀█▄ █▀▀█ ▄ ███▄▄ ▄▄▀ ▀██▄▄▀█▄██▄▄▄█ █
█▀▄ █ ▄▄█▄▄▄██▄ ▀█▄▄▀ █▀▄ ▄▄▀█▄  █▀█ ▄██ █  ▄  ▀██▄█ ▄█▀▄▄█
█▄█▄▄▀█▄ ▄▄█▄ ▄██▄▄ ▄▄▀▀▀ █▀▀▄█▄▀█▀█▀  ██▀▀▀▀▀ ▄▀▄▀▀▄█ █▀▀█
██ ▄ ▀█▄█████▄ ▄█▄▀  ▄▀   ▀▀▀█▀▄▀█ █▀▀▄▀ █▄▀  ▀▄▀▄█▀ ▄ ▀ ██
█ ▄▀ ██▄▀▄█▄▀ ▄▄▄█▀ ▀▄▀▄ ▀▄█▄█▄▄ ▀▄▄  ▀▄█▀█ █▀▄▄█ ▀▀▄█ ▄█▀█
█ ▀ ▀▀▄▄▄▄ ▄  ▄█ ▄ ▄▄█▀▀ ▀█▄▄▄ ▄ ▀█▀███▀ ▀ █▀▀  ▀▀ █ ██▀▄██
███████▄█ ▄█▄▀ ▀█▄▄▄ ▄▄▀▀▀▄ ▄▄▄ ▀▀▄█ ▄▄█▀█▀ ▄▀██▀ ▄▄▄ ▄▀▄██
█ ▄▄▄▄▄ █▄▀████▄ ▄█▀█▀███▄█ █▄█ ▀▄ █ ██ █ ██▄█▀   █▄█    ██
█ █   █ █ █▀ ▄▀█▄▀▄ ▄██▀▀▄     ▄▄█▄██  ▄▀█▀▀▄▀██ ▄▄▄  ▄▄▄██
█ █▄▄▄█ █ ▄█▄▄█▀▄   ▄██▀▀█ █▀▀▀██▄█  ▄ █   ▀█▄ ██  ▄ █  ███
█▄▄▄▄▄▄▄█▄███▄▄▄█▄█▄▄▄███▄▄██▄█▄▄▄▄▄▄▄▄████▄▄███▄███▄█▄█▄██

━━━━━━━━━━━━━━━━━━━━━━━━━━━━━━━━━━━━━━━━
Open WhatsApp > Settings > Linked Devices > Link a Device

✅ QR code image generated for web display

📱 Scan this QR code with WhatsApp:
━━━━━━━━━━━━━━━━━━━━━━━━━━━━━━━━━━━━━━━━
▄▄▄▄▄▄▄▄▄▄▄▄▄▄▄▄▄▄▄▄▄▄▄▄▄▄▄▄▄▄▄▄▄▄▄▄▄▄▄▄▄▄▄▄▄▄▄▄▄▄▄▄▄▄▄▄▄▄▄
█ ▄▄▄▄▄ █▄█▄███▀█▀██ ███▄ ▄███▀ ██ ▀▀█▄█▄▀  █▀ ▄ ██ ▄▄▄▄▄ █
█ █   █ █ ▄▀▀▀▀▄▄▄▀▀███▄▀▀ ███▀ █▄██▄ ▄▀▄▄▄▀█▄▀▄ ██ █   █ █
█ █▄▄▄█ █▄▄ ██▄▄▀▀█  ▀▀▀ █▀ ▄▄▄  ▄▄▀ ▄  ▄███  ▄▀▄██ █▄▄▄█ █
█▄▄▄▄▄▄▄█▄█▄▀ ▀▄█▄█ ▀▄▀ ▀▄█ █▄█ ▀ ▀ █ █▄█▄▀▄█ █ █ █▄▄▄▄▄▄▄█
█  ▄ ██▄█▄▀█▄▀▀▀█▄▀█ ▄  ▀▀▀▄ ▄   █ ▄▀▀▀█▄▄▄▀█▀▄█▀▀ ██ ▄ ▀ █
█▀ ▄▄▄▀▄█▄ ▄█  ▀▄▀ ██ ▄▄▄▀█▄ █ ▀▀ █ ▄▀   ▀ ▄▀▄▄█ ▄ █▀▄ ▄▄ █
█▀▄█ ▄ ▄█▀▀█▀▀▄ ▀██▄  █▄ █ █▄██▀▄█▀▄  ▀▀█▀▀█ ▀ ██▄▀ ▀██▄▄▀█
██▀ █▀▀▄█ ▀ ▄ ██▀█▀▀ █▀█ ▄▀█ ▄█▀█  █▀▀▄▄▄█▄   ▄ ▄▄▀███ ▀█▀█
█ ▀▄  ▄▄ ▄▀  █▄ ▄ █▀█▄▄█ ██▀▄▄▀█▄▄█▀████▄▀▀█▀▄   █▄▄▄▀▄▀█ █
█▄███▀▄▄▀█▀▀▄█▀▀▀▄█ ▀█▄  ██ █ █ ▀▄▀▄▀ ▀▄▄  ▀▀▄▀  █▄▀ ▄▄█ ▀█
█   ▀ ▄▄▀▀█▄▀▄ ██  ███▄ ▀█▀ ▄   ▄▀ █ ██▄ ▄  █▀█▄▄ ▀▄ ▄▄▄ ▀█
█▀▀▄ ▀▄▄▀ ▀▄█▄  ▀▄█▀ ▄ ▀  █▀ ▀▀ ▀▄ ▄▄█ ▀▄▀ ▀  █ ██ ▄█  ██ █
█▄▄█▄▄▀▄▄█ █▀█▄▄ █ ▄█ ▀██▄█▀▀█▀█▄▄▄█▄▄ ▀█▀ █ █▀▄█▄▀ █▀ ▄▄▄█
█ ▀█  ▄▄▄ ▄▄█▄▄▄██▄▄▀▀█▄█ ▄ ▄▄▄ █▄▄█ ▀██▀ ▄ █▄▀█▄ ▄▄▄ █▀███
█ █▀▄ █▄█  ▀ ▄██  █▄██▀▀ ██ █▄█  ▄▀ ██▄█ █ ▄ ▄ ▀█ █▄█ ▀▄▄ █
██ ▄█  ▄▄ ██▀█▀▄ █▀███▄▄▀ ▀▄▄ ▄ ▄█  ▄▄▀▀▄██▄▀  ▄█▄  ▄▄ █▀██
█ ▀▀  ▀▄ █  ▀▄█▄▄▄▀█ ▄█ ▀ █▀▄▄▀▀█▀ ▄▄▀▀█▄  ▀█▀▀██▀ ▀▄█▀ ▄▀█
██▄ ▄▀ ▄██▀▄▀  ▀ ▀▄█▄█▀ ▀▀█▀ █ ██▄█ █▀▀▄ ▄▄▀    █▀ ▄█▄ ▄  █
█▀██▀▀▀▄▀▀▄█ ▄▄▀██▄▄▀███ ▄█████▄ ▀▀█    ▄█▄█▄█ ▄█▀▄▀▀▄  █▄█
█ █ ▄▀▄▄▄▄█ ▀██▀ ▄▄█  ▄ ▄▀█▄ ▄ █ ▄ ▄▀█▄█ ▄ ▀▄ ▀ █▄██▀██ █▄█
█▀▀█▀█▄▄▄█▀ ▀▀▄▀  ██ █▄█ █▀ ▄ ▄▀█▄▄▀ █▄▄ █ ▄█ █  ▀▄ ▀▀█▄█ █
█▀  ▄▄ ▄█▀ ▀▄▄ ▀▀▄█▄  █ ▄▄█████ ▀▀▄███ █▄█▄▀ ▄▀ ██ ▀▄▄█▄ ▀█
█▀█▄ ▀█▄ █▄ ▀▀ ▄█▄▀▀ ▄ █  █ █▄▄█▀▀▄█ ▀ ▄▄  ▀▄▀██▀ ██ █▄█▄▀█
█ ▀ ▀▀▄▄▄▀█ ▀█ ▄█ ██ ▄▀█▀▄▀▀▀ ▀▀▄  ▄▄ ▀▀██▀██ ██ ▄█ ▀ ▀▄ ▄█
███████▄▄▀ █ █ █ █ ▄▄ █▀██▄ ▄▄▄ ▀█ █▄  ▀▀██▄▀▀ █▀ ▄▄▄ ▀█▄██
█ ▄▄▄▄▄ ██ ▄█▄▄▄█▄█ ██▄▄██▄ █▄█ ▄ ▀▄ █▄▀█▀▄█▀▀  ▄ █▄█  ▀███
█ █   █ █▀ █ ██▄▀███ ▄ █ ▀▄ ▄    ▄▀▀▄▀▄█▄▀ ▄▄▄ ▀   ▄▄▄█▀ ██
█ █▄▄▄█ █  ▄▀▄██  ▄▄▄▀▀▀█▀ ▀▀██▀█▀▀ ▄▀ ▀▄▀▄█▄ ▄█▀▄  █▀▄▄█▀█
█▄▄▄▄▄▄▄█▄████▄█▄████▄▄▄█████████▄██▄███▄▄████▄▄▄▄▄██▄▄▄███

━━━━━━━━━━━━━━━━━━━━━━━━━━━━━━━━━━━━━━━━
Open WhatsApp > Settings > Linked Devices > Link a Device

✅ QR code image generated for web display

📱 Scan this QR code with WhatsApp:
━━━━━━━━━━━━━━━━━━━━━━━━━━━━━━━━━━━━━━━━
▄▄▄▄▄▄▄▄▄▄▄▄▄▄▄▄▄▄▄▄▄▄▄▄▄▄▄▄▄▄▄▄▄▄▄▄▄▄▄▄▄▄▄▄▄▄▄▄▄▄▄▄▄▄▄▄▄▄▄
█ ▄▄▄▄▄ █▄█▄███▀▀███ ██▄▀ ▄███▀ ███▀▀ ▄███  ▄▀ ▄ ██ ▄▄▄▄▄ █
█ █   █ █ ▄▀██▀▄██▀▀███▄▀  ███▀ ▀███ ▀▄▀ █▄▀▀▄▀▄ ██ █   █ █
█ █▄▄▄█ █▄ ▄ █▄▄▀▀█  ▀▀▀ █▀ ▄▄▄ █▀▄▀█▀   ▄██▄ ▄▀▄██ █▄▄▄█ █
█▄▄▄▄▄▄▄█▄█ ▀▄▀▄█▄█ ▀▄▀ ▀▄█ █▄█ ▀ ▀ █ █▄█▄▀▄█ █ █ █▄▄▄▄▄▄▄█
█  ▄ █▀▄█▄▄ █▀▀▀█▄▀█ ▄  ▀▀█  ▄   █ ▄▀▀▀█▄▄▄▀█▀▄█   █▀ ▄ ▀ █
█▀ ▄▄▄▀▄  ▀ ██ ▀▄▀ ██ ▄▄▄▀██▄▀ ▀▀ █▄▄▀▄▄ ▀▄ ▀▄ ▀ █ ▄█  ▄▄ █
█▀▄██▄ ▄ █▄█▀▀▄ ▀██▄  █▄ █▀▄▀██▀▄█ █    █▀█▄ ▀▀▄▄▄▀ ▀█▀ ▄▀█
█▄▀▀ ▀▀▄█ ▀ ▄ ██▀█▄▀ █▀  ▄▀█▀████ ▄▄▀██ ▄█▄▀   ▄▄▄▀███ ▀█▀█
█ ▄█▀ ▄▄ ▄▀  █▄ ▀▀▀▀▄▄▄█ ██▀▄▄ ▄▄▄▄ ▄▀▄█ █▀█ ▄ ▀ █▄▄▄▀█▀▀ █
█▄▄▄▄█ ▄▀█▀▀▄█▀▀█▄█ █▀▄ █ █ █ ▄ █▄▀▄▄▀▀███▀ █▄   █ █ ▄▄█ ▀█
███ ▀▄▀▄▀▀█▄▀  ██  ███▄ ▀█▀ ▄   ▀▀ ██▀█▄ ▄  ▀██▄▄  ▄ ▄▄▄▀▀█
█▀▀▄ ▄▀▄█ █▄█▀▀ ▀▄█▀ ▄ ▀  █▀ ▀▀  █ ▄██ ▀▄▀ ▀  █ ██ ▀▀  ██ █
█▄▄█▄▄▀▄▄  ▄ ▄▄█ █ ▄█ ▀██▄█▀▀█▀█▄▄▄█▄▄ ▀█▀ █ █▀▄ █▀▀▀▀ ▄▄▄█
█ ▀█  ▄▄▄ ███ ▀ ██▄▄▀▀█▄█ █ ▄▄▄ █▄ █ ▀██▀ ▄ █▄▀▀▄ ▄▄▄ ▀▀███
█ █ ▀ █▄█  ▀ ▄▄█  █▄██▀▀ ██ █▄█  ▄▀▀██▄▄ █ ▄ ▄▀ ▄ █▄█ ▄▄▄ █
███ ▀ ▄▄ ▄██▀█▀▄ █▀ ██ ▀▀ ▀▄▄ ▄ ▄█ ▀    ▄▀▀▀█ ▄ ▀ ▄▄ ▄▄▄▀██
█ ▀██ ▀▄██  ▀▄█▄ █ ▀▀█ ▄▀ █▀ █▀▀█▀ ▄ █ █ ▄▀ █▀▄▄▀▀ ▀█▄  ▄██
██▀▄ ▀ ▄ ▄▀▄▀  ▀▄▄▄█▄▀▀ █▄█▀█▀ █▀ █  █▀█▄▀█ ▄█ ▀▄▀ ▄▄▀ ▄▄▄█
█▀ █▀▀▀▄▀▀▄█▄▄▄▀██▄▄▀███ ▄████▀▄▄▀▀█▄   ██▄█▄▀ ▄█▀▄▀▀▄  ███
█ █ ▄▀▄▄▄▄██▀██▀ ▄▄█  ▄ ▄▀█▄ ▄ █▀█ ▄▀█▄█ █ ▀█▀▀ █▄██▀██ █▄█
█▀▀█▀▄▀▄▄█▀▀▀▄ ▄  ██ █▄█ █▀ ▄ ▄▀█▄▄▀ █▄▄ █ ▄█ █  ▀█ ▀▀█ █ █
█▀  ▄▀ ▄█▀ ▀▀  █▀▄█▄  █ ▄▄█████ ▀▀ ███▄▀▄█▄█ ▄▀ ██▄▀▄▄██ ▀█
█▀█ ▄ █▄▄▀█▀▀▀  █▄▀▀ ▄ █  ▄██▄▄█▀▀██ ▀▀▄▄  ▀▄▀▄▄▀█▄▄████▄▀█
█ ▀ ▀▀▄▄▄▄█ ▀█ ▄█ ▀▀ ▄█ ▀▄▀█▀ ▀▀▄ ▀█  ▄███ █▀ ▄▄▄  ▄▀▀██ ▄█
███████▄▄  █ █ █ ▄ ▄█ ▀▀▄█▄ ▄▄▄ ▀█ █  ▀▀▀█▄█▄█▀█▀ ▄▄▄  █ ▀█
█ ▄▄▄▄▄ ██ ▄█▄▄▄▄▀█  ▄▄▄▄▀▄ █▄█   ▀▄█▄█▀▀███ ▀    █▄█  ▀█▀█
█ █   █ █▀ █ ██▄▀███ ▄ █ ▀▄  ▄   ▄▀▀▀█▄█ ▀ ▄▄▄ ▀   ▄▄ █▀▀██
█ █▄▄▄█ █ ▄▀▀▄█▄  ▄▄▄▀▀▀█▀ ▀▄██▀▄ ▀ █  ▀█ ▄██ ▄█▀▄  ██▄▄█▀█
█▄▄▄▄▄▄▄█▄█▄█▄▄█▄████▄▄▄████▄▄███▄██▄███▄▄████▄▄▄▄▄███▄▄███

━━━━━━━━━━━━━━━━━━━━━━━━━━━━━━━━━━━━━━━━
Open WhatsApp > Settings > Linked Devices > Link a Device

✅ QR code image generated for web display

📱 Scan this QR code with WhatsApp:
━━━━━━━━━━━━━━━━━━━━━━━━━━━━━━━━━━━━━━━━
▄▄▄▄▄▄▄▄▄▄▄▄▄▄▄▄▄▄▄▄▄▄▄▄▄▄▄▄▄▄▄▄▄▄▄▄▄▄▄▄▄▄▄▄▄▄▄▄▄▄▄▄▄▄▄▄▄▄▄
█ ▄▄▄▄▄ █▀▀▄▀▀██▀▀   █ █  ▄▀▀██▄█▀▀▀▄█ ▀▀▀ ▄█▀▄▄ ██ ▄▄▄▄▄ █
█ █   █ █▀█ ▀  ▄██▀ ██▄█  ▀█▄▄▀▀ █▄▄  █▀██▄ ▀█ ▄ ██ █   █ █
█ █▄▄▄█ █▀▀▄▄█ █▄█▄█▄ ▄█▀ █ ▄▄▄ ▄ ▀█▀█▄▀ █▄ █▄▀▀▄██ █▄▄▄█ █
█▄▄▄▄▄▄▄█▄▀ ▀ ▀ ▀▄▀▄▀ █ █ █ █▄█ ▀▄█ ▀▄█ ▀▄█ █▄▀ ▀▄█▄▄▄▄▄▄▄█
█  ▄  █▄▄▄▄▀▀  ▀▄█▀▄▀▄▀▀▀  ▄ ▄  ▀█▀█▀  ███▄ ▄▀█▄▀▀ █ ▀▄▀ ▀█
█▄▄█▀▀ ▄▀██▄▄█▄ ▀█▀ ▀▀▀ █▄ ██▀▀▄█▀ ▄█▄▄███████▀▀▀▀██▄ ▀▀ ▀█
██▄█▀▄▄▄█▄▄▀██▄▄██▀  ▄▀▄▄▀   █▀█▄▀ ▄▄▄ ▄▀▀▀▀ ██▄█▀▀▄█▀█▄▄██
██▀█  ▀▄█  ▀▄▀▄█ ▄▀ ▀█▀█ █ █▀▄▀ ▄  ▄█▄█▀▀▄▄▄▀ ▀███ █▄█  ▄▀█
█▀█ ▀▄█▄▄█▄▄▀  ▀█▄▄ ▀▄██▄▀▀ ▀ ▀▀ █▀▄  ▀▄▀█▀▀▀██▄▀  █▀█▄████
█▀▄█▄█ ▄▀▀█▀ ▀▀██▀▀▄██    █▄▀ ▀▄█ █▄▄▄▀▀█▀███▄█ ▄▀▄▀▄▄ ▀ ██
█▀   █▄▄ ▀▄██▄▀█▄▀ ▄▄██▀▀▄  █▀ ▀█▀▀▄ ▄▄▄▄█ ▀▄▀▄█▄▀▀█▀█▄█▀ █
█▄███▀▄▄██▀██▀█▄▄ ▄▄▄███▀█▀ ██ ████ ▄▀▄  ▄▀▄█▀ ▄▄ ▄▀▄ ▀ ▀▀█
█ ▄▀ █ ▄ ▄▄ ▄▄▄▄▄█▄ █▄██▀ █▀███▀▄  █   █▀▀▄▀ ▀█▄▄▀▀██▀▄ ▄ █
█▀ █▀ ▄▄▄  █▄▀  ▄▄▄█ ▀▄██▀▀ ▄▄▄ ▄▄█    ▀ ▀▄▀▄▄▄▄▄ ▄▄▄ ▀ ▄██
██▀██ █▄█ ▄▄▀▀█▄█▄▄▀▀▄▄█▀ ▀ █▄█ ▄█▀▄▄ ▄▄█▀▄ ▄██▄▀ █▄█ ▄▀ ▀█
█▄ █▄▄ ▄  ▀██▀▀ ▄█▄▄█▀ ▀█▄▀▄   ▄▄▀█     ▄▀ ██ ▀██▄ ▄ ▄▄ ▀▀█
█▀█▀▄▀▀▄  ▀▀▀█▄▄▄█▀▄ ▄▄▀▄▀▄▀▄▄▀ ▄▀▀█▄  ██▀ ▀ █▄▄█▀▀▀██ ▀▀██
█ ▄▀▀█▀▄▀▀▄  █▄ █▄█ ▄▄▄▄█▄▀  ▄▀ ██ ▄██▄▄█▄█▄▀ ▄█▄▄▄█▄▀▀▀ ▀█
█▀▀▀█▀█▄▀█ █▄ ▄█▀█  ▀▀▀█▄ █▀▀█▄█ ▀██▄  ▄▀▀ ▀██▄▄▀█▄██▄▄▄█▀█
█▀▄ █ ▄▄█▄██▀▀█▄▀█▄▄▀ █▀▄ ▄▄▀█ ▄▀█▀█ ▄██ █  █  ▀██▄█ ▄█▀▄▄█
█▄█▄▄▄▄▄ ▄█  ██▀█▄▄ ▄▄▀▀▀ █▀▀▄█▄▀█▀█▀  ██▀▀▀▀▀ ▄▀▄▀▄▄█▄█▀▀█
██ ▄  █▄██▄  ▀█▄█▄▀  ▄▀   █▀▀█▀▄▀█▄█▀▀ █ █▄▀  █▄█▄▄█ ▄▄  ██
█ ▄ ▄▄▄▄▄▄▀█▀ ▄ ▄█▀ ▀▄▀▄ ▀█ ▄█▄▄ ▀▀█   ██▀▄▀█▀▄▄█▀▀██▄▄██▀█
█ ▀ ▀▀▄▄██ ▄  ▄█ ▄█▀▄█▄▀ ▀█▄▄▄ ▄ ▀█ ▀█▄▀ ▀▄█▀█ ▀ ▄ ▀ █  ▄██
███████▄▄ ▄█▄▀ ▀▄▄▄▄ ▄█▀▄▀▄ ▄▄▄ ▀▀▄█▀ ██▄▀ ▀▄▀▄██ ▄▄▄ ▄▀ ▀█
█ ▄▄▄▄▄ █▄▀████▄ ▀█▀ ▄███▄█ █▄█ ▀▄ █▄▄▄  ▄█▄▄▀ ▀█ █▄█   ███
█ █   █ █ █▀▀ ▀█▄▀▄ ▄██▀▀▄     ▄ █▄█ ▄ ▄▀█▀▀▄▀██ ▄▄▄  ▄▄▄▄█
█ █▄▄▄█ █ ▀▀█▄▀ ▄   ▄██▀▀█ ██▀▀████  ▄ █ ▀ ▀██ ██  ▄▀█  ███
█▄▄▄▄▄▄▄█▄▄▄██▄██▄█▄▄▄███▄▄█▄██▄▄▄▄▄▄▄▄████▄▄███▄███▄▄▄█▄██

━━━━━━━━━━━━━━━━━━━━━━━━━━━━━━━━━━━━━━━━
Open WhatsApp > Settings > Linked Devices > Link a Device

✅ QR code image generated for web display
🔐 WhatsApp authenticated!
🔐 WhatsApp authenticated!
🔐 WhatsApp authenticated!
✅ WhatsApp Client is ready!
📱 Connected and ready to send messages!

📩 Message received: 917026152227@c.us
📩 Message received: 
📩 Message received: 
📩 Message received: 
📱 Sending message to: 919876543210@c.us
📩 Message received: 
✅ Message sent successfully to 919876543210
